#
# A fatal error has been detected by the Java Runtime Environment:
#
#  EXCEPTION_ACCESS_VIOLATION (0xc0000005) at pc=0x000000006fc2fb2e, pid=9752, tid=9340
#
# JRE version: Java(TM) SE Runtime Environment (9.0+11) (build 9.0.4+11)
# Java VM: Java HotSpot(TM) 64-Bit Server VM (9.0.4+11, mixed mode, tiered, compressed oops, g1 gc, windows-amd64)
# Problematic frame:
# V  [jvm.dll+0x38fb2e]
#
# No core dump will be written. Minidumps are not enabled by default on client versions of Windows
#
# If you would like to submit a bug report, please visit:
#   http://bugreport.java.com/bugreport/crash.jsp
#

---------------  S U M M A R Y ------------

Command Line: -Dfile.encoding=UTF-8 cmc.data.view.Program

Host: Intel(R) Core(TM) i5-7200U CPU @ 2.50GHz, 4 cores, 7G,  Windows 10 , 64 bit Build 15063 (10.0.15063.0)
Time: Wed Mar 07 08:29:51 2018 SE Asia Standard Time elapsed time: 0 seconds (0d 0h 0m 0s)

---------------  T H R E A D  ---------------

Current thread (0x0000015f5854a000):  JavaThread "main" [_thread_in_vm, id=9340, stack(0x0000000c9ac00000,0x0000000c9ad00000)]

Stack: [0x0000000c9ac00000,0x0000000c9ad00000],  sp=0x0000000c9acfe280,  free space=1016k
Native frames: (J=compiled Java code, j=interpreted, Vv=VM code, C=native code)
V  [jvm.dll+0x38fb2e]
C  [sqljdbc_auth.dll+0x6777]
C  0x0000015f60a3921c

Java frames: (J=compiled Java code, j=interpreted, Vv=VM code)
j  com.microsoft.sqlserver.jdbc.AuthenticationJNI.SNISecGenClientContext([B[I[BI[B[I[ZLjava/lang/String;Ljava/lang/String;Ljava/lang/String;Ljava/util/logging/Logger;)I+0
j  com.microsoft.sqlserver.jdbc.AuthenticationJNI.GenerateClientContext([BI[B[I[Z)I+24
j  com.microsoft.sqlserver.jdbc.SQLServerConnection.SSPIData([B[B[I[ZLcom/microsoft/sqlserver/jdbc/AuthenticationJNI;)V+13
j  com.microsoft.sqlserver.jdbc.SQLServerConnection.sendLogon(Lcom/microsoft/sqlserver/jdbc/SQLServerConnection$LogonCommand;Lcom/microsoft/sqlserver/jdbc/AuthenticationJNI;)V+155
j  com.microsoft.sqlserver.jdbc.SQLServerConnection.logon(Lcom/microsoft/sqlserver/jdbc/SQLServerConnection$LogonCommand;)V+20
j  com.microsoft.sqlserver.jdbc.SQLServerConnection.access$000(Lcom/microsoft/sqlserver/jdbc/SQLServerConnection;Lcom/microsoft/sqlserver/jdbc/SQLServerConnection$LogonCommand;)V+2
j  com.microsoft.sqlserver.jdbc.SQLServerConnection$LogonCommand.doExecute()Z+5
j  com.microsoft.sqlserver.jdbc.TDSCommand.execute(Lcom/microsoft/sqlserver/jdbc/TDSWriter;Lcom/microsoft/sqlserver/jdbc/TDSReader;)Z+30
j  com.microsoft.sqlserver.jdbc.SQLServerConnection.executeCommand(Lcom/microsoft/sqlserver/jdbc/TDSCommand;)Z+45
j  com.microsoft.sqlserver.jdbc.SQLServerConnection.connectHelper(Lcom/microsoft/sqlserver/jdbc/ServerPortPlaceHolder;II)V+284
j  com.microsoft.sqlserver.jdbc.SQLServerConnection.login(Ljava/lang/String;Ljava/lang/String;ILjava/lang/String;Lcom/microsoft/sqlserver/jdbc/FailoverInfo;IJ)V+399
j  com.microsoft.sqlserver.jdbc.SQLServerConnection.connect(Ljava/util/Properties;Lcom/microsoft/sqlserver/jdbc/SQLServerPooledConnection;)Ljava/sql/Connection;+1929
j  com.microsoft.sqlserver.jdbc.SQLServerDriver.connect(Ljava/lang/String;Ljava/util/Properties;)Ljava/sql/Connection;+45
j  java.sql.DriverManager.getConnection(Ljava/lang/String;Ljava/util/Properties;Ljava/lang/Class;)Ljava/sql/Connection;+124 java.sql@9.0.4
j  java.sql.DriverManager.getConnection(Ljava/lang/String;Ljava/lang/String;Ljava/lang/String;)Ljava/sql/Connection;+37 java.sql@9.0.4
j  cmc.data.sqlserver.ConnectDB.Connect()Ljava/sql/Connection;+12
j  cmc.data.dao.StudentDAO.getList(Ljava/lang/String;)Ljava/util/List;+0
j  cmc.data.business.StudentBUS.getAllStudent()Ljava/util/List;+19
j  cmc.data.view.Program.main([Ljava/lang/String;)V+25
v  ~StubRoutines::call_stub

siginfo: EXCEPTION_ACCESS_VIOLATION (0xc0000005), reading address 0x0000000000015f70


Register to memory mapping:

RIP=0x000000006fc2fb2e jvm.dll
RAX=0x0000000000000000 is an unknown value
RBX=0x0000015f5854a000 is a thread
RCX=0x0000000000000a00 is an unknown value
RDX=0x0000000000015f70 is an unknown value
RSP=0x0000000c9acfe280 is pointing into the stack for thread: 0x0000015f5854a000
RBP=0x0000000c9acfe3d0 is pointing into the stack for thread: 0x0000015f5854a000
RSI=0x0000015f5854a218 is an unknown value
RDI=0x0000000000015f70 is an unknown value
R8 =0x0000000000000001 is an unknown value
R9 =0x8101010101010100 is an unknown value
R10=0x78f0fef8fcfefef8 is an unknown value
R11=0x0000000088e3e250 is pointing into object: 0x0000000088e3e240
[B 
{0x0000000088e3e240} - klass: {type array byte}
 - length: 47
R12=0x0000000c9acfe610 is pointing into the stack for thread: 0x0000015f5854a000
R13=0x0000000000000000 is an unknown value
R14=0x0000000c9acfe608 is pointing into the stack for thread: 0x0000015f5854a000
R15=0x0000000000000000 is an unknown value


Registers:
RAX=0x0000000000000000, RBX=0x0000015f5854a000, RCX=0x0000000000000a00, RDX=0x0000000000015f70
RSP=0x0000000c9acfe280, RBP=0x0000000c9acfe3d0, RSI=0x0000015f5854a218, RDI=0x0000000000015f70
R8 =0x0000000000000001, R9 =0x8101010101010100, R10=0x78f0fef8fcfefef8, R11=0x0000000088e3e250
R12=0x0000000c9acfe610, R13=0x0000000000000000, R14=0x0000000c9acfe608, R15=0x0000000000000000
RIP=0x000000006fc2fb2e, EFLAGS=0x0000000000010246

Top of Stack: (sp=0x0000000c9acfe280)
0x0000000c9acfe280:   0000000000000000 0000015f5854a000
0x0000000c9acfe290:   00007fff2ca5d110 0000000000000000
0x0000000c9acfe2a0:   0000015f5854a000 0000000000000000
0x0000000c9acfe2b0:   0000000000000000 0000000000000000
0x0000000c9acfe2c0:   0000015f77e071e0 00007fff2ca36777
0x0000000c9acfe2d0:   0000015f5854a218 0000000c9acfe3d0
0x0000000c9acfe2e0:   0000000000015f70 0000015f60a975f7
0x0000000c9acfe2f0:   0000015f60a97900 0000000000000000
0x0000000c9acfe300:   0000000000000000 0000000000000000
0x0000000c9acfe310:   0000015f60a97500 0000015f01000000
0x0000000c9acfe320:   0000000c9acfe280 0000000000000000
0x0000000c9acfe330:   0000000000000000 0000000000000000
0x0000000c9acfe340:   0000000000000000 0000000000000000
0x0000000c9acfe350:   0000000000000000 0000000000000000
0x0000000c9acfe360:   0000000c9acfe5d8 0000000000000000
0x0000000c9acfe370:   0000000c9acfe5f0 0000000c9acfe5e8 

Instructions: (pc=0x000000006fc2fb2e)
0x000000006fc2fb0e:   00 00 00 00 74 0a 48 8d 4c 24 20 e8 e2 91 22 00
0x000000006fc2fb1e:   40 f6 c7 01 74 0a 48 8b cf e8 b4 33 02 00 eb 03
0x000000006fc2fb2e:   48 8b 07 80 3d dd 7e 5c 00 00 74 15 8b 50 08 8b
0x000000006fc2fb3e:   0d 85 b6 57 00 48 d3 e2 48 03 15 73 b6 57 00 eb 



---------------  P R O C E S S  ---------------

Java Threads: ( => current thread )
  0x0000015f7818f000 JavaThread "Service Thread" daemon [_thread_blocked, id=5880, stack(0x0000000c9c300000,0x0000000c9c400000)]
  0x0000015f77f32800 JavaThread "Common-Cleaner" daemon [_thread_blocked, id=9312, stack(0x0000000c9c200000,0x0000000c9c300000)]
  0x0000015f77ecc000 JavaThread "Sweeper thread" daemon [_thread_blocked, id=8948, stack(0x0000000c9c100000,0x0000000c9c200000)]
  0x0000015f77e77000 JavaThread "C1 CompilerThread2" daemon [_thread_blocked, id=8608, stack(0x0000000c9c000000,0x0000000c9c100000)]
  0x0000015f77e5a000 JavaThread "C2 CompilerThread1" daemon [_thread_blocked, id=4664, stack(0x0000000c9bf00000,0x0000000c9c000000)]
  0x0000015f77e53000 JavaThread "C2 CompilerThread0" daemon [_thread_blocked, id=3764, stack(0x0000000c9be00000,0x0000000c9bf00000)]
  0x0000015f77e4a000 JavaThread "Attach Listener" daemon [_thread_blocked, id=3616, stack(0x0000000c9bd00000,0x0000000c9be00000)]
  0x0000015f77e49000 JavaThread "Signal Dispatcher" daemon [_thread_blocked, id=8500, stack(0x0000000c9bc00000,0x0000000c9bd00000)]
  0x0000015f77e3c800 JavaThread "Finalizer" daemon [_thread_blocked, id=10212, stack(0x0000000c9ba00000,0x0000000c9bb00000)]
  0x0000015f77e32000 JavaThread "Reference Handler" daemon [_thread_blocked, id=4948, stack(0x0000000c9b900000,0x0000000c9ba00000)]
=>0x0000015f5854a000 JavaThread "main" [_thread_in_vm, id=9340, stack(0x0000000c9ac00000,0x0000000c9ad00000)]

Other Threads:
  0x0000015f77e04000 VMThread "VM Thread" [stack: 0x0000000c9b800000,0x0000000c9b900000] [id=8132]
  0x0000015f78195800 WatcherThread [stack: 0x0000000c9c400000,0x0000000c9c500000] [id=5736]
  0x0000015f58561800 GCTaskThread "GC Thread#0" [stack: 0x0000000c9ad00000,0x0000000c9ae00000] [id=1468]
  0x0000015f58563000 GCTaskThread "GC Thread#1" [stack: 0x0000000c9ae00000,0x0000000c9af00000] [id=6444]
  0x0000015f58565800 GCTaskThread "GC Thread#2" [stack: 0x0000000c9af00000,0x0000000c9b000000] [id=1316]
  0x0000015f58566800 GCTaskThread "GC Thread#3" [stack: 0x0000000c9b000000,0x0000000c9b100000] [id=11076]
  0x0000015f585de800 ConcurrentGCThread "G1 Main Marker" [stack: 0x0000000c9b600000,0x0000000c9b700000] [id=5220]
  0x0000015f585e3000 ConcurrentGCThread "G1 Marker#0" [stack: 0x0000000c9b700000,0x0000000c9b800000] [id=3212]
  0x0000015f58572800 ConcurrentGCThread "G1 Refine#0" [stack: 0x0000000c9b400000,0x0000000c9b500000] [id=10404]
  0x0000015f58570000 ConcurrentGCThread "G1 Refine#1" [stack: 0x0000000c9b300000,0x0000000c9b400000] [id=6832]
  0x0000015f5856e000 ConcurrentGCThread "G1 Refine#2" [stack: 0x0000000c9b200000,0x0000000c9b300000] [id=10852]
  0x0000015f58569800 ConcurrentGCThread "G1 Refine#3" [stack: 0x0000000c9b100000,0x0000000c9b200000] [id=4476]
  0x0000015f58574800 ConcurrentGCThread "G1 Young RemSet Sampling" [stack: 0x0000000c9b500000,0x0000000c9b600000] [id=11072]

Threads with active compile tasks:

VM state:not at safepoint (normal execution)

VM Mutex/Monitor currently owned by a thread: None

Heap address: 0x0000000081800000, size: 2024 MB, Compressed Oops mode: 32-bit
Narrow klass base: 0x0000000000000000, Narrow klass shift: 3
Compressed class space size: 1073741824 Address: 0x0000000100000000

Heap:
 garbage-first heap   total 131072K, used 9216K [0x0000000081800000, 0x0000000081900400, 0x0000000100000000)
  region size 1024K, 10 young (10240K), 0 survivors (0K)
 Metaspace       used 10956K, capacity 11250K, committed 11264K, reserved 1058816K
  class space    used 1171K, capacity 1273K, committed 1280K, reserved 1048576K
Heap Regions: E=young(eden), S=young(survivor), O=old, HS=humongous(starts), HC=humongous(continues), CS=collection set, F=free, A=archive, TS=gc time stamp, AC=allocation context, TAMS=top-at-mark-start (previous, next)
|   0|0x0000000081800000, 0x0000000081800000, 0x0000000081900000|  0%| F|  |TS  0|AC  0|TAMS 0x0000000081800000, 0x0000000081800000|
|   1|0x0000000081900000, 0x0000000081900000, 0x0000000081a00000|  0%| F|  |TS  0|AC  0|TAMS 0x0000000081900000, 0x0000000081900000|
|   2|0x0000000081a00000, 0x0000000081a00000, 0x0000000081b00000|  0%| F|  |TS  0|AC  0|TAMS 0x0000000081a00000, 0x0000000081a00000|
|   3|0x0000000081b00000, 0x0000000081b00000, 0x0000000081c00000|  0%| F|  |TS  0|AC  0|TAMS 0x0000000081b00000, 0x0000000081b00000|
|   4|0x0000000081c00000, 0x0000000081c00000, 0x0000000081d00000|  0%| F|  |TS  0|AC  0|TAMS 0x0000000081c00000, 0x0000000081c00000|
|   5|0x0000000081d00000, 0x0000000081d00000, 0x0000000081e00000|  0%| F|  |TS  0|AC  0|TAMS 0x0000000081d00000, 0x0000000081d00000|
|   6|0x0000000081e00000, 0x0000000081e00000, 0x0000000081f00000|  0%| F|  |TS  0|AC  0|TAMS 0x0000000081e00000, 0x0000000081e00000|
|   7|0x0000000081f00000, 0x0000000081f00000, 0x0000000082000000|  0%| F|  |TS  0|AC  0|TAMS 0x0000000081f00000, 0x0000000081f00000|
|   8|0x0000000082000000, 0x0000000082000000, 0x0000000082100000|  0%| F|  |TS  0|AC  0|TAMS 0x0000000082000000, 0x0000000082000000|
|   9|0x0000000082100000, 0x0000000082100000, 0x0000000082200000|  0%| F|  |TS  0|AC  0|TAMS 0x0000000082100000, 0x0000000082100000|
|  10|0x0000000082200000, 0x0000000082200000, 0x0000000082300000|  0%| F|  |TS  0|AC  0|TAMS 0x0000000082200000, 0x0000000082200000|
|  11|0x0000000082300000, 0x0000000082300000, 0x0000000082400000|  0%| F|  |TS  0|AC  0|TAMS 0x0000000082300000, 0x0000000082300000|
|  12|0x0000000082400000, 0x0000000082400000, 0x0000000082500000|  0%| F|  |TS  0|AC  0|TAMS 0x0000000082400000, 0x0000000082400000|
|  13|0x0000000082500000, 0x0000000082500000, 0x0000000082600000|  0%| F|  |TS  0|AC  0|TAMS 0x0000000082500000, 0x0000000082500000|
|  14|0x0000000082600000, 0x0000000082600000, 0x0000000082700000|  0%| F|  |TS  0|AC  0|TAMS 0x0000000082600000, 0x0000000082600000|
|  15|0x0000000082700000, 0x0000000082700000, 0x0000000082800000|  0%| F|  |TS  0|AC  0|TAMS 0x0000000082700000, 0x0000000082700000|
|  16|0x0000000082800000, 0x0000000082800000, 0x0000000082900000|  0%| F|  |TS  0|AC  0|TAMS 0x0000000082800000, 0x0000000082800000|
|  17|0x0000000082900000, 0x0000000082900000, 0x0000000082a00000|  0%| F|  |TS  0|AC  0|TAMS 0x0000000082900000, 0x0000000082900000|
|  18|0x0000000082a00000, 0x0000000082a00000, 0x0000000082b00000|  0%| F|  |TS  0|AC  0|TAMS 0x0000000082a00000, 0x0000000082a00000|
|  19|0x0000000082b00000, 0x0000000082b00000, 0x0000000082c00000|  0%| F|  |TS  0|AC  0|TAMS 0x0000000082b00000, 0x0000000082b00000|
|  20|0x0000000082c00000, 0x0000000082c00000, 0x0000000082d00000|  0%| F|  |TS  0|AC  0|TAMS 0x0000000082c00000, 0x0000000082c00000|
|  21|0x0000000082d00000, 0x0000000082d00000, 0x0000000082e00000|  0%| F|  |TS  0|AC  0|TAMS 0x0000000082d00000, 0x0000000082d00000|
|  22|0x0000000082e00000, 0x0000000082e00000, 0x0000000082f00000|  0%| F|  |TS  0|AC  0|TAMS 0x0000000082e00000, 0x0000000082e00000|
|  23|0x0000000082f00000, 0x0000000082f00000, 0x0000000083000000|  0%| F|  |TS  0|AC  0|TAMS 0x0000000082f00000, 0x0000000082f00000|
|  24|0x0000000083000000, 0x0000000083000000, 0x0000000083100000|  0%| F|  |TS  0|AC  0|TAMS 0x0000000083000000, 0x0000000083000000|
|  25|0x0000000083100000, 0x0000000083100000, 0x0000000083200000|  0%| F|  |TS  0|AC  0|TAMS 0x0000000083100000, 0x0000000083100000|
|  26|0x0000000083200000, 0x0000000083200000, 0x0000000083300000|  0%| F|  |TS  0|AC  0|TAMS 0x0000000083200000, 0x0000000083200000|
|  27|0x0000000083300000, 0x0000000083300000, 0x0000000083400000|  0%| F|  |TS  0|AC  0|TAMS 0x0000000083300000, 0x0000000083300000|
|  28|0x0000000083400000, 0x0000000083400000, 0x0000000083500000|  0%| F|  |TS  0|AC  0|TAMS 0x0000000083400000, 0x0000000083400000|
|  29|0x0000000083500000, 0x0000000083500000, 0x0000000083600000|  0%| F|  |TS  0|AC  0|TAMS 0x0000000083500000, 0x0000000083500000|
|  30|0x0000000083600000, 0x0000000083600000, 0x0000000083700000|  0%| F|  |TS  0|AC  0|TAMS 0x0000000083600000, 0x0000000083600000|
|  31|0x0000000083700000, 0x0000000083700000, 0x0000000083800000|  0%| F|  |TS  0|AC  0|TAMS 0x0000000083700000, 0x0000000083700000|
|  32|0x0000000083800000, 0x0000000083800000, 0x0000000083900000|  0%| F|  |TS  0|AC  0|TAMS 0x0000000083800000, 0x0000000083800000|
|  33|0x0000000083900000, 0x0000000083900000, 0x0000000083a00000|  0%| F|  |TS  0|AC  0|TAMS 0x0000000083900000, 0x0000000083900000|
|  34|0x0000000083a00000, 0x0000000083a00000, 0x0000000083b00000|  0%| F|  |TS  0|AC  0|TAMS 0x0000000083a00000, 0x0000000083a00000|
|  35|0x0000000083b00000, 0x0000000083b00000, 0x0000000083c00000|  0%| F|  |TS  0|AC  0|TAMS 0x0000000083b00000, 0x0000000083b00000|
|  36|0x0000000083c00000, 0x0000000083c00000, 0x0000000083d00000|  0%| F|  |TS  0|AC  0|TAMS 0x0000000083c00000, 0x0000000083c00000|
|  37|0x0000000083d00000, 0x0000000083d00000, 0x0000000083e00000|  0%| F|  |TS  0|AC  0|TAMS 0x0000000083d00000, 0x0000000083d00000|
|  38|0x0000000083e00000, 0x0000000083e00000, 0x0000000083f00000|  0%| F|  |TS  0|AC  0|TAMS 0x0000000083e00000, 0x0000000083e00000|
|  39|0x0000000083f00000, 0x0000000083f00000, 0x0000000084000000|  0%| F|  |TS  0|AC  0|TAMS 0x0000000083f00000, 0x0000000083f00000|
|  40|0x0000000084000000, 0x0000000084000000, 0x0000000084100000|  0%| F|  |TS  0|AC  0|TAMS 0x0000000084000000, 0x0000000084000000|
|  41|0x0000000084100000, 0x0000000084100000, 0x0000000084200000|  0%| F|  |TS  0|AC  0|TAMS 0x0000000084100000, 0x0000000084100000|
|  42|0x0000000084200000, 0x0000000084200000, 0x0000000084300000|  0%| F|  |TS  0|AC  0|TAMS 0x0000000084200000, 0x0000000084200000|
|  43|0x0000000084300000, 0x0000000084300000, 0x0000000084400000|  0%| F|  |TS  0|AC  0|TAMS 0x0000000084300000, 0x0000000084300000|
|  44|0x0000000084400000, 0x0000000084400000, 0x0000000084500000|  0%| F|  |TS  0|AC  0|TAMS 0x0000000084400000, 0x0000000084400000|
|  45|0x0000000084500000, 0x0000000084500000, 0x0000000084600000|  0%| F|  |TS  0|AC  0|TAMS 0x0000000084500000, 0x0000000084500000|
|  46|0x0000000084600000, 0x0000000084600000, 0x0000000084700000|  0%| F|  |TS  0|AC  0|TAMS 0x0000000084600000, 0x0000000084600000|
|  47|0x0000000084700000, 0x0000000084700000, 0x0000000084800000|  0%| F|  |TS  0|AC  0|TAMS 0x0000000084700000, 0x0000000084700000|
|  48|0x0000000084800000, 0x0000000084800000, 0x0000000084900000|  0%| F|  |TS  0|AC  0|TAMS 0x0000000084800000, 0x0000000084800000|
|  49|0x0000000084900000, 0x0000000084900000, 0x0000000084a00000|  0%| F|  |TS  0|AC  0|TAMS 0x0000000084900000, 0x0000000084900000|
|  50|0x0000000084a00000, 0x0000000084a00000, 0x0000000084b00000|  0%| F|  |TS  0|AC  0|TAMS 0x0000000084a00000, 0x0000000084a00000|
|  51|0x0000000084b00000, 0x0000000084b00000, 0x0000000084c00000|  0%| F|  |TS  0|AC  0|TAMS 0x0000000084b00000, 0x0000000084b00000|
|  52|0x0000000084c00000, 0x0000000084c00000, 0x0000000084d00000|  0%| F|  |TS  0|AC  0|TAMS 0x0000000084c00000, 0x0000000084c00000|
|  53|0x0000000084d00000, 0x0000000084d00000, 0x0000000084e00000|  0%| F|  |TS  0|AC  0|TAMS 0x0000000084d00000, 0x0000000084d00000|
|  54|0x0000000084e00000, 0x0000000084e00000, 0x0000000084f00000|  0%| F|  |TS  0|AC  0|TAMS 0x0000000084e00000, 0x0000000084e00000|
|  55|0x0000000084f00000, 0x0000000084f00000, 0x0000000085000000|  0%| F|  |TS  0|AC  0|TAMS 0x0000000084f00000, 0x0000000084f00000|
|  56|0x0000000085000000, 0x0000000085000000, 0x0000000085100000|  0%| F|  |TS  0|AC  0|TAMS 0x0000000085000000, 0x0000000085000000|
|  57|0x0000000085100000, 0x0000000085100000, 0x0000000085200000|  0%| F|  |TS  0|AC  0|TAMS 0x0000000085100000, 0x0000000085100000|
|  58|0x0000000085200000, 0x0000000085200000, 0x0000000085300000|  0%| F|  |TS  0|AC  0|TAMS 0x0000000085200000, 0x0000000085200000|
|  59|0x0000000085300000, 0x0000000085300000, 0x0000000085400000|  0%| F|  |TS  0|AC  0|TAMS 0x0000000085300000, 0x0000000085300000|
|  60|0x0000000085400000, 0x0000000085400000, 0x0000000085500000|  0%| F|  |TS  0|AC  0|TAMS 0x0000000085400000, 0x0000000085400000|
|  61|0x0000000085500000, 0x0000000085500000, 0x0000000085600000|  0%| F|  |TS  0|AC  0|TAMS 0x0000000085500000, 0x0000000085500000|
|  62|0x0000000085600000, 0x0000000085600000, 0x0000000085700000|  0%| F|  |TS  0|AC  0|TAMS 0x0000000085600000, 0x0000000085600000|
|  63|0x0000000085700000, 0x0000000085700000, 0x0000000085800000|  0%| F|  |TS  0|AC  0|TAMS 0x0000000085700000, 0x0000000085700000|
|  64|0x0000000085800000, 0x0000000085800000, 0x0000000085900000|  0%| F|  |TS  0|AC  0|TAMS 0x0000000085800000, 0x0000000085800000|
|  65|0x0000000085900000, 0x0000000085900000, 0x0000000085a00000|  0%| F|  |TS  0|AC  0|TAMS 0x0000000085900000, 0x0000000085900000|
|  66|0x0000000085a00000, 0x0000000085a00000, 0x0000000085b00000|  0%| F|  |TS  0|AC  0|TAMS 0x0000000085a00000, 0x0000000085a00000|
|  67|0x0000000085b00000, 0x0000000085b00000, 0x0000000085c00000|  0%| F|  |TS  0|AC  0|TAMS 0x0000000085b00000, 0x0000000085b00000|
|  68|0x0000000085c00000, 0x0000000085c00000, 0x0000000085d00000|  0%| F|  |TS  0|AC  0|TAMS 0x0000000085c00000, 0x0000000085c00000|
|  69|0x0000000085d00000, 0x0000000085d00000, 0x0000000085e00000|  0%| F|  |TS  0|AC  0|TAMS 0x0000000085d00000, 0x0000000085d00000|
|  70|0x0000000085e00000, 0x0000000085e00000, 0x0000000085f00000|  0%| F|  |TS  0|AC  0|TAMS 0x0000000085e00000, 0x0000000085e00000|
|  71|0x0000000085f00000, 0x0000000085f00000, 0x0000000086000000|  0%| F|  |TS  0|AC  0|TAMS 0x0000000085f00000, 0x0000000085f00000|
|  72|0x0000000086000000, 0x0000000086000000, 0x0000000086100000|  0%| F|  |TS  0|AC  0|TAMS 0x0000000086000000, 0x0000000086000000|
|  73|0x0000000086100000, 0x0000000086100000, 0x0000000086200000|  0%| F|  |TS  0|AC  0|TAMS 0x0000000086100000, 0x0000000086100000|
|  74|0x0000000086200000, 0x0000000086200000, 0x0000000086300000|  0%| F|  |TS  0|AC  0|TAMS 0x0000000086200000, 0x0000000086200000|
|  75|0x0000000086300000, 0x0000000086300000, 0x0000000086400000|  0%| F|  |TS  0|AC  0|TAMS 0x0000000086300000, 0x0000000086300000|
|  76|0x0000000086400000, 0x0000000086400000, 0x0000000086500000|  0%| F|  |TS  0|AC  0|TAMS 0x0000000086400000, 0x0000000086400000|
|  77|0x0000000086500000, 0x0000000086500000, 0x0000000086600000|  0%| F|  |TS  0|AC  0|TAMS 0x0000000086500000, 0x0000000086500000|
|  78|0x0000000086600000, 0x0000000086600000, 0x0000000086700000|  0%| F|  |TS  0|AC  0|TAMS 0x0000000086600000, 0x0000000086600000|
|  79|0x0000000086700000, 0x0000000086700000, 0x0000000086800000|  0%| F|  |TS  0|AC  0|TAMS 0x0000000086700000, 0x0000000086700000|
|  80|0x0000000086800000, 0x0000000086800000, 0x0000000086900000|  0%| F|  |TS  0|AC  0|TAMS 0x0000000086800000, 0x0000000086800000|
|  81|0x0000000086900000, 0x0000000086900000, 0x0000000086a00000|  0%| F|  |TS  0|AC  0|TAMS 0x0000000086900000, 0x0000000086900000|
|  82|0x0000000086a00000, 0x0000000086a00000, 0x0000000086b00000|  0%| F|  |TS  0|AC  0|TAMS 0x0000000086a00000, 0x0000000086a00000|
|  83|0x0000000086b00000, 0x0000000086b00000, 0x0000000086c00000|  0%| F|  |TS  0|AC  0|TAMS 0x0000000086b00000, 0x0000000086b00000|
|  84|0x0000000086c00000, 0x0000000086c00000, 0x0000000086d00000|  0%| F|  |TS  0|AC  0|TAMS 0x0000000086c00000, 0x0000000086c00000|
|  85|0x0000000086d00000, 0x0000000086d00000, 0x0000000086e00000|  0%| F|  |TS  0|AC  0|TAMS 0x0000000086d00000, 0x0000000086d00000|
|  86|0x0000000086e00000, 0x0000000086e00000, 0x0000000086f00000|  0%| F|  |TS  0|AC  0|TAMS 0x0000000086e00000, 0x0000000086e00000|
|  87|0x0000000086f00000, 0x0000000086f00000, 0x0000000087000000|  0%| F|  |TS  0|AC  0|TAMS 0x0000000086f00000, 0x0000000086f00000|
|  88|0x0000000087000000, 0x0000000087000000, 0x0000000087100000|  0%| F|  |TS  0|AC  0|TAMS 0x0000000087000000, 0x0000000087000000|
|  89|0x0000000087100000, 0x0000000087100000, 0x0000000087200000|  0%| F|  |TS  0|AC  0|TAMS 0x0000000087100000, 0x0000000087100000|
|  90|0x0000000087200000, 0x0000000087200000, 0x0000000087300000|  0%| F|  |TS  0|AC  0|TAMS 0x0000000087200000, 0x0000000087200000|
|  91|0x0000000087300000, 0x0000000087300000, 0x0000000087400000|  0%| F|  |TS  0|AC  0|TAMS 0x0000000087300000, 0x0000000087300000|
|  92|0x0000000087400000, 0x0000000087400000, 0x0000000087500000|  0%| F|  |TS  0|AC  0|TAMS 0x0000000087400000, 0x0000000087400000|
|  93|0x0000000087500000, 0x0000000087500000, 0x0000000087600000|  0%| F|  |TS  0|AC  0|TAMS 0x0000000087500000, 0x0000000087500000|
|  94|0x0000000087600000, 0x0000000087600000, 0x0000000087700000|  0%| F|  |TS  0|AC  0|TAMS 0x0000000087600000, 0x0000000087600000|
|  95|0x0000000087700000, 0x0000000087700000, 0x0000000087800000|  0%| F|  |TS  0|AC  0|TAMS 0x0000000087700000, 0x0000000087700000|
|  96|0x0000000087800000, 0x0000000087800000, 0x0000000087900000|  0%| F|  |TS  0|AC  0|TAMS 0x0000000087800000, 0x0000000087800000|
|  97|0x0000000087900000, 0x0000000087900000, 0x0000000087a00000|  0%| F|  |TS  0|AC  0|TAMS 0x0000000087900000, 0x0000000087900000|
|  98|0x0000000087a00000, 0x0000000087a00000, 0x0000000087b00000|  0%| F|  |TS  0|AC  0|TAMS 0x0000000087a00000, 0x0000000087a00000|
|  99|0x0000000087b00000, 0x0000000087b00000, 0x0000000087c00000|  0%| F|  |TS  0|AC  0|TAMS 0x0000000087b00000, 0x0000000087b00000|
| 100|0x0000000087c00000, 0x0000000087c00000, 0x0000000087d00000|  0%| F|  |TS  0|AC  0|TAMS 0x0000000087c00000, 0x0000000087c00000|
| 101|0x0000000087d00000, 0x0000000087d00000, 0x0000000087e00000|  0%| F|  |TS  0|AC  0|TAMS 0x0000000087d00000, 0x0000000087d00000|
| 102|0x0000000087e00000, 0x0000000087e00000, 0x0000000087f00000|  0%| F|  |TS  0|AC  0|TAMS 0x0000000087e00000, 0x0000000087e00000|
| 103|0x0000000087f00000, 0x0000000087f00000, 0x0000000088000000|  0%| F|  |TS  0|AC  0|TAMS 0x0000000087f00000, 0x0000000087f00000|
| 104|0x0000000088000000, 0x0000000088000000, 0x0000000088100000|  0%| F|  |TS  0|AC  0|TAMS 0x0000000088000000, 0x0000000088000000|
| 105|0x0000000088100000, 0x0000000088100000, 0x0000000088200000|  0%| F|  |TS  0|AC  0|TAMS 0x0000000088100000, 0x0000000088100000|
| 106|0x0000000088200000, 0x0000000088200000, 0x0000000088300000|  0%| F|  |TS  0|AC  0|TAMS 0x0000000088200000, 0x0000000088200000|
| 107|0x0000000088300000, 0x0000000088300000, 0x0000000088400000|  0%| F|  |TS  0|AC  0|TAMS 0x0000000088300000, 0x0000000088300000|
| 108|0x0000000088400000, 0x0000000088400000, 0x0000000088500000|  0%| F|  |TS  0|AC  0|TAMS 0x0000000088400000, 0x0000000088400000|
| 109|0x0000000088500000, 0x0000000088500000, 0x0000000088600000|  0%| F|  |TS  0|AC  0|TAMS 0x0000000088500000, 0x0000000088500000|
| 110|0x0000000088600000, 0x0000000088600000, 0x0000000088700000|  0%| F|  |TS  0|AC  0|TAMS 0x0000000088600000, 0x0000000088600000|
| 111|0x0000000088700000, 0x0000000088700000, 0x0000000088800000|  0%| F|  |TS  0|AC  0|TAMS 0x0000000088700000, 0x0000000088700000|
| 112|0x0000000088800000, 0x0000000088800000, 0x0000000088900000|  0%| F|  |TS  0|AC  0|TAMS 0x0000000088800000, 0x0000000088800000|
| 113|0x0000000088900000, 0x0000000088900000, 0x0000000088a00000|  0%| F|  |TS  0|AC  0|TAMS 0x0000000088900000, 0x0000000088900000|
| 114|0x0000000088a00000, 0x0000000088a00000, 0x0000000088b00000|  0%| F|  |TS  0|AC  0|TAMS 0x0000000088a00000, 0x0000000088a00000|
| 115|0x0000000088b00000, 0x0000000088b00000, 0x0000000088c00000|  0%| F|  |TS  0|AC  0|TAMS 0x0000000088b00000, 0x0000000088b00000|
| 116|0x0000000088c00000, 0x0000000088c00000, 0x0000000088d00000|  0%| F|  |TS  0|AC  0|TAMS 0x0000000088c00000, 0x0000000088c00000|
| 117|0x0000000088d00000, 0x0000000088d00000, 0x0000000088e00000|  0%| F|  |TS  0|AC  0|TAMS 0x0000000088d00000, 0x0000000088d00000|
| 118|0x0000000088e00000, 0x0000000088e482f0, 0x0000000088f00000| 28%| E|  |TS  0|AC  0|TAMS 0x0000000088e00000, 0x0000000088e00000|
| 119|0x0000000088f00000, 0x0000000089000000, 0x0000000089000000|100%| E|CS|TS  0|AC  0|TAMS 0x0000000088f00000, 0x0000000088f00000|
| 120|0x0000000089000000, 0x0000000089100000, 0x0000000089100000|100%| E|CS|TS  0|AC  0|TAMS 0x0000000089000000, 0x0000000089000000|
| 121|0x0000000089100000, 0x0000000089200000, 0x0000000089200000|100%| E|CS|TS  0|AC  0|TAMS 0x0000000089100000, 0x0000000089100000|
| 122|0x0000000089200000, 0x0000000089300000, 0x0000000089300000|100%| E|CS|TS  0|AC  0|TAMS 0x0000000089200000, 0x0000000089200000|
| 123|0x0000000089300000, 0x0000000089400000, 0x0000000089400000|100%| E|CS|TS  0|AC  0|TAMS 0x0000000089300000, 0x0000000089300000|
| 124|0x0000000089400000, 0x0000000089500000, 0x0000000089500000|100%| E|CS|TS  0|AC  0|TAMS 0x0000000089400000, 0x0000000089400000|
| 125|0x0000000089500000, 0x0000000089600000, 0x0000000089600000|100%| E|CS|TS  0|AC  0|TAMS 0x0000000089500000, 0x0000000089500000|
| 126|0x0000000089600000, 0x0000000089700000, 0x0000000089700000|100%| E|CS|TS  0|AC  0|TAMS 0x0000000089600000, 0x0000000089600000|
| 127|0x0000000089700000, 0x0000000089800000, 0x0000000089800000|100%| E|CS|TS  0|AC  0|TAMS 0x0000000089700000, 0x0000000089700000|

Card table byte_map: [0x0000015f70850000,0x0000015f70c50000] byte_map_base: 0x0000015f70444000

Marking Bits (Prev, Next): (CMBitMap*) 0x0000015f585dda70, (CMBitMap*) 0x0000015f585ddaa8
 Prev Bits: [0x0000015f71050000, 0x0000015f72ff0000)
 Next Bits: [0x0000015f72ff0000, 0x0000015f74f90000)

Polling page: 0x0000015f58880000

CodeHeap 'non-profiled nmethods': size=120064Kb used=286Kb max_used=286Kb free=119777Kb
 bounds [0x0000015f684e0000, 0x0000015f68750000, 0x0000015f6fa20000]
CodeHeap 'profiled nmethods': size=120000Kb used=1483Kb max_used=1483Kb free=118516Kb
 bounds [0x0000015f60fb0000, 0x0000015f61220000, 0x0000015f684e0000]
CodeHeap 'non-nmethods': size=5696Kb used=1241Kb max_used=1261Kb free=4454Kb
 bounds [0x0000015f60a20000, 0x0000015f60c90000, 0x0000015f60fb0000]
 total_blobs=1472 nmethods=875 adapters=322
 compilation: enabled

Compilation events (10 events):
Event: 0.843 Thread 0x0000015f77e77000 nmethod 871 0x0000015f68524390 code [0x0000015f68524540, 0x0000015f68524658]
Event: 0.843 Thread 0x0000015f77e77000  873       3       java.lang.invoke.DirectMethodHandle$Holder::invokeStatic (15 bytes)
Event: 0.844 Thread 0x0000015f77e77000 nmethod 873 0x0000015f61121290 code [0x0000015f61121460, 0x0000015f61121960]
Event: 0.844 Thread 0x0000015f77e77000  872       3       java.lang.String::valueOf (15 bytes)
Event: 0.844 Thread 0x0000015f77e77000 nmethod 872 0x0000015f61121a90 code [0x0000015f61121c40, 0x0000015f61121eb0]
Event: 0.863 Thread 0x0000015f77e53000 nmethod 824 0x0000015f68524710 code [0x0000015f685249a0, 0x0000015f68526ea0]
Event: 0.878 Thread 0x0000015f77e77000  874       3       java.util.Vector::add (23 bytes)
Event: 0.878 Thread 0x0000015f77e77000 nmethod 874 0x0000015f61121f90 code [0x0000015f61122180, 0x0000015f611227a0]
Event: 0.935 Thread 0x0000015f77e77000  875       3       java.util.Vector::elementData (7 bytes)
Event: 0.935 Thread 0x0000015f77e77000 nmethod 875 0x0000015f61122a10 code [0x0000015f61122bc0, 0x0000015f61122d38]

GC Heap History (0 events):
No events

Deoptimization events (10 events):
Event: 0.619 Thread 0x0000015f5854a000 Uncommon trap: reason=class_check action=maybe_recompile pc=0x0000015f68507b04 method=java.util.HashMap.putVal(ILjava/lang/Object;Ljava/lang/Object;ZZ)Ljava/lang/Object; @ 253 c2
Event: 0.619 Thread 0x0000015f5854a000 Uncommon trap: reason=class_check action=maybe_recompile pc=0x0000015f68507b04 method=java.util.HashMap.putVal(ILjava/lang/Object;Ljava/lang/Object;ZZ)Ljava/lang/Object; @ 253 c2
Event: 0.619 Thread 0x0000015f5854a000 Uncommon trap: reason=class_check action=maybe_recompile pc=0x0000015f68507b04 method=java.util.HashMap.putVal(ILjava/lang/Object;Ljava/lang/Object;ZZ)Ljava/lang/Object; @ 253 c2
Event: 0.619 Thread 0x0000015f5854a000 Uncommon trap: reason=class_check action=maybe_recompile pc=0x0000015f68507b04 method=java.util.HashMap.putVal(ILjava/lang/Object;Ljava/lang/Object;ZZ)Ljava/lang/Object; @ 253 c2
Event: 0.735 Thread 0x0000015f5854a000 Uncommon trap: reason=unstable_if action=reinterpret pc=0x0000015f68517924 method=java.lang.String.equalsIgnoreCase(Ljava/lang/String;)Z @ 10 c2
Event: 0.790 Thread 0x0000015f5854a000 Uncommon trap: reason=unstable_if action=reinterpret pc=0x0000015f68512d60 method=java.util.HashMap.putVal(ILjava/lang/Object;Ljava/lang/Object;ZZ)Ljava/lang/Object; @ 162 c2
Event: 0.810 Thread 0x0000015f5854a000 Uncommon trap: reason=class_check action=maybe_recompile pc=0x0000015f68521c4c method=java.util.regex.Pattern$SliceI.match(Ljava/util/regex/Matcher;ILjava/lang/CharSequence;)Z @ 92 c2
Event: 0.810 Thread 0x0000015f5854a000 Uncommon trap: reason=class_check action=maybe_recompile pc=0x0000015f68521c4c method=java.util.regex.Pattern$SliceI.match(Ljava/util/regex/Matcher;ILjava/lang/CharSequence;)Z @ 92 c2
Event: 0.810 Thread 0x0000015f5854a000 Uncommon trap: reason=class_check action=maybe_recompile pc=0x0000015f68521c4c method=java.util.regex.Pattern$SliceI.match(Ljava/util/regex/Matcher;ILjava/lang/CharSequence;)Z @ 92 c2
Event: 0.810 Thread 0x0000015f5854a000 Uncommon trap: reason=class_check action=maybe_recompile pc=0x0000015f68521c4c method=java.util.regex.Pattern$SliceI.match(Ljava/util/regex/Matcher;ILjava/lang/CharSequence;)Z @ 92 c2

Classes redefined (0 events):
No events

Internal exceptions (10 events):
Event: 0.612 Thread 0x0000015f5854a000 Exception <a 'java/lang/NoSuchMethodError'{0x000000008910be90}: java.lang.invoke.DirectMethodHandle$Holder.invokeStatic(Ljava/lang/Object;Ljava/lang/Object;)I> (0x000000008910be90) thrown at [t:/workspace/hotspot/src/share/vm/interpreter/linkResolver.cpp,
Event: 0.612 Thread 0x0000015f5854a000 Exception <a 'java/lang/NoSuchMethodError'{0x000000008910f040}: java.lang.invoke.DirectMethodHandle$Holder.invokeStaticInit(Ljava/lang/Object;Ljava/lang/Object;)I> (0x000000008910f040) thrown at [t:/workspace/hotspot/src/share/vm/interpreter/linkResolver.
Event: 0.621 Thread 0x0000015f5854a000 Exception <a 'java/lang/NoSuchMethodError'{0x0000000089142a50}: method resolution failed> (0x0000000089142a50) thrown at [t:/workspace/hotspot/src/share/vm/prims/methodHandles.cpp, line 1256]
Event: 0.621 Thread 0x0000015f5854a000 Exception <a 'java/lang/NoSuchMethodError'{0x0000000089145e30}: java.lang.invoke.DirectMethodHandle$Holder.invokeStaticInit(Ljava/lang/Object;IIII)Ljava/lang/Object;> (0x0000000089145e30) thrown at [t:/workspace/hotspot/src/share/vm/interpreter/linkResolv
Event: 0.623 Thread 0x0000015f5854a000 Exception <a 'sun/nio/fs/WindowsException'{0x000000008914c130}> (0x000000008914c130) thrown at [t:/workspace/hotspot/src/share/vm/prims/jni.cpp, line 604]
Event: 0.624 Thread 0x0000015f5854a000 Exception <a 'java/lang/NoSuchMethodError'{0x00000000891536d0}: java.lang.Object.lambda$negate$3(I)Z> (0x00000000891536d0) thrown at [t:/workspace/hotspot/src/share/vm/interpreter/linkResolver.cpp, line 731]
Event: 0.731 Thread 0x0000015f5854a000 Exception <a 'java/lang/NoSuchMethodError'{0x0000000088f13278}: method resolution failed> (0x0000000088f13278) thrown at [t:/workspace/hotspot/src/share/vm/prims/methodHandles.cpp, line 1256]
Event: 0.731 Thread 0x0000015f5854a000 Exception <a 'java/lang/NoSuchMethodError'{0x0000000088f16908}: java.lang.invoke.DirectMethodHandle$Holder.invokeStaticInit(Ljava/lang/Object;Ljava/lang/Object;IIII)Ljava/lang/Object;> (0x0000000088f16908) thrown at [t:/workspace/hotspot/src/share/vm/inte
Event: 0.735 Thread 0x0000015f5854a000 Implicit null exception at 0x0000015f685173fb to 0x0000015f68517911
Event: 0.801 Thread 0x0000015f5854a000 Exception <a 'java/lang/NoSuchMethodError'{0x0000000088fd3140}: java.lang.Object.lambda$union$2(Ljava/util/regex/Pattern$CharPredicate;I)Z> (0x0000000088fd3140) thrown at [t:/workspace/hotspot/src/share/vm/interpreter/linkResolver.cpp, line 731]

Events (10 events):
Event: 0.840 loading class javax/crypto/MacSpi
Event: 0.840 loading class javax/crypto/MacSpi done
Event: 0.840 loading class com/sun/crypto/provider/HmacCore done
Event: 0.840 loading class com/sun/crypto/provider/HmacSHA1 done
Event: 0.842 loading class java/lang/StrictMath
Event: 0.843 loading class java/lang/StrictMath done
Event: 0.843 loading class com/microsoft/sqlserver/jdbc/AuthenticationJNI
Event: 0.843 loading class com/microsoft/sqlserver/jdbc/AuthenticationJNI done
Event: 0.844 loading class java/lang/ClassLoaderHelper
Event: 0.845 loading class java/lang/ClassLoaderHelper done


Dynamic libraries:
0x00007ff727d80000 - 0x00007ff727dbe000 	C:\Program Files\Java\jre-9.0.4\bin\javaw.exe
0x00007fff55090000 - 0x00007fff5526b000 	C:\Windows\SYSTEM32\ntdll.dll
0x00007fff23c60000 - 0x00007fff23c94000 	C:\Program Files (x86)\AVG\Antivirus\x64\aswhooka.dll
0x00007fff54fe0000 - 0x00007fff5508e000 	C:\Windows\System32\KERNEL32.DLL
0x00007fff515b0000 - 0x00007fff517f9000 	C:\Windows\System32\KERNELBASE.dll
0x00007fff549e0000 - 0x00007fff54a81000 	C:\Windows\System32\ADVAPI32.dll
0x00007fff547d0000 - 0x00007fff5486d000 	C:\Windows\System32\msvcrt.dll
0x00007fff52820000 - 0x00007fff52879000 	C:\Windows\System32\sechost.dll
0x00007fff54aa0000 - 0x00007fff54bc5000 	C:\Windows\System32\RPCRT4.dll
0x00007fff52880000 - 0x00007fff529ca000 	C:\Windows\System32\USER32.dll
0x00007fff52420000 - 0x00007fff5243e000 	C:\Windows\System32\win32u.dll
0x00007fff54560000 - 0x00007fff54587000 	C:\Windows\System32\GDI32.dll
0x00007fff51920000 - 0x00007fff51aa9000 	C:\Windows\System32\gdi32full.dll
0x00007fff52380000 - 0x00007fff5241a000 	C:\Windows\System32\msvcp_win.dll
0x00007fff524a0000 - 0x00007fff52596000 	C:\Windows\System32\ucrtbase.dll
0x00007fff3fc90000 - 0x00007fff3fef7000 	C:\Windows\WinSxS\amd64_microsoft.windows.common-controls_6595b64144ccf1df_6.0.15063.0_none_108e4f62dfe5d999\COMCTL32.dll
0x00007fff52e20000 - 0x00007fff53119000 	C:\Windows\System32\combase.dll
0x00007fff51800000 - 0x00007fff5186a000 	C:\Windows\System32\bcryptPrimitives.dll
0x00007fff41e60000 - 0x00007fff41e6a000 	C:\Windows\SYSTEM32\VERSION.dll
0x00007fff54590000 - 0x00007fff545bd000 	C:\Windows\System32\IMM32.DLL
0x00007fff41230000 - 0x00007fff4131f000 	C:\Program Files\Java\jre-9.0.4\bin\msvcr120.dll
0x00007fff27680000 - 0x00007fff27726000 	C:\Program Files\Java\jre-9.0.4\bin\msvcp120.dll
0x000000006f8a0000 - 0x00000000702c5000 	C:\Program Files\Java\jre-9.0.4\bin\server\jvm.dll
0x00007fff52810000 - 0x00007fff52818000 	C:\Windows\System32\PSAPI.DLL
0x00007fff42900000 - 0x00007fff42909000 	C:\Windows\SYSTEM32\WSOCK32.dll
0x00007fff527a0000 - 0x00007fff5280c000 	C:\Windows\System32\WS2_32.dll
0x00007fff4f730000 - 0x00007fff4f753000 	C:\Windows\SYSTEM32\WINMM.dll
0x00007fff4f650000 - 0x00007fff4f67b000 	C:\Windows\SYSTEM32\WINMMBASE.dll
0x00007fff525a0000 - 0x00007fff525e9000 	C:\Windows\System32\cfgmgr32.dll
0x00007fff47310000 - 0x00007fff4731f000 	C:\Program Files\Java\jre-9.0.4\bin\verify.dll
0x00007fff41200000 - 0x00007fff41227000 	C:\Program Files\Java\jre-9.0.4\bin\java.dll
0x00007fff472f0000 - 0x00007fff47306000 	C:\Program Files\Java\jre-9.0.4\bin\zip.dll
0x00007fff411f0000 - 0x00007fff411fa000 	C:\Program Files\Java\jre-9.0.4\bin\jimage.dll
0x00007fff53120000 - 0x00007fff54557000 	C:\Windows\System32\SHELL32.dll
0x00007fff526d0000 - 0x00007fff5277a000 	C:\Windows\System32\shcore.dll
0x00007fff51ab0000 - 0x00007fff521a2000 	C:\Windows\System32\windows.storage.dll
0x00007fff52670000 - 0x00007fff526c1000 	C:\Windows\System32\shlwapi.dll
0x00007fff51590000 - 0x00007fff515a1000 	C:\Windows\System32\kernel.appcore.dll
0x00007fff51520000 - 0x00007fff5156c000 	C:\Windows\System32\powrprof.dll
0x00007fff51500000 - 0x00007fff51515000 	C:\Windows\System32\profapi.dll
0x00007fff411d0000 - 0x00007fff411ea000 	C:\Program Files\Java\jre-9.0.4\bin\net.dll
0x00007fff4c8d0000 - 0x00007fff4c9a7000 	C:\Windows\SYSTEM32\WINHTTP.dll
0x00007fff50db0000 - 0x00007fff50e0c000 	C:\Windows\system32\mswsock.dll
0x00007fff346f0000 - 0x00007fff34701000 	C:\Program Files\Java\jre-9.0.4\bin\nio.dll
0x00007fff50ba0000 - 0x00007fff50c44000 	C:\Windows\SYSTEM32\DNSAPI.dll
0x00007fff52e10000 - 0x00007fff52e18000 	C:\Windows\System32\NSI.dll
0x00007fff50b50000 - 0x00007fff50b87000 	C:\Windows\SYSTEM32\IPHLPAPI.DLL
0x00007fff417b0000 - 0x00007fff417ba000 	C:\Windows\System32\rasadhlp.dll
0x00007fff47f60000 - 0x00007fff47fcb000 	C:\Windows\System32\fwpuclnt.dll
0x00007fff513d0000 - 0x00007fff513f5000 	C:\Windows\SYSTEM32\bcrypt.dll
0x00007fff2ca80000 - 0x00007fff2caa3000 	C:\Program Files\Java\jre-9.0.4\bin\sunec.dll
0x00007fff50f50000 - 0x00007fff50f67000 	C:\Windows\SYSTEM32\CRYPTSP.dll
0x00007fff509d0000 - 0x00007fff50a04000 	C:\Windows\system32\rsaenh.dll
0x00007fff51430000 - 0x00007fff51459000 	C:\Windows\SYSTEM32\USERENV.dll
0x00007fff50f70000 - 0x00007fff50f7b000 	C:\Windows\SYSTEM32\CRYPTBASE.dll
0x00007fff49bf0000 - 0x00007fff49c06000 	C:\Windows\SYSTEM32\dhcpcsvc6.DLL
0x00007fff4a0c0000 - 0x00007fff4a0da000 	C:\Windows\SYSTEM32\dhcpcsvc.DLL
0x00007fff40510000 - 0x00007fff4051b000 	C:\Program Files\Java\jre-9.0.4\bin\sunmscapi.dll
0x00007fff521b0000 - 0x00007fff52379000 	C:\Windows\System32\CRYPT32.dll
0x00007fff51570000 - 0x00007fff51581000 	C:\Windows\System32\MSASN1.dll
0x00007fff2ca30000 - 0x00007fff2ca7b000 	C:\Windows\System32\sqljdbc_auth.dll
0x00007fff54cf0000 - 0x00007fff54e33000 	C:\Windows\System32\ole32.dll
0x00007fff41f70000 - 0x00007fff41f7c000 	C:\Windows\system32\secur32.dll
0x00007fff51400000 - 0x00007fff51430000 	C:\Windows\SYSTEM32\SSPICLI.DLL
0x00007fff50e60000 - 0x00007fff50f4d000 	C:\Windows\system32\kerberos.DLL
0x00007fff50d40000 - 0x00007fff50daa000 	C:\Windows\system32\msv1_0.DLL
0x00007fff50d30000 - 0x00007fff50d3c000 	C:\Windows\SYSTEM32\NtlmShared.dll
0x00007fff50e10000 - 0x00007fff50e24000 	C:\Windows\SYSTEM32\cryptdll.dll
0x00007fff3c780000 - 0x00007fff3c7a8000 	C:\Windows\system32\ntdsapi.dll
0x00007fff4c740000 - 0x00007fff4c756000 	C:\Windows\system32\napinsp.dll
0x00007fff4c720000 - 0x00007fff4c73a000 	C:\Windows\system32\pnrpnsp.dll
0x00007fff4f6a0000 - 0x00007fff4f6b8000 	C:\Windows\system32\NLAapi.dll
0x00007fff4cb80000 - 0x00007fff4cb8e000 	C:\Windows\System32\winrnr.dll
0x00007fff4c180000 - 0x00007fff4c195000 	C:\Windows\System32\wshbth.dll
0x00007fff41c70000 - 0x00007fff41e19000 	C:\Windows\SYSTEM32\dbghelp.dll

VM Arguments:
jvm_args: -Dfile.encoding=UTF-8 
java_command: cmc.data.view.Program
java_class_path (initial): D:\IMIC\IMIC-WORKSPACE\MVC3Layer\CMC_JAVA_JDBC\bin;D:\IMIC\IMIC-WORKSPACE\MVC3Layer\CMC_JAVA_JDBC\libs\sqljdbc4-2.0.jar
Launcher Type: SUN_STANDARD

Logging:
Log output configuration:
#0: stdout all=warning uptime,level,tags
#1: stderr all=off uptime,level,tags

Environment Variables:
PATH=C:/Program Files/Java/jdk1.8.0_161/bin/../jre/bin/server;C:/Program Files/Java/jdk1.8.0_161/bin/../jre/bin;C:/Program Files/Java/jdk1.8.0_161/bin/../jre/lib/amd64;C:\Windows\system32;C:\Windows;C:\Windows\System32\Wbem;C:\Windows\System32\WindowsPowerShell\v1.0\;C:\Program Files (x86)\Microsoft SQL Server\100\Tools\Binn\;C:\Program Files\Microsoft SQL Server\100\Tools\Binn\;C:\Program Files\Microsoft SQL Server\100\DTS\Binn\;C:\Program Files\MySQL\MySQL Utilities 1.6\;C:\Program Files\nodejs\;C:\Program Files (x86)\Yarn\bin;C:\Program Files\Git\cmd;C:\Program Files\Microsoft SQL Server\Client SDK\ODBC\130\Tools\Binn\;C:\Program Files (x86)\Microsoft SQL Server\140\Tools\Binn\;C:\Program Files\Microsoft SQL Server\140\Tools\Binn\;C:\Program Files\Microsoft SQL Server\140\DTS\Binn\;C:\Program Files (x86)\Microsoft SQL Server\Client SDK\ODBC\130\Tools\Binn\;C:\Program Files (x86)\Microsoft SQL Server\140\DTS\Binn\;C:\Program Files (x86)\Microsoft SQL Server\140\Tools\Binn\ManagementStudio\;C:\Users\Admin\AppData\Local\Microsoft\WindowsApps;C:\Users\Admin\AppData\Roaming\npm;C:\Program Files\Microsoft VS Code\bin;C:\Program Files\MongoDB\Server\3.6\bin;C:\Users\Admin\AppData\Local\Yarn\bin;C:\Program Files\Java\jdk1.8.0_161\bin;;D:\Setup\JavaSE\eclipse;
USERNAME=Admin
OS=Windows_NT
PROCESSOR_IDENTIFIER=Intel64 Family 6 Model 142 Stepping 9, GenuineIntel



---------------  S Y S T E M  ---------------

OS: Windows 10 , 64 bit Build 15063 (10.0.15063.0)

CPU:total 4 (initial active 4) (2 cores per cpu, 2 threads per core) family 6 model 142 stepping 9, cmov, cx8, fxsr, mmx, sse, sse2, sse3, ssse3, sse4.1, sse4.2, popcnt, avx, avx2, aes, clmul, erms, 3dnowpref, lzcnt, ht, tsc, tscinvbit, bmi1, bmi2, adx, fma

Memory: 4k page, physical 8286436k(3572980k free), swap 9597156k(4628112k free)

vm_info: Java HotSpot(TM) 64-Bit Server VM (9.0.4+11) for windows-amd64 JRE (9.0.4+11), built on Dec 20 2017 02:18:54 by "mach5one" with MS VC++ 12.0 (VS2013)

END.
