#
# A fatal error has been detected by the Java Runtime Environment:
#
#  EXCEPTION_ACCESS_VIOLATION (0xc0000005) at pc=0x00000000619afb2e, pid=7588, tid=6480
#
# JRE version: Java(TM) SE Runtime Environment (9.0+11) (build 9.0.4+11)
# Java VM: Java HotSpot(TM) 64-Bit Server VM (9.0.4+11, mixed mode, tiered, compressed oops, g1 gc, windows-amd64)
# Problematic frame:
# V  [jvm.dll+0x38fb2e]
#
# No core dump will be written. Minidumps are not enabled by default on client versions of Windows
#
# If you would like to submit a bug report, please visit:
#   http://bugreport.java.com/bugreport/crash.jsp
#

---------------  S U M M A R Y ------------

Command Line: -Dfile.encoding=UTF-8 cmc.data.view.Program

Host: Intel(R) Core(TM) i5-7200U CPU @ 2.50GHz, 4 cores, 7G,  Windows 10 , 64 bit Build 15063 (10.0.15063.0)
Time: Wed Mar 07 08:39:07 2018 SE Asia Standard Time elapsed time: 1 seconds (0d 0h 0m 1s)

---------------  T H R E A D  ---------------

Current thread (0x0000023309a0a000):  JavaThread "main" [_thread_in_vm, id=6480, stack(0x00000049af600000,0x00000049af700000)]

Stack: [0x00000049af600000,0x00000049af700000],  sp=0x00000049af6fe430,  free space=1017k
Native frames: (J=compiled Java code, j=interpreted, Vv=VM code, C=native code)
V  [jvm.dll+0x38fb2e]
C  [sqljdbc_auth.dll+0x6777]
C  0x0000023311fa921c

Java frames: (J=compiled Java code, j=interpreted, Vv=VM code)
j  com.microsoft.sqlserver.jdbc.AuthenticationJNI.SNISecGenClientContext([B[I[BI[B[I[ZLjava/lang/String;Ljava/lang/String;Ljava/lang/String;Ljava/util/logging/Logger;)I+0
j  com.microsoft.sqlserver.jdbc.AuthenticationJNI.GenerateClientContext([BI[B[I[Z)I+24
j  com.microsoft.sqlserver.jdbc.SQLServerConnection.SSPIData([B[B[I[ZLcom/microsoft/sqlserver/jdbc/AuthenticationJNI;)V+13
j  com.microsoft.sqlserver.jdbc.SQLServerConnection.sendLogon(Lcom/microsoft/sqlserver/jdbc/SQLServerConnection$LogonCommand;Lcom/microsoft/sqlserver/jdbc/AuthenticationJNI;)V+155
j  com.microsoft.sqlserver.jdbc.SQLServerConnection.logon(Lcom/microsoft/sqlserver/jdbc/SQLServerConnection$LogonCommand;)V+20
j  com.microsoft.sqlserver.jdbc.SQLServerConnection.access$000(Lcom/microsoft/sqlserver/jdbc/SQLServerConnection;Lcom/microsoft/sqlserver/jdbc/SQLServerConnection$LogonCommand;)V+2
j  com.microsoft.sqlserver.jdbc.SQLServerConnection$LogonCommand.doExecute()Z+5
j  com.microsoft.sqlserver.jdbc.TDSCommand.execute(Lcom/microsoft/sqlserver/jdbc/TDSWriter;Lcom/microsoft/sqlserver/jdbc/TDSReader;)Z+30
j  com.microsoft.sqlserver.jdbc.SQLServerConnection.executeCommand(Lcom/microsoft/sqlserver/jdbc/TDSCommand;)Z+45
j  com.microsoft.sqlserver.jdbc.SQLServerConnection.connectHelper(Lcom/microsoft/sqlserver/jdbc/ServerPortPlaceHolder;II)V+284
j  com.microsoft.sqlserver.jdbc.SQLServerConnection.login(Ljava/lang/String;Ljava/lang/String;ILjava/lang/String;Lcom/microsoft/sqlserver/jdbc/FailoverInfo;IJ)V+399
j  com.microsoft.sqlserver.jdbc.SQLServerConnection.connect(Ljava/util/Properties;Lcom/microsoft/sqlserver/jdbc/SQLServerPooledConnection;)Ljava/sql/Connection;+1929
j  com.microsoft.sqlserver.jdbc.SQLServerDriver.connect(Ljava/lang/String;Ljava/util/Properties;)Ljava/sql/Connection;+45
j  java.sql.DriverManager.getConnection(Ljava/lang/String;Ljava/util/Properties;Ljava/lang/Class;)Ljava/sql/Connection;+124 java.sql@9.0.4
j  java.sql.DriverManager.getConnection(Ljava/lang/String;Ljava/lang/String;Ljava/lang/String;)Ljava/sql/Connection;+37 java.sql@9.0.4
j  cmc.data.sqlserver.ConnectDB.Connect()Ljava/sql/Connection;+12
j  cmc.data.dao.StudentDAO.getList(Ljava/lang/String;)Ljava/util/List;+0
j  cmc.data.business.StudentBUS.getAllStudent()Ljava/util/List;+19
j  cmc.data.view.Program.main([Ljava/lang/String;)V+25
v  ~StubRoutines::call_stub

siginfo: EXCEPTION_ACCESS_VIOLATION (0xc0000005), reading address 0x0000000000015dc0


Register to memory mapping:

RIP=0x00000000619afb2e jvm.dll
RAX=0x0000000000000000 is an unknown value
RBX=0x0000023309a0a000 is a thread
RCX=0x0000000000000a00 is an unknown value
RDX=0x0000000000015dc0 is an unknown value
RSP=0x00000049af6fe430 is pointing into the stack for thread: 0x0000023309a0a000
RBP=0x00000049af6fe580 is pointing into the stack for thread: 0x0000023309a0a000
RSI=0x0000023309a0a218 is an unknown value
RDI=0x0000000000015dc0 is an unknown value
R8 =0x0000000000000001 is an unknown value
R9 =0x8101010101010100 is an unknown value
R10=0x78f0fef8fcfefef8 is an unknown value
R11=0x0000000088fcd0f0 is pointing into object: 0x0000000088fcd0e0
[B 
{0x0000000088fcd0e0} - klass: {type array byte}
 - length: 47
R12=0x00000049af6fe7c0 is pointing into the stack for thread: 0x0000023309a0a000
R13=0x0000000000000000 is an unknown value
R14=0x00000049af6fe7b8 is pointing into the stack for thread: 0x0000023309a0a000
R15=0x0000000000000000 is an unknown value


Registers:
RAX=0x0000000000000000, RBX=0x0000023309a0a000, RCX=0x0000000000000a00, RDX=0x0000000000015dc0
RSP=0x00000049af6fe430, RBP=0x00000049af6fe580, RSI=0x0000023309a0a218, RDI=0x0000000000015dc0
R8 =0x0000000000000001, R9 =0x8101010101010100, R10=0x78f0fef8fcfefef8, R11=0x0000000088fcd0f0
R12=0x00000049af6fe7c0, R13=0x0000000000000000, R14=0x00000049af6fe7b8, R15=0x0000000000000000
RIP=0x00000000619afb2e, EFLAGS=0x0000000000010246

Top of Stack: (sp=0x00000049af6fe430)
0x00000049af6fe430:   0000000000000000 0000023309a0a000
0x00000049af6fe440:   00007ff81c62d110 0000000000000000
0x00000049af6fe450:   0000023309a0a000 0000000000000000
0x00000049af6fe460:   0000000000000000 0000000000000000
0x00000049af6fe470:   00000233292e7320 00007ff81c606777
0x00000049af6fe480:   0000023309a0a218 00000049af6fe580
0x00000049af6fe490:   0000000000015dc0 00000233120075f7
0x00000049af6fe4a0:   0000023312007900 0000000000000000
0x00000049af6fe4b0:   0000000000000000 0000000000000000
0x00000049af6fe4c0:   0000023312007500 0000023301000000
0x00000049af6fe4d0:   00000049af6fe430 0000000000000000
0x00000049af6fe4e0:   0000000000000000 0000000000000000
0x00000049af6fe4f0:   0000000000000000 0000000000000000
0x00000049af6fe500:   0000000000000000 0000000000000000
0x00000049af6fe510:   00000049af6fe788 0000000000000000
0x00000049af6fe520:   00000049af6fe7a0 00000049af6fe798 

Instructions: (pc=0x00000000619afb2e)
0x00000000619afb0e:   00 00 00 00 74 0a 48 8d 4c 24 20 e8 e2 91 22 00
0x00000000619afb1e:   40 f6 c7 01 74 0a 48 8b cf e8 b4 33 02 00 eb 03
0x00000000619afb2e:   48 8b 07 80 3d dd 7e 5c 00 00 74 15 8b 50 08 8b
0x00000000619afb3e:   0d 85 b6 57 00 48 d3 e2 48 03 15 73 b6 57 00 eb 



---------------  P R O C E S S  ---------------

Java Threads: ( => current thread )
  0x0000023329651800 JavaThread "Service Thread" daemon [_thread_blocked, id=7960, stack(0x00000049b0d00000,0x00000049b0e00000)]
  0x00000233293e7800 JavaThread "Common-Cleaner" daemon [_thread_blocked, id=7944, stack(0x00000049b0c00000,0x00000049b0d00000)]
  0x0000023329399000 JavaThread "Sweeper thread" daemon [_thread_blocked, id=7948, stack(0x00000049b0b00000,0x00000049b0c00000)]
  0x0000023329394000 JavaThread "C1 CompilerThread2" daemon [_thread_blocked, id=7936, stack(0x00000049b0a00000,0x00000049b0b00000)]
  0x0000023329393800 JavaThread "C2 CompilerThread1" daemon [_thread_blocked, id=7928, stack(0x00000049b0900000,0x00000049b0a00000)]
  0x0000023329332000 JavaThread "C2 CompilerThread0" daemon [_thread_blocked, id=7932, stack(0x00000049b0800000,0x00000049b0900000)]
  0x0000023329331000 JavaThread "Attach Listener" daemon [_thread_blocked, id=7920, stack(0x00000049b0700000,0x00000049b0800000)]
  0x0000023329330800 JavaThread "Signal Dispatcher" daemon [_thread_blocked, id=7924, stack(0x00000049b0600000,0x00000049b0700000)]
  0x0000023329324800 JavaThread "Finalizer" daemon [_thread_blocked, id=7888, stack(0x00000049b0400000,0x00000049b0500000)]
  0x000002332930e800 JavaThread "Reference Handler" daemon [_thread_blocked, id=7892, stack(0x00000049b0300000,0x00000049b0400000)]
=>0x0000023309a0a000 JavaThread "main" [_thread_in_vm, id=6480, stack(0x00000049af600000,0x00000049af700000)]

Other Threads:
  0x00000233292e4000 VMThread "VM Thread" [stack: 0x00000049b0200000,0x00000049b0300000] [id=7880]
  0x0000023329658000 WatcherThread [stack: 0x00000049b0e00000,0x00000049b0f00000] [id=7952]
  0x0000023309a22000 GCTaskThread "GC Thread#0" [stack: 0x00000049af700000,0x00000049af800000] [id=7592]
  0x0000023309a23800 GCTaskThread "GC Thread#1" [stack: 0x00000049af800000,0x00000049af900000] [id=7556]
  0x0000023309a25000 GCTaskThread "GC Thread#2" [stack: 0x00000049af900000,0x00000049afa00000] [id=7552]
  0x0000023309a2d000 GCTaskThread "GC Thread#3" [stack: 0x00000049afa00000,0x00000049afb00000] [id=7584]
  0x0000023309aaa000 ConcurrentGCThread "G1 Main Marker" [stack: 0x00000049b0000000,0x00000049b0100000] [id=6388]
  0x0000023309ab1000 ConcurrentGCThread "G1 Marker#0" [stack: 0x00000049b0100000,0x00000049b0200000] [id=6400]
  0x0000023309a3a800 ConcurrentGCThread "G1 Refine#0" [stack: 0x00000049afe00000,0x00000049aff00000] [id=6916]
  0x0000023309a36800 ConcurrentGCThread "G1 Refine#1" [stack: 0x00000049afd00000,0x00000049afe00000] [id=8244]
  0x0000023309a34800 ConcurrentGCThread "G1 Refine#2" [stack: 0x00000049afc00000,0x00000049afd00000] [id=6604]
  0x0000023309a31000 ConcurrentGCThread "G1 Refine#3" [stack: 0x00000049afb00000,0x00000049afc00000] [id=7568]
  0x0000023309a40000 ConcurrentGCThread "G1 Young RemSet Sampling" [stack: 0x00000049aff00000,0x00000049b0000000] [id=6328]

Threads with active compile tasks:

VM state:not at safepoint (normal execution)

VM Mutex/Monitor currently owned by a thread: None

Heap address: 0x0000000081800000, size: 2024 MB, Compressed Oops mode: 32-bit
Narrow klass base: 0x0000000000000000, Narrow klass shift: 3
Compressed class space size: 1073741824 Address: 0x0000000100000000

Heap:
 garbage-first heap   total 131072K, used 8192K [0x0000000081800000, 0x0000000081900400, 0x0000000100000000)
  region size 1024K, 9 young (9216K), 0 survivors (0K)
 Metaspace       used 10959K, capacity 11254K, committed 11264K, reserved 1058816K
  class space    used 1170K, capacity 1273K, committed 1280K, reserved 1048576K
Heap Regions: E=young(eden), S=young(survivor), O=old, HS=humongous(starts), HC=humongous(continues), CS=collection set, F=free, A=archive, TS=gc time stamp, AC=allocation context, TAMS=top-at-mark-start (previous, next)
|   0|0x0000000081800000, 0x0000000081800000, 0x0000000081900000|  0%| F|  |TS  0|AC  0|TAMS 0x0000000081800000, 0x0000000081800000|
|   1|0x0000000081900000, 0x0000000081900000, 0x0000000081a00000|  0%| F|  |TS  0|AC  0|TAMS 0x0000000081900000, 0x0000000081900000|
|   2|0x0000000081a00000, 0x0000000081a00000, 0x0000000081b00000|  0%| F|  |TS  0|AC  0|TAMS 0x0000000081a00000, 0x0000000081a00000|
|   3|0x0000000081b00000, 0x0000000081b00000, 0x0000000081c00000|  0%| F|  |TS  0|AC  0|TAMS 0x0000000081b00000, 0x0000000081b00000|
|   4|0x0000000081c00000, 0x0000000081c00000, 0x0000000081d00000|  0%| F|  |TS  0|AC  0|TAMS 0x0000000081c00000, 0x0000000081c00000|
|   5|0x0000000081d00000, 0x0000000081d00000, 0x0000000081e00000|  0%| F|  |TS  0|AC  0|TAMS 0x0000000081d00000, 0x0000000081d00000|
|   6|0x0000000081e00000, 0x0000000081e00000, 0x0000000081f00000|  0%| F|  |TS  0|AC  0|TAMS 0x0000000081e00000, 0x0000000081e00000|
|   7|0x0000000081f00000, 0x0000000081f00000, 0x0000000082000000|  0%| F|  |TS  0|AC  0|TAMS 0x0000000081f00000, 0x0000000081f00000|
|   8|0x0000000082000000, 0x0000000082000000, 0x0000000082100000|  0%| F|  |TS  0|AC  0|TAMS 0x0000000082000000, 0x0000000082000000|
|   9|0x0000000082100000, 0x0000000082100000, 0x0000000082200000|  0%| F|  |TS  0|AC  0|TAMS 0x0000000082100000, 0x0000000082100000|
|  10|0x0000000082200000, 0x0000000082200000, 0x0000000082300000|  0%| F|  |TS  0|AC  0|TAMS 0x0000000082200000, 0x0000000082200000|
|  11|0x0000000082300000, 0x0000000082300000, 0x0000000082400000|  0%| F|  |TS  0|AC  0|TAMS 0x0000000082300000, 0x0000000082300000|
|  12|0x0000000082400000, 0x0000000082400000, 0x0000000082500000|  0%| F|  |TS  0|AC  0|TAMS 0x0000000082400000, 0x0000000082400000|
|  13|0x0000000082500000, 0x0000000082500000, 0x0000000082600000|  0%| F|  |TS  0|AC  0|TAMS 0x0000000082500000, 0x0000000082500000|
|  14|0x0000000082600000, 0x0000000082600000, 0x0000000082700000|  0%| F|  |TS  0|AC  0|TAMS 0x0000000082600000, 0x0000000082600000|
|  15|0x0000000082700000, 0x0000000082700000, 0x0000000082800000|  0%| F|  |TS  0|AC  0|TAMS 0x0000000082700000, 0x0000000082700000|
|  16|0x0000000082800000, 0x0000000082800000, 0x0000000082900000|  0%| F|  |TS  0|AC  0|TAMS 0x0000000082800000, 0x0000000082800000|
|  17|0x0000000082900000, 0x0000000082900000, 0x0000000082a00000|  0%| F|  |TS  0|AC  0|TAMS 0x0000000082900000, 0x0000000082900000|
|  18|0x0000000082a00000, 0x0000000082a00000, 0x0000000082b00000|  0%| F|  |TS  0|AC  0|TAMS 0x0000000082a00000, 0x0000000082a00000|
|  19|0x0000000082b00000, 0x0000000082b00000, 0x0000000082c00000|  0%| F|  |TS  0|AC  0|TAMS 0x0000000082b00000, 0x0000000082b00000|
|  20|0x0000000082c00000, 0x0000000082c00000, 0x0000000082d00000|  0%| F|  |TS  0|AC  0|TAMS 0x0000000082c00000, 0x0000000082c00000|
|  21|0x0000000082d00000, 0x0000000082d00000, 0x0000000082e00000|  0%| F|  |TS  0|AC  0|TAMS 0x0000000082d00000, 0x0000000082d00000|
|  22|0x0000000082e00000, 0x0000000082e00000, 0x0000000082f00000|  0%| F|  |TS  0|AC  0|TAMS 0x0000000082e00000, 0x0000000082e00000|
|  23|0x0000000082f00000, 0x0000000082f00000, 0x0000000083000000|  0%| F|  |TS  0|AC  0|TAMS 0x0000000082f00000, 0x0000000082f00000|
|  24|0x0000000083000000, 0x0000000083000000, 0x0000000083100000|  0%| F|  |TS  0|AC  0|TAMS 0x0000000083000000, 0x0000000083000000|
|  25|0x0000000083100000, 0x0000000083100000, 0x0000000083200000|  0%| F|  |TS  0|AC  0|TAMS 0x0000000083100000, 0x0000000083100000|
|  26|0x0000000083200000, 0x0000000083200000, 0x0000000083300000|  0%| F|  |TS  0|AC  0|TAMS 0x0000000083200000, 0x0000000083200000|
|  27|0x0000000083300000, 0x0000000083300000, 0x0000000083400000|  0%| F|  |TS  0|AC  0|TAMS 0x0000000083300000, 0x0000000083300000|
|  28|0x0000000083400000, 0x0000000083400000, 0x0000000083500000|  0%| F|  |TS  0|AC  0|TAMS 0x0000000083400000, 0x0000000083400000|
|  29|0x0000000083500000, 0x0000000083500000, 0x0000000083600000|  0%| F|  |TS  0|AC  0|TAMS 0x0000000083500000, 0x0000000083500000|
|  30|0x0000000083600000, 0x0000000083600000, 0x0000000083700000|  0%| F|  |TS  0|AC  0|TAMS 0x0000000083600000, 0x0000000083600000|
|  31|0x0000000083700000, 0x0000000083700000, 0x0000000083800000|  0%| F|  |TS  0|AC  0|TAMS 0x0000000083700000, 0x0000000083700000|
|  32|0x0000000083800000, 0x0000000083800000, 0x0000000083900000|  0%| F|  |TS  0|AC  0|TAMS 0x0000000083800000, 0x0000000083800000|
|  33|0x0000000083900000, 0x0000000083900000, 0x0000000083a00000|  0%| F|  |TS  0|AC  0|TAMS 0x0000000083900000, 0x0000000083900000|
|  34|0x0000000083a00000, 0x0000000083a00000, 0x0000000083b00000|  0%| F|  |TS  0|AC  0|TAMS 0x0000000083a00000, 0x0000000083a00000|
|  35|0x0000000083b00000, 0x0000000083b00000, 0x0000000083c00000|  0%| F|  |TS  0|AC  0|TAMS 0x0000000083b00000, 0x0000000083b00000|
|  36|0x0000000083c00000, 0x0000000083c00000, 0x0000000083d00000|  0%| F|  |TS  0|AC  0|TAMS 0x0000000083c00000, 0x0000000083c00000|
|  37|0x0000000083d00000, 0x0000000083d00000, 0x0000000083e00000|  0%| F|  |TS  0|AC  0|TAMS 0x0000000083d00000, 0x0000000083d00000|
|  38|0x0000000083e00000, 0x0000000083e00000, 0x0000000083f00000|  0%| F|  |TS  0|AC  0|TAMS 0x0000000083e00000, 0x0000000083e00000|
|  39|0x0000000083f00000, 0x0000000083f00000, 0x0000000084000000|  0%| F|  |TS  0|AC  0|TAMS 0x0000000083f00000, 0x0000000083f00000|
|  40|0x0000000084000000, 0x0000000084000000, 0x0000000084100000|  0%| F|  |TS  0|AC  0|TAMS 0x0000000084000000, 0x0000000084000000|
|  41|0x0000000084100000, 0x0000000084100000, 0x0000000084200000|  0%| F|  |TS  0|AC  0|TAMS 0x0000000084100000, 0x0000000084100000|
|  42|0x0000000084200000, 0x0000000084200000, 0x0000000084300000|  0%| F|  |TS  0|AC  0|TAMS 0x0000000084200000, 0x0000000084200000|
|  43|0x0000000084300000, 0x0000000084300000, 0x0000000084400000|  0%| F|  |TS  0|AC  0|TAMS 0x0000000084300000, 0x0000000084300000|
|  44|0x0000000084400000, 0x0000000084400000, 0x0000000084500000|  0%| F|  |TS  0|AC  0|TAMS 0x0000000084400000, 0x0000000084400000|
|  45|0x0000000084500000, 0x0000000084500000, 0x0000000084600000|  0%| F|  |TS  0|AC  0|TAMS 0x0000000084500000, 0x0000000084500000|
|  46|0x0000000084600000, 0x0000000084600000, 0x0000000084700000|  0%| F|  |TS  0|AC  0|TAMS 0x0000000084600000, 0x0000000084600000|
|  47|0x0000000084700000, 0x0000000084700000, 0x0000000084800000|  0%| F|  |TS  0|AC  0|TAMS 0x0000000084700000, 0x0000000084700000|
|  48|0x0000000084800000, 0x0000000084800000, 0x0000000084900000|  0%| F|  |TS  0|AC  0|TAMS 0x0000000084800000, 0x0000000084800000|
|  49|0x0000000084900000, 0x0000000084900000, 0x0000000084a00000|  0%| F|  |TS  0|AC  0|TAMS 0x0000000084900000, 0x0000000084900000|
|  50|0x0000000084a00000, 0x0000000084a00000, 0x0000000084b00000|  0%| F|  |TS  0|AC  0|TAMS 0x0000000084a00000, 0x0000000084a00000|
|  51|0x0000000084b00000, 0x0000000084b00000, 0x0000000084c00000|  0%| F|  |TS  0|AC  0|TAMS 0x0000000084b00000, 0x0000000084b00000|
|  52|0x0000000084c00000, 0x0000000084c00000, 0x0000000084d00000|  0%| F|  |TS  0|AC  0|TAMS 0x0000000084c00000, 0x0000000084c00000|
|  53|0x0000000084d00000, 0x0000000084d00000, 0x0000000084e00000|  0%| F|  |TS  0|AC  0|TAMS 0x0000000084d00000, 0x0000000084d00000|
|  54|0x0000000084e00000, 0x0000000084e00000, 0x0000000084f00000|  0%| F|  |TS  0|AC  0|TAMS 0x0000000084e00000, 0x0000000084e00000|
|  55|0x0000000084f00000, 0x0000000084f00000, 0x0000000085000000|  0%| F|  |TS  0|AC  0|TAMS 0x0000000084f00000, 0x0000000084f00000|
|  56|0x0000000085000000, 0x0000000085000000, 0x0000000085100000|  0%| F|  |TS  0|AC  0|TAMS 0x0000000085000000, 0x0000000085000000|
|  57|0x0000000085100000, 0x0000000085100000, 0x0000000085200000|  0%| F|  |TS  0|AC  0|TAMS 0x0000000085100000, 0x0000000085100000|
|  58|0x0000000085200000, 0x0000000085200000, 0x0000000085300000|  0%| F|  |TS  0|AC  0|TAMS 0x0000000085200000, 0x0000000085200000|
|  59|0x0000000085300000, 0x0000000085300000, 0x0000000085400000|  0%| F|  |TS  0|AC  0|TAMS 0x0000000085300000, 0x0000000085300000|
|  60|0x0000000085400000, 0x0000000085400000, 0x0000000085500000|  0%| F|  |TS  0|AC  0|TAMS 0x0000000085400000, 0x0000000085400000|
|  61|0x0000000085500000, 0x0000000085500000, 0x0000000085600000|  0%| F|  |TS  0|AC  0|TAMS 0x0000000085500000, 0x0000000085500000|
|  62|0x0000000085600000, 0x0000000085600000, 0x0000000085700000|  0%| F|  |TS  0|AC  0|TAMS 0x0000000085600000, 0x0000000085600000|
|  63|0x0000000085700000, 0x0000000085700000, 0x0000000085800000|  0%| F|  |TS  0|AC  0|TAMS 0x0000000085700000, 0x0000000085700000|
|  64|0x0000000085800000, 0x0000000085800000, 0x0000000085900000|  0%| F|  |TS  0|AC  0|TAMS 0x0000000085800000, 0x0000000085800000|
|  65|0x0000000085900000, 0x0000000085900000, 0x0000000085a00000|  0%| F|  |TS  0|AC  0|TAMS 0x0000000085900000, 0x0000000085900000|
|  66|0x0000000085a00000, 0x0000000085a00000, 0x0000000085b00000|  0%| F|  |TS  0|AC  0|TAMS 0x0000000085a00000, 0x0000000085a00000|
|  67|0x0000000085b00000, 0x0000000085b00000, 0x0000000085c00000|  0%| F|  |TS  0|AC  0|TAMS 0x0000000085b00000, 0x0000000085b00000|
|  68|0x0000000085c00000, 0x0000000085c00000, 0x0000000085d00000|  0%| F|  |TS  0|AC  0|TAMS 0x0000000085c00000, 0x0000000085c00000|
|  69|0x0000000085d00000, 0x0000000085d00000, 0x0000000085e00000|  0%| F|  |TS  0|AC  0|TAMS 0x0000000085d00000, 0x0000000085d00000|
|  70|0x0000000085e00000, 0x0000000085e00000, 0x0000000085f00000|  0%| F|  |TS  0|AC  0|TAMS 0x0000000085e00000, 0x0000000085e00000|
|  71|0x0000000085f00000, 0x0000000085f00000, 0x0000000086000000|  0%| F|  |TS  0|AC  0|TAMS 0x0000000085f00000, 0x0000000085f00000|
|  72|0x0000000086000000, 0x0000000086000000, 0x0000000086100000|  0%| F|  |TS  0|AC  0|TAMS 0x0000000086000000, 0x0000000086000000|
|  73|0x0000000086100000, 0x0000000086100000, 0x0000000086200000|  0%| F|  |TS  0|AC  0|TAMS 0x0000000086100000, 0x0000000086100000|
|  74|0x0000000086200000, 0x0000000086200000, 0x0000000086300000|  0%| F|  |TS  0|AC  0|TAMS 0x0000000086200000, 0x0000000086200000|
|  75|0x0000000086300000, 0x0000000086300000, 0x0000000086400000|  0%| F|  |TS  0|AC  0|TAMS 0x0000000086300000, 0x0000000086300000|
|  76|0x0000000086400000, 0x0000000086400000, 0x0000000086500000|  0%| F|  |TS  0|AC  0|TAMS 0x0000000086400000, 0x0000000086400000|
|  77|0x0000000086500000, 0x0000000086500000, 0x0000000086600000|  0%| F|  |TS  0|AC  0|TAMS 0x0000000086500000, 0x0000000086500000|
|  78|0x0000000086600000, 0x0000000086600000, 0x0000000086700000|  0%| F|  |TS  0|AC  0|TAMS 0x0000000086600000, 0x0000000086600000|
|  79|0x0000000086700000, 0x0000000086700000, 0x0000000086800000|  0%| F|  |TS  0|AC  0|TAMS 0x0000000086700000, 0x0000000086700000|
|  80|0x0000000086800000, 0x0000000086800000, 0x0000000086900000|  0%| F|  |TS  0|AC  0|TAMS 0x0000000086800000, 0x0000000086800000|
|  81|0x0000000086900000, 0x0000000086900000, 0x0000000086a00000|  0%| F|  |TS  0|AC  0|TAMS 0x0000000086900000, 0x0000000086900000|
|  82|0x0000000086a00000, 0x0000000086a00000, 0x0000000086b00000|  0%| F|  |TS  0|AC  0|TAMS 0x0000000086a00000, 0x0000000086a00000|
|  83|0x0000000086b00000, 0x0000000086b00000, 0x0000000086c00000|  0%| F|  |TS  0|AC  0|TAMS 0x0000000086b00000, 0x0000000086b00000|
|  84|0x0000000086c00000, 0x0000000086c00000, 0x0000000086d00000|  0%| F|  |TS  0|AC  0|TAMS 0x0000000086c00000, 0x0000000086c00000|
|  85|0x0000000086d00000, 0x0000000086d00000, 0x0000000086e00000|  0%| F|  |TS  0|AC  0|TAMS 0x0000000086d00000, 0x0000000086d00000|
|  86|0x0000000086e00000, 0x0000000086e00000, 0x0000000086f00000|  0%| F|  |TS  0|AC  0|TAMS 0x0000000086e00000, 0x0000000086e00000|
|  87|0x0000000086f00000, 0x0000000086f00000, 0x0000000087000000|  0%| F|  |TS  0|AC  0|TAMS 0x0000000086f00000, 0x0000000086f00000|
|  88|0x0000000087000000, 0x0000000087000000, 0x0000000087100000|  0%| F|  |TS  0|AC  0|TAMS 0x0000000087000000, 0x0000000087000000|
|  89|0x0000000087100000, 0x0000000087100000, 0x0000000087200000|  0%| F|  |TS  0|AC  0|TAMS 0x0000000087100000, 0x0000000087100000|
|  90|0x0000000087200000, 0x0000000087200000, 0x0000000087300000|  0%| F|  |TS  0|AC  0|TAMS 0x0000000087200000, 0x0000000087200000|
|  91|0x0000000087300000, 0x0000000087300000, 0x0000000087400000|  0%| F|  |TS  0|AC  0|TAMS 0x0000000087300000, 0x0000000087300000|
|  92|0x0000000087400000, 0x0000000087400000, 0x0000000087500000|  0%| F|  |TS  0|AC  0|TAMS 0x0000000087400000, 0x0000000087400000|
|  93|0x0000000087500000, 0x0000000087500000, 0x0000000087600000|  0%| F|  |TS  0|AC  0|TAMS 0x0000000087500000, 0x0000000087500000|
|  94|0x0000000087600000, 0x0000000087600000, 0x0000000087700000|  0%| F|  |TS  0|AC  0|TAMS 0x0000000087600000, 0x0000000087600000|
|  95|0x0000000087700000, 0x0000000087700000, 0x0000000087800000|  0%| F|  |TS  0|AC  0|TAMS 0x0000000087700000, 0x0000000087700000|
|  96|0x0000000087800000, 0x0000000087800000, 0x0000000087900000|  0%| F|  |TS  0|AC  0|TAMS 0x0000000087800000, 0x0000000087800000|
|  97|0x0000000087900000, 0x0000000087900000, 0x0000000087a00000|  0%| F|  |TS  0|AC  0|TAMS 0x0000000087900000, 0x0000000087900000|
|  98|0x0000000087a00000, 0x0000000087a00000, 0x0000000087b00000|  0%| F|  |TS  0|AC  0|TAMS 0x0000000087a00000, 0x0000000087a00000|
|  99|0x0000000087b00000, 0x0000000087b00000, 0x0000000087c00000|  0%| F|  |TS  0|AC  0|TAMS 0x0000000087b00000, 0x0000000087b00000|
| 100|0x0000000087c00000, 0x0000000087c00000, 0x0000000087d00000|  0%| F|  |TS  0|AC  0|TAMS 0x0000000087c00000, 0x0000000087c00000|
| 101|0x0000000087d00000, 0x0000000087d00000, 0x0000000087e00000|  0%| F|  |TS  0|AC  0|TAMS 0x0000000087d00000, 0x0000000087d00000|
| 102|0x0000000087e00000, 0x0000000087e00000, 0x0000000087f00000|  0%| F|  |TS  0|AC  0|TAMS 0x0000000087e00000, 0x0000000087e00000|
| 103|0x0000000087f00000, 0x0000000087f00000, 0x0000000088000000|  0%| F|  |TS  0|AC  0|TAMS 0x0000000087f00000, 0x0000000087f00000|
| 104|0x0000000088000000, 0x0000000088000000, 0x0000000088100000|  0%| F|  |TS  0|AC  0|TAMS 0x0000000088000000, 0x0000000088000000|
| 105|0x0000000088100000, 0x0000000088100000, 0x0000000088200000|  0%| F|  |TS  0|AC  0|TAMS 0x0000000088100000, 0x0000000088100000|
| 106|0x0000000088200000, 0x0000000088200000, 0x0000000088300000|  0%| F|  |TS  0|AC  0|TAMS 0x0000000088200000, 0x0000000088200000|
| 107|0x0000000088300000, 0x0000000088300000, 0x0000000088400000|  0%| F|  |TS  0|AC  0|TAMS 0x0000000088300000, 0x0000000088300000|
| 108|0x0000000088400000, 0x0000000088400000, 0x0000000088500000|  0%| F|  |TS  0|AC  0|TAMS 0x0000000088400000, 0x0000000088400000|
| 109|0x0000000088500000, 0x0000000088500000, 0x0000000088600000|  0%| F|  |TS  0|AC  0|TAMS 0x0000000088500000, 0x0000000088500000|
| 110|0x0000000088600000, 0x0000000088600000, 0x0000000088700000|  0%| F|  |TS  0|AC  0|TAMS 0x0000000088600000, 0x0000000088600000|
| 111|0x0000000088700000, 0x0000000088700000, 0x0000000088800000|  0%| F|  |TS  0|AC  0|TAMS 0x0000000088700000, 0x0000000088700000|
| 112|0x0000000088800000, 0x0000000088800000, 0x0000000088900000|  0%| F|  |TS  0|AC  0|TAMS 0x0000000088800000, 0x0000000088800000|
| 113|0x0000000088900000, 0x0000000088900000, 0x0000000088a00000|  0%| F|  |TS  0|AC  0|TAMS 0x0000000088900000, 0x0000000088900000|
| 114|0x0000000088a00000, 0x0000000088a00000, 0x0000000088b00000|  0%| F|  |TS  0|AC  0|TAMS 0x0000000088a00000, 0x0000000088a00000|
| 115|0x0000000088b00000, 0x0000000088b00000, 0x0000000088c00000|  0%| F|  |TS  0|AC  0|TAMS 0x0000000088b00000, 0x0000000088b00000|
| 116|0x0000000088c00000, 0x0000000088c00000, 0x0000000088d00000|  0%| F|  |TS  0|AC  0|TAMS 0x0000000088c00000, 0x0000000088c00000|
| 117|0x0000000088d00000, 0x0000000088d00000, 0x0000000088e00000|  0%| F|  |TS  0|AC  0|TAMS 0x0000000088d00000, 0x0000000088d00000|
| 118|0x0000000088e00000, 0x0000000088e00000, 0x0000000088f00000|  0%| F|  |TS  0|AC  0|TAMS 0x0000000088e00000, 0x0000000088e00000|
| 119|0x0000000088f00000, 0x0000000088fe3db0, 0x0000000089000000| 89%| E|  |TS  0|AC  0|TAMS 0x0000000088f00000, 0x0000000088f00000|
| 120|0x0000000089000000, 0x0000000089100000, 0x0000000089100000|100%| E|CS|TS  0|AC  0|TAMS 0x0000000089000000, 0x0000000089000000|
| 121|0x0000000089100000, 0x0000000089200000, 0x0000000089200000|100%| E|CS|TS  0|AC  0|TAMS 0x0000000089100000, 0x0000000089100000|
| 122|0x0000000089200000, 0x0000000089300000, 0x0000000089300000|100%| E|CS|TS  0|AC  0|TAMS 0x0000000089200000, 0x0000000089200000|
| 123|0x0000000089300000, 0x0000000089400000, 0x0000000089400000|100%| E|CS|TS  0|AC  0|TAMS 0x0000000089300000, 0x0000000089300000|
| 124|0x0000000089400000, 0x0000000089500000, 0x0000000089500000|100%| E|CS|TS  0|AC  0|TAMS 0x0000000089400000, 0x0000000089400000|
| 125|0x0000000089500000, 0x0000000089600000, 0x0000000089600000|100%| E|CS|TS  0|AC  0|TAMS 0x0000000089500000, 0x0000000089500000|
| 126|0x0000000089600000, 0x0000000089700000, 0x0000000089700000|100%| E|CS|TS  0|AC  0|TAMS 0x0000000089600000, 0x0000000089600000|
| 127|0x0000000089700000, 0x0000000089800000, 0x0000000089800000|100%| E|CS|TS  0|AC  0|TAMS 0x0000000089700000, 0x0000000089700000|

Card table byte_map: [0x0000023321db0000,0x00000233221b0000] byte_map_base: 0x00000233219a4000

Marking Bits (Prev, Next): (CMBitMap*) 0x0000023309aa9240, (CMBitMap*) 0x0000023309aa9278
 Prev Bits: [0x00000233225b0000, 0x0000023324550000)
 Next Bits: [0x0000023324550000, 0x00000233264f0000)

Polling page: 0x00000233099b0000

CodeHeap 'non-profiled nmethods': size=120064Kb used=272Kb max_used=272Kb free=119791Kb
 bounds [0x0000023319a50000, 0x0000023319cc0000, 0x0000023320f90000]
CodeHeap 'profiled nmethods': size=120000Kb used=1501Kb max_used=1501Kb free=118499Kb
 bounds [0x0000023312520000, 0x0000023312790000, 0x0000023319a50000]
CodeHeap 'non-nmethods': size=5696Kb used=1242Kb max_used=1262Kb free=4453Kb
 bounds [0x0000023311f90000, 0x0000023312200000, 0x0000023312520000]
 total_blobs=1479 nmethods=882 adapters=322
 compilation: enabled

Compilation events (10 events):
Event: 1.769 Thread 0x0000023329394000  880       3       java.lang.String::valueOf (15 bytes)
Event: 1.769 Thread 0x0000023329394000 nmethod 880 0x0000023312695810 code [0x00000233126959c0, 0x0000023312695c30]
Event: 1.769 Thread 0x0000023329394000  881       3       java.lang.invoke.DirectMethodHandle$Holder::invokeStatic (20 bytes)
Event: 1.769 Thread 0x0000023329394000 nmethod 881 0x0000023312695d10 code [0x0000023312695ee0, 0x0000023312696420]
Event: 1.769 Thread 0x0000023329394000  879       1       java.util.logging.LogManager$LoggerContext::getOwner (5 bytes)
Event: 1.769 Thread 0x0000023329394000 nmethod 879 0x0000023319a94010 code [0x0000023319a941c0, 0x0000023319a942d8]
Event: 1.864 Thread 0x0000023329394000  883       3       java.util.Vector::add (23 bytes)
Event: 1.865 Thread 0x0000023329394000 nmethod 883 0x0000023312696590 code [0x0000023312696780, 0x0000023312696da0]
Event: 1.865 Thread 0x0000023329394000  882       3       java.util.Vector::elementData (7 bytes)
Event: 1.865 Thread 0x0000023329394000 nmethod 882 0x0000023312697010 code [0x00000233126971c0, 0x0000023312697338]

GC Heap History (0 events):
No events

Deoptimization events (8 events):
Event: 0.595 Thread 0x0000023309a0a000 Uncommon trap: reason=unstable_if action=reinterpret pc=0x0000023319a70efc method=java.nio.Buffer.hasRemaining()Z @ 8 c2
Event: 1.167 Thread 0x0000023309a0a000 Uncommon trap: reason=unstable_if action=reinterpret pc=0x0000023319a76410 method=java.util.HashMap.putVal(ILjava/lang/Object;Ljava/lang/Object;ZZ)Ljava/lang/Object; @ 162 c2
Event: 1.373 Thread 0x0000023309a0a000 Uncommon trap: reason=unstable_if action=reinterpret pc=0x0000023319a882b4 method=java.lang.String.equalsIgnoreCase(Ljava/lang/String;)Z @ 10 c2
Event: 1.719 Thread 0x0000023309a0a000 Uncommon trap: reason=class_check action=maybe_recompile pc=0x0000023319a91918 method=java.util.regex.Pattern$SliceI.match(Ljava/util/regex/Matcher;ILjava/lang/CharSequence;)Z @ 92 c2
Event: 1.719 Thread 0x0000023309a0a000 Uncommon trap: reason=class_check action=maybe_recompile pc=0x0000023319a91918 method=java.util.regex.Pattern$SliceI.match(Ljava/util/regex/Matcher;ILjava/lang/CharSequence;)Z @ 92 c2
Event: 1.719 Thread 0x0000023309a0a000 Uncommon trap: reason=class_check action=maybe_recompile pc=0x0000023319a91918 method=java.util.regex.Pattern$SliceI.match(Ljava/util/regex/Matcher;ILjava/lang/CharSequence;)Z @ 92 c2
Event: 1.719 Thread 0x0000023309a0a000 Uncommon trap: reason=class_check action=maybe_recompile pc=0x0000023319a91918 method=java.util.regex.Pattern$SliceI.match(Ljava/util/regex/Matcher;ILjava/lang/CharSequence;)Z @ 92 c2
Event: 1.734 Thread 0x0000023309a0a000 Uncommon trap: reason=class_check action=maybe_recompile pc=0x0000023319a83f80 method=java.util.HashMap.putVal(ILjava/lang/Object;Ljava/lang/Object;ZZ)Ljava/lang/Object; @ 91 c2

Classes redefined (0 events):
No events

Internal exceptions (10 events):
Event: 1.253 Thread 0x0000023309a0a000 Exception <a 'java/lang/NoSuchMethodError'{0x0000000089116d28}: java.lang.invoke.DirectMethodHandle$Holder.invokeStatic(Ljava/lang/Object;Ljava/lang/Object;)I> (0x0000000089116d28) thrown at [t:/workspace/hotspot/src/share/vm/interpreter/linkResolver.cpp,
Event: 1.253 Thread 0x0000023309a0a000 Exception <a 'java/lang/NoSuchMethodError'{0x0000000089119ed8}: java.lang.invoke.DirectMethodHandle$Holder.invokeStaticInit(Ljava/lang/Object;Ljava/lang/Object;)I> (0x0000000089119ed8) thrown at [t:/workspace/hotspot/src/share/vm/interpreter/linkResolver.
Event: 1.261 Thread 0x0000023309a0a000 Exception <a 'java/lang/NoSuchMethodError'{0x000000008914da18}: method resolution failed> (0x000000008914da18) thrown at [t:/workspace/hotspot/src/share/vm/prims/methodHandles.cpp, line 1256]
Event: 1.262 Thread 0x0000023309a0a000 Exception <a 'java/lang/NoSuchMethodError'{0x0000000089150df8}: java.lang.invoke.DirectMethodHandle$Holder.invokeStaticInit(Ljava/lang/Object;IIII)Ljava/lang/Object;> (0x0000000089150df8) thrown at [t:/workspace/hotspot/src/share/vm/interpreter/linkResolv
Event: 1.264 Thread 0x0000023309a0a000 Exception <a 'sun/nio/fs/WindowsException'{0x0000000089156ea8}> (0x0000000089156ea8) thrown at [t:/workspace/hotspot/src/share/vm/prims/jni.cpp, line 604]
Event: 1.266 Thread 0x0000023309a0a000 Exception <a 'java/lang/NoSuchMethodError'{0x000000008915e448}: java.lang.Object.lambda$negate$3(I)Z> (0x000000008915e448) thrown at [t:/workspace/hotspot/src/share/vm/interpreter/linkResolver.cpp, line 731]
Event: 1.370 Thread 0x0000023309a0a000 Exception <a 'java/lang/NoSuchMethodError'{0x00000000890d5718}: method resolution failed> (0x00000000890d5718) thrown at [t:/workspace/hotspot/src/share/vm/prims/methodHandles.cpp, line 1256]
Event: 1.370 Thread 0x0000023309a0a000 Exception <a 'java/lang/NoSuchMethodError'{0x00000000890d8ff0}: java.lang.invoke.DirectMethodHandle$Holder.invokeStaticInit(Ljava/lang/Object;Ljava/lang/Object;IIII)Ljava/lang/Object;> (0x00000000890d8ff0) thrown at [t:/workspace/hotspot/src/share/vm/inte
Event: 1.373 Thread 0x0000023309a0a000 Implicit null exception at 0x0000023319a87d7b to 0x0000023319a882a1
Event: 1.705 Thread 0x0000023309a0a000 Exception <a 'java/lang/NoSuchMethodError'{0x0000000088f6eba8}: java.lang.Object.lambda$union$2(Ljava/util/regex/Pattern$CharPredicate;I)Z> (0x0000000088f6eba8) thrown at [t:/workspace/hotspot/src/share/vm/interpreter/linkResolver.cpp, line 731]

Events (10 events):
Event: 1.764 loading class javax/crypto/MacSpi
Event: 1.764 loading class javax/crypto/MacSpi done
Event: 1.764 loading class com/sun/crypto/provider/HmacCore done
Event: 1.764 loading class com/sun/crypto/provider/HmacSHA1 done
Event: 1.767 loading class java/lang/StrictMath
Event: 1.767 loading class java/lang/StrictMath done
Event: 1.769 loading class com/microsoft/sqlserver/jdbc/AuthenticationJNI
Event: 1.769 loading class com/microsoft/sqlserver/jdbc/AuthenticationJNI done
Event: 1.770 loading class java/lang/ClassLoaderHelper
Event: 1.770 loading class java/lang/ClassLoaderHelper done


Dynamic libraries:
0x00007ff729980000 - 0x00007ff7299be000 	C:\Program Files\Java\jre-9.0.4\bin\javaw.exe
0x00007ff84b180000 - 0x00007ff84b35b000 	C:\Windows\SYSTEM32\ntdll.dll
0x00007ff819930000 - 0x00007ff819964000 	C:\Program Files (x86)\AVG\Antivirus\x64\aswhooka.dll
0x00007ff848c40000 - 0x00007ff848cee000 	C:\Windows\System32\KERNEL32.DLL
0x00007ff847910000 - 0x00007ff847b59000 	C:\Windows\System32\KERNELBASE.dll
0x00007ff8497e0000 - 0x00007ff849881000 	C:\Windows\System32\ADVAPI32.dll
0x00007ff848900000 - 0x00007ff84899d000 	C:\Windows\System32\msvcrt.dll
0x00007ff848ff0000 - 0x00007ff849049000 	C:\Windows\System32\sechost.dll
0x00007ff8486e0000 - 0x00007ff848805000 	C:\Windows\System32\RPCRT4.dll
0x00007ff849bf0000 - 0x00007ff849d3a000 	C:\Windows\System32\USER32.dll
0x00007ff8476a0000 - 0x00007ff8476be000 	C:\Windows\System32\win32u.dll
0x00007ff848810000 - 0x00007ff848837000 	C:\Windows\System32\GDI32.dll
0x00007ff847bd0000 - 0x00007ff847d59000 	C:\Windows\System32\gdi32full.dll
0x00007ff847810000 - 0x00007ff8478aa000 	C:\Windows\System32\msvcp_win.dll
0x00007ff847710000 - 0x00007ff847806000 	C:\Windows\System32\ucrtbase.dll
0x00007ff838560000 - 0x00007ff8387c7000 	C:\Windows\WinSxS\amd64_microsoft.windows.common-controls_6595b64144ccf1df_6.0.15063.0_none_108e4f62dfe5d999\COMCTL32.dll
0x00007ff848cf0000 - 0x00007ff848fe9000 	C:\Windows\System32\combase.dll
0x00007ff847b60000 - 0x00007ff847bca000 	C:\Windows\System32\bcryptPrimitives.dll
0x00007ff837670000 - 0x00007ff83767a000 	C:\Windows\SYSTEM32\VERSION.dll
0x00007ff849a80000 - 0x00007ff849aad000 	C:\Windows\System32\IMM32.DLL
0x00007ff818530000 - 0x00007ff81861f000 	C:\Program Files\Java\jre-9.0.4\bin\msvcr120.dll
0x00007ff81d8f0000 - 0x00007ff81d996000 	C:\Program Files\Java\jre-9.0.4\bin\msvcp120.dll
0x0000000061620000 - 0x0000000062045000 	C:\Program Files\Java\jre-9.0.4\bin\server\jvm.dll
0x00007ff8489a0000 - 0x00007ff8489a8000 	C:\Windows\System32\PSAPI.DLL
0x00007ff835f00000 - 0x00007ff835f09000 	C:\Windows\SYSTEM32\WSOCK32.dll
0x00007ff849ab0000 - 0x00007ff849b1c000 	C:\Windows\System32\WS2_32.dll
0x00007ff83deb0000 - 0x00007ff83ded3000 	C:\Windows\SYSTEM32\WINMM.dll
0x00007ff83de50000 - 0x00007ff83de7b000 	C:\Windows\SYSTEM32\WINMMBASE.dll
0x00007ff8476c0000 - 0x00007ff847709000 	C:\Windows\System32\cfgmgr32.dll
0x00007ff82f810000 - 0x00007ff82f81f000 	C:\Program Files\Java\jre-9.0.4\bin\verify.dll
0x00007ff81d020000 - 0x00007ff81d047000 	C:\Program Files\Java\jre-9.0.4\bin\java.dll
0x00007ff81d000000 - 0x00007ff81d016000 	C:\Program Files\Java\jre-9.0.4\bin\zip.dll
0x00007ff823ab0000 - 0x00007ff823aba000 	C:\Program Files\Java\jre-9.0.4\bin\jimage.dll
0x00007ff849d40000 - 0x00007ff84b177000 	C:\Windows\System32\SHELL32.dll
0x00007ff848840000 - 0x00007ff8488ea000 	C:\Windows\System32\shcore.dll
0x00007ff847d60000 - 0x00007ff848452000 	C:\Windows\System32\windows.storage.dll
0x00007ff8489b0000 - 0x00007ff848a01000 	C:\Windows\System32\shlwapi.dll
0x00007ff847680000 - 0x00007ff847691000 	C:\Windows\System32\kernel.appcore.dll
0x00007ff847630000 - 0x00007ff84767c000 	C:\Windows\System32\powrprof.dll
0x00007ff8475f0000 - 0x00007ff847605000 	C:\Windows\System32\profapi.dll
0x00007ff81c650000 - 0x00007ff81c66a000 	C:\Program Files\Java\jre-9.0.4\bin\net.dll
0x00007ff843320000 - 0x00007ff8433f7000 	C:\Windows\SYSTEM32\WINHTTP.dll
0x00007ff846ea0000 - 0x00007ff846efc000 	C:\Windows\system32\mswsock.dll
0x00007ff81bee0000 - 0x00007ff81bef1000 	C:\Program Files\Java\jre-9.0.4\bin\nio.dll
0x00007ff846c90000 - 0x00007ff846d34000 	C:\Windows\SYSTEM32\DNSAPI.dll
0x00007ff849be0000 - 0x00007ff849be8000 	C:\Windows\System32\NSI.dll
0x00007ff846c40000 - 0x00007ff846c77000 	C:\Windows\SYSTEM32\IPHLPAPI.DLL
0x00007ff8373e0000 - 0x00007ff8373ea000 	C:\Windows\System32\rasadhlp.dll
0x00007ff83f980000 - 0x00007ff83f9eb000 	C:\Windows\System32\fwpuclnt.dll
0x00007ff8474f0000 - 0x00007ff847515000 	C:\Windows\SYSTEM32\bcrypt.dll
0x00007ff835270000 - 0x00007ff83527b000 	C:\Program Files\Java\jre-9.0.4\bin\sunmscapi.dll
0x00007ff848510000 - 0x00007ff8486d9000 	C:\Windows\System32\CRYPT32.dll
0x00007ff847610000 - 0x00007ff847621000 	C:\Windows\System32\MSASN1.dll
0x00007ff81f690000 - 0x00007ff81f6b3000 	C:\Program Files\Java\jre-9.0.4\bin\sunec.dll
0x00007ff847040000 - 0x00007ff847057000 	C:\Windows\SYSTEM32\CRYPTSP.dll
0x00007ff846ac0000 - 0x00007ff846af4000 	C:\Windows\system32\rsaenh.dll
0x00007ff8474c0000 - 0x00007ff8474e9000 	C:\Windows\SYSTEM32\USERENV.dll
0x00007ff847060000 - 0x00007ff84706b000 	C:\Windows\SYSTEM32\CRYPTBASE.dll
0x00007ff842690000 - 0x00007ff8426a6000 	C:\Windows\SYSTEM32\dhcpcsvc6.DLL
0x00007ff842860000 - 0x00007ff84287a000 	C:\Windows\SYSTEM32\dhcpcsvc.DLL
0x00007ff81c600000 - 0x00007ff81c64b000 	C:\Windows\System32\sqljdbc_auth.dll
0x00007ff849890000 - 0x00007ff8499d3000 	C:\Windows\System32\ole32.dll
0x00007ff837710000 - 0x00007ff83771c000 	C:\Windows\system32\secur32.dll
0x00007ff847520000 - 0x00007ff847550000 	C:\Windows\SYSTEM32\SSPICLI.DLL
0x00007ff846f50000 - 0x00007ff84703d000 	C:\Windows\system32\kerberos.DLL
0x00007ff846e30000 - 0x00007ff846e9a000 	C:\Windows\system32\msv1_0.DLL
0x00007ff846e20000 - 0x00007ff846e2c000 	C:\Windows\SYSTEM32\NtlmShared.dll
0x00007ff846f00000 - 0x00007ff846f14000 	C:\Windows\SYSTEM32\cryptdll.dll
0x00007ff826640000 - 0x00007ff826668000 	C:\Windows\system32\ntdsapi.dll
0x00007ff842650000 - 0x00007ff842666000 	C:\Windows\system32\napinsp.dll
0x00007ff842310000 - 0x00007ff84232a000 	C:\Windows\system32\pnrpnsp.dll
0x00007ff845960000 - 0x00007ff845978000 	C:\Windows\system32\NLAapi.dll
0x00007ff844ec0000 - 0x00007ff844ece000 	C:\Windows\System32\winrnr.dll
0x00007ff841e90000 - 0x00007ff841ea5000 	C:\Windows\System32\wshbth.dll
0x00007ff837230000 - 0x00007ff8373d9000 	C:\Windows\SYSTEM32\dbghelp.dll

VM Arguments:
jvm_args: -Dfile.encoding=UTF-8 
java_command: cmc.data.view.Program
java_class_path (initial): D:\IMIC\IMIC-WORKSPACE\MVC3Layer\CMC_JAVA_JDBC\bin;D:\IMIC\IMIC-WORKSPACE\MVC3Layer\CMC_JAVA_JDBC\libs\sqljdbc4-2.0.jar
Launcher Type: SUN_STANDARD

Logging:
Log output configuration:
#0: stdout all=warning uptime,level,tags
#1: stderr all=off uptime,level,tags

Environment Variables:
PATH=C:\ProgramData\Oracle\Java\javapath;C:\Windows\system32;C:\Windows;C:\Windows\System32\Wbem;C:\Windows\System32\WindowsPowerShell\v1.0\;C:\Program Files (x86)\Microsoft SQL Server\100\Tools\Binn\;C:\Program Files\Microsoft SQL Server\100\Tools\Binn\;C:\Program Files\Microsoft SQL Server\100\DTS\Binn\;C:\Program Files\MySQL\MySQL Utilities 1.6\;C:\Program Files\nodejs\;C:\Program Files (x86)\Yarn\bin;C:\Program Files\Git\cmd;C:\Program Files\Microsoft SQL Server\Client SDK\ODBC\130\Tools\Binn\;C:\Program Files (x86)\Microsoft SQL Server\140\Tools\Binn\;C:\Program Files\Microsoft SQL Server\140\Tools\Binn\;C:\Program Files\Microsoft SQL Server\140\DTS\Binn\;C:\Program Files (x86)\Microsoft SQL Server\Client SDK\ODBC\130\Tools\Binn\;C:\Program Files (x86)\Microsoft SQL Server\140\DTS\Binn\;C:\Program Files (x86)\Microsoft SQL Server\140\Tools\Binn\ManagementStudio\;C:\Users\Admin\AppData\Local\Microsoft\WindowsApps;C:\Users\Admin\AppData\Roaming\npm;C:\Program Files\Microsoft VS Code\bin;C:\Program Files\MongoDB\Server\3.6\bin;C:\Users\Admin\AppData\Local\Yarn\bin;C:\Program Files\Java\jdk-9.0.4\bin;
USERNAME=Admin
OS=Windows_NT
PROCESSOR_IDENTIFIER=Intel64 Family 6 Model 142 Stepping 9, GenuineIntel



---------------  S Y S T E M  ---------------

OS: Windows 10 , 64 bit Build 15063 (10.0.15063.0)

CPU:total 4 (initial active 4) (2 cores per cpu, 2 threads per core) family 6 model 142 stepping 9, cmov, cx8, fxsr, mmx, sse, sse2, sse3, ssse3, sse4.1, sse4.2, popcnt, avx, avx2, aes, clmul, erms, 3dnowpref, lzcnt, ht, tsc, tscinvbit, bmi1, bmi2, adx, fma

Memory: 4k page, physical 8286436k(4902880k free), swap 9597156k(6177564k free)

vm_info: Java HotSpot(TM) 64-Bit Server VM (9.0.4+11) for windows-amd64 JRE (9.0.4+11), built on Dec 20 2017 02:18:54 by "mach5one" with MS VC++ 12.0 (VS2013)

END.
