#
# A fatal error has been detected by the Java Runtime Environment:
#
#  EXCEPTION_ACCESS_VIOLATION (0xc0000005) at pc=0x000000006fcdfb53, pid=5284, tid=200
#
# JRE version: Java(TM) SE Runtime Environment (9.0+11) (build 9.0.4+11)
# Java VM: Java HotSpot(TM) 64-Bit Server VM (9.0.4+11, mixed mode, tiered, compressed oops, g1 gc, windows-amd64)
# Problematic frame:
# V  [jvm.dll+0x38fb53]
#
# No core dump will be written. Minidumps are not enabled by default on client versions of Windows
#
# If you would like to submit a bug report, please visit:
#   http://bugreport.java.com/bugreport/crash.jsp
#

---------------  S U M M A R Y ------------

Command Line: -agentlib:jdwp=transport=dt_socket,suspend=y,address=localhost:51465 -Dfile.encoding=UTF-8 cmc.data.view.Program

Host: Intel(R) Core(TM) i5-7200U CPU @ 2.50GHz, 4 cores, 7G,  Windows 10 , 64 bit Build 15063 (10.0.15063.0)
Time: Wed Mar 07 08:30:54 2018 SE Asia Standard Time elapsed time: 1 seconds (0d 0h 0m 1s)

---------------  T H R E A D  ---------------

Current thread (0x0000015956dca800):  JavaThread "main" [_thread_in_vm, id=200, stack(0x0000000c31600000,0x0000000c31700000)]

Stack: [0x0000000c31600000,0x0000000c31700000],  sp=0x0000000c316fe4d0,  free space=1017k
Native frames: (J=compiled Java code, j=interpreted, Vv=VM code, C=native code)
V  [jvm.dll+0x38fb53]
C  [sqljdbc_auth.dll+0x6777]
C  0x000001595f291b95

Java frames: (J=compiled Java code, j=interpreted, Vv=VM code)
j  com.microsoft.sqlserver.jdbc.AuthenticationJNI.SNISecGenClientContext([B[I[BI[B[I[ZLjava/lang/String;Ljava/lang/String;Ljava/lang/String;Ljava/util/logging/Logger;)I+0
j  com.microsoft.sqlserver.jdbc.AuthenticationJNI.GenerateClientContext([BI[B[I[Z)I+24
j  com.microsoft.sqlserver.jdbc.SQLServerConnection.SSPIData([B[B[I[ZLcom/microsoft/sqlserver/jdbc/AuthenticationJNI;)V+13
j  com.microsoft.sqlserver.jdbc.SQLServerConnection.sendLogon(Lcom/microsoft/sqlserver/jdbc/SQLServerConnection$LogonCommand;Lcom/microsoft/sqlserver/jdbc/AuthenticationJNI;)V+155
j  com.microsoft.sqlserver.jdbc.SQLServerConnection.logon(Lcom/microsoft/sqlserver/jdbc/SQLServerConnection$LogonCommand;)V+20
j  com.microsoft.sqlserver.jdbc.SQLServerConnection.access$000(Lcom/microsoft/sqlserver/jdbc/SQLServerConnection;Lcom/microsoft/sqlserver/jdbc/SQLServerConnection$LogonCommand;)V+2
j  com.microsoft.sqlserver.jdbc.SQLServerConnection$LogonCommand.doExecute()Z+5
j  com.microsoft.sqlserver.jdbc.TDSCommand.execute(Lcom/microsoft/sqlserver/jdbc/TDSWriter;Lcom/microsoft/sqlserver/jdbc/TDSReader;)Z+30
j  com.microsoft.sqlserver.jdbc.SQLServerConnection.executeCommand(Lcom/microsoft/sqlserver/jdbc/TDSCommand;)Z+45
j  com.microsoft.sqlserver.jdbc.SQLServerConnection.connectHelper(Lcom/microsoft/sqlserver/jdbc/ServerPortPlaceHolder;II)V+284
j  com.microsoft.sqlserver.jdbc.SQLServerConnection.login(Ljava/lang/String;Ljava/lang/String;ILjava/lang/String;Lcom/microsoft/sqlserver/jdbc/FailoverInfo;IJ)V+399
j  com.microsoft.sqlserver.jdbc.SQLServerConnection.connect(Ljava/util/Properties;Lcom/microsoft/sqlserver/jdbc/SQLServerPooledConnection;)Ljava/sql/Connection;+1929
j  com.microsoft.sqlserver.jdbc.SQLServerDriver.connect(Ljava/lang/String;Ljava/util/Properties;)Ljava/sql/Connection;+45
j  java.sql.DriverManager.getConnection(Ljava/lang/String;Ljava/util/Properties;Ljava/lang/Class;)Ljava/sql/Connection;+124 java.sql@9.0.4
j  java.sql.DriverManager.getConnection(Ljava/lang/String;Ljava/lang/String;Ljava/lang/String;)Ljava/sql/Connection;+37 java.sql@9.0.4
j  cmc.data.sqlserver.ConnectDB.Connect()Ljava/sql/Connection;+12
j  cmc.data.dao.StudentDAO.getList(Ljava/lang/String;)Ljava/util/List;+0
j  cmc.data.business.StudentBUS.getAllStudent()Ljava/util/List;+19
j  cmc.data.view.Program.main([Ljava/lang/String;)V+25
v  ~StubRoutines::call_stub

siginfo: EXCEPTION_ACCESS_VIOLATION (0xc0000005), reading address 0x000000037dae04e8


Register to memory mapping:

RIP=0x000000006fcdfb53 jvm.dll
RAX=0x00000000700c3af8 jvm.dll
RBX=0x0000015956dca800 is a thread
RCX=0x0000000000000003 is an unknown value
RDX=0x000000037dae0480 is an unknown value
RSP=0x0000000c316fe4d0 is pointing into the stack for thread: 0x0000015956dca800
RBP=0x0000000c316fe620 is pointing into the stack for thread: 0x0000015956dca800
RSI=0x0000015956dcaa18 is an unknown value
RDI=0x00000159760349c0 is pointing into metadata
R8 =0x0000000000000001 is an unknown value
R9 =0x8101010101010100 is an unknown value
R10=0x78f0fef8fcfefef8 is an unknown value
R11=0x0000000088e69600 is pointing into object: 0x0000000088e695f0
[B 
{0x0000000088e695f0} - klass: {type array byte}
 - length: 47
R12=0x0000000c316fe860 is pointing into the stack for thread: 0x0000015956dca800
R13=0x0000000000000000 is an unknown value
R14=0x0000000c316fe858 is pointing into the stack for thread: 0x0000015956dca800
R15=0x0000000000000000 is an unknown value


Registers:
RAX=0x00000000700c3af8, RBX=0x0000015956dca800, RCX=0x0000000000000003, RDX=0x000000037dae0480
RSP=0x0000000c316fe4d0, RBP=0x0000000c316fe620, RSI=0x0000015956dcaa18, RDI=0x00000159760349c0
R8 =0x0000000000000001, R9 =0x8101010101010100, R10=0x78f0fef8fcfefef8, R11=0x0000000088e69600
R12=0x0000000c316fe860, R13=0x0000000000000000, R14=0x0000000c316fe858, R15=0x0000000000000000
RIP=0x000000006fcdfb53, EFLAGS=0x0000000000010202

Top of Stack: (sp=0x0000000c316fe4d0)
0x0000000c316fe4d0:   0000000000000000 0000015956dca800
0x0000000c316fe4e0:   00007fff2ca5d110 0000000000000000
0x0000000c316fe4f0:   0000015956dca800 0000000000000000
0x0000000c316fe500:   0000000000000000 0000000000000000
0x0000000c316fe510:   0000015956de3620 00007fff2ca36777
0x0000000c316fe520:   0000015956dcaa18 0000000c316fe620
0x0000000c316fe530:   00000159760349c0 000001595f2e75f7
0x0000000c316fe540:   000001595f2e7900 0000000000000000
0x0000000c316fe550:   0000000000000000 0000000000000000
0x0000000c316fe560:   000001595f2e7500 0000015901000000
0x0000000c316fe570:   0000000c316fe4d0 0000000000000000
0x0000000c316fe580:   0000000000000000 0000000000000000
0x0000000c316fe590:   0000000000000000 0000000000000000
0x0000000c316fe5a0:   0000000000000000 0000000000000000
0x0000000c316fe5b0:   0000000c316fe828 0000000000000000
0x0000000c316fe5c0:   0000000c316fe840 0000000c316fe838 

Instructions: (pc=0x000000006fcdfb53)
0x000000006fcdfb33:   dd 7e 5c 00 00 74 15 8b 50 08 8b 0d 85 b6 57 00
0x000000006fcdfb43:   48 d3 e2 48 03 15 73 b6 57 00 eb 04 48 8b 50 08
0x000000006fcdfb53:   48 8b 52 68 48 8b ce e8 a1 38 02 00 48 83 7c 24
0x000000006fcdfb63:   28 00 48 8b e8 74 0a 48 8d 4c 24 20 e8 dc 91 22 



---------------  P R O C E S S  ---------------

Java Threads: ( => current thread )
  0x0000015976a28800 JavaThread "Service Thread" daemon [_thread_blocked, id=10932, stack(0x0000000c33000000,0x0000000c33100000)]
  0x0000015976a16000 JavaThread "JDWP Command Reader" daemon [_thread_in_native, id=5580, stack(0x0000000c32f00000,0x0000000c33000000)]
  0x0000015976a15800 JavaThread "JDWP Event Helper Thread" daemon [_thread_blocked, id=6580, stack(0x0000000c32e00000,0x0000000c32f00000)]
  0x00000159769fe000 JavaThread "JDWP Transport Listener: dt_socket" daemon [_thread_blocked, id=8512, stack(0x0000000c32d00000,0x0000000c32e00000)]
  0x000001597677c800 JavaThread "Common-Cleaner" daemon [_thread_blocked, id=284, stack(0x0000000c32c00000,0x0000000c32d00000)]
  0x000001597671c000 JavaThread "Sweeper thread" daemon [_thread_blocked, id=392, stack(0x0000000c32b00000,0x0000000c32c00000)]
  0x0000015976716800 JavaThread "C1 CompilerThread2" daemon [_thread_blocked, id=6912, stack(0x0000000c32a00000,0x0000000c32b00000)]
  0x000001597670d800 JavaThread "C2 CompilerThread1" daemon [_thread_blocked, id=8504, stack(0x0000000c32900000,0x0000000c32a00000)]
  0x00000159766ab000 JavaThread "C2 CompilerThread0" daemon [_thread_blocked, id=10028, stack(0x0000000c32800000,0x0000000c32900000)]
  0x00000159766a8000 JavaThread "Attach Listener" daemon [_thread_blocked, id=8412, stack(0x0000000c32700000,0x0000000c32800000)]
  0x00000159766a7000 JavaThread "Signal Dispatcher" daemon [_thread_blocked, id=10004, stack(0x0000000c32600000,0x0000000c32700000)]
  0x00000159766a5000 JavaThread "Finalizer" daemon [_thread_blocked, id=1912, stack(0x0000000c32400000,0x0000000c32500000)]
  0x0000015976691800 JavaThread "Reference Handler" daemon [_thread_blocked, id=4900, stack(0x0000000c32300000,0x0000000c32400000)]
=>0x0000015956dca800 JavaThread "main" [_thread_in_vm, id=200, stack(0x0000000c31600000,0x0000000c31700000)]

Other Threads:
  0x000001597665e000 VMThread "VM Thread" [stack: 0x0000000c32200000,0x0000000c32300000] [id=10564]
  0x0000015976a30800 WatcherThread [stack: 0x0000000c33100000,0x0000000c33200000] [id=10908]
  0x0000015956de2800 GCTaskThread "GC Thread#0" [stack: 0x0000000c31700000,0x0000000c31800000] [id=9736]
  0x0000015956de4000 GCTaskThread "GC Thread#1" [stack: 0x0000000c31800000,0x0000000c31900000] [id=5504]
  0x0000015956de6000 GCTaskThread "GC Thread#2" [stack: 0x0000000c31900000,0x0000000c31a00000] [id=9508]
  0x0000015956de7800 GCTaskThread "GC Thread#3" [stack: 0x0000000c31a00000,0x0000000c31b00000] [id=4772]
  0x0000015956e5e800 ConcurrentGCThread "G1 Main Marker" [stack: 0x0000000c32000000,0x0000000c32100000] [id=8976]
  0x0000015956e63000 ConcurrentGCThread "G1 Marker#0" [stack: 0x0000000c32100000,0x0000000c32200000] [id=5108]
  0x0000015956df2800 ConcurrentGCThread "G1 Refine#0" [stack: 0x0000000c31e00000,0x0000000c31f00000] [id=11256]
  0x0000015956df0800 ConcurrentGCThread "G1 Refine#1" [stack: 0x0000000c31d00000,0x0000000c31e00000] [id=9572]
  0x0000015956dee000 ConcurrentGCThread "G1 Refine#2" [stack: 0x0000000c31c00000,0x0000000c31d00000] [id=7760]
  0x0000015956dea000 ConcurrentGCThread "G1 Refine#3" [stack: 0x0000000c31b00000,0x0000000c31c00000] [id=8836]
  0x0000015956df5000 ConcurrentGCThread "G1 Young RemSet Sampling" [stack: 0x0000000c31f00000,0x0000000c32000000] [id=7520]

Threads with active compile tasks:

VM state:not at safepoint (normal execution)

VM Mutex/Monitor currently owned by a thread: None

Heap address: 0x0000000081800000, size: 2024 MB, Compressed Oops mode: 32-bit
Narrow klass base: 0x0000000000000000, Narrow klass shift: 3
Compressed class space size: 1073741824 Address: 0x0000000100000000

Heap:
 garbage-first heap   total 131072K, used 9216K [0x0000000081800000, 0x0000000081900400, 0x0000000100000000)
  region size 1024K, 10 young (10240K), 0 survivors (0K)
 Metaspace       used 11059K, capacity 11386K, committed 11520K, reserved 1058816K
  class space    used 1171K, capacity 1273K, committed 1280K, reserved 1048576K
Heap Regions: E=young(eden), S=young(survivor), O=old, HS=humongous(starts), HC=humongous(continues), CS=collection set, F=free, A=archive, TS=gc time stamp, AC=allocation context, TAMS=top-at-mark-start (previous, next)
|   0|0x0000000081800000, 0x0000000081800000, 0x0000000081900000|  0%| F|  |TS  0|AC  0|TAMS 0x0000000081800000, 0x0000000081800000|
|   1|0x0000000081900000, 0x0000000081900000, 0x0000000081a00000|  0%| F|  |TS  0|AC  0|TAMS 0x0000000081900000, 0x0000000081900000|
|   2|0x0000000081a00000, 0x0000000081a00000, 0x0000000081b00000|  0%| F|  |TS  0|AC  0|TAMS 0x0000000081a00000, 0x0000000081a00000|
|   3|0x0000000081b00000, 0x0000000081b00000, 0x0000000081c00000|  0%| F|  |TS  0|AC  0|TAMS 0x0000000081b00000, 0x0000000081b00000|
|   4|0x0000000081c00000, 0x0000000081c00000, 0x0000000081d00000|  0%| F|  |TS  0|AC  0|TAMS 0x0000000081c00000, 0x0000000081c00000|
|   5|0x0000000081d00000, 0x0000000081d00000, 0x0000000081e00000|  0%| F|  |TS  0|AC  0|TAMS 0x0000000081d00000, 0x0000000081d00000|
|   6|0x0000000081e00000, 0x0000000081e00000, 0x0000000081f00000|  0%| F|  |TS  0|AC  0|TAMS 0x0000000081e00000, 0x0000000081e00000|
|   7|0x0000000081f00000, 0x0000000081f00000, 0x0000000082000000|  0%| F|  |TS  0|AC  0|TAMS 0x0000000081f00000, 0x0000000081f00000|
|   8|0x0000000082000000, 0x0000000082000000, 0x0000000082100000|  0%| F|  |TS  0|AC  0|TAMS 0x0000000082000000, 0x0000000082000000|
|   9|0x0000000082100000, 0x0000000082100000, 0x0000000082200000|  0%| F|  |TS  0|AC  0|TAMS 0x0000000082100000, 0x0000000082100000|
|  10|0x0000000082200000, 0x0000000082200000, 0x0000000082300000|  0%| F|  |TS  0|AC  0|TAMS 0x0000000082200000, 0x0000000082200000|
|  11|0x0000000082300000, 0x0000000082300000, 0x0000000082400000|  0%| F|  |TS  0|AC  0|TAMS 0x0000000082300000, 0x0000000082300000|
|  12|0x0000000082400000, 0x0000000082400000, 0x0000000082500000|  0%| F|  |TS  0|AC  0|TAMS 0x0000000082400000, 0x0000000082400000|
|  13|0x0000000082500000, 0x0000000082500000, 0x0000000082600000|  0%| F|  |TS  0|AC  0|TAMS 0x0000000082500000, 0x0000000082500000|
|  14|0x0000000082600000, 0x0000000082600000, 0x0000000082700000|  0%| F|  |TS  0|AC  0|TAMS 0x0000000082600000, 0x0000000082600000|
|  15|0x0000000082700000, 0x0000000082700000, 0x0000000082800000|  0%| F|  |TS  0|AC  0|TAMS 0x0000000082700000, 0x0000000082700000|
|  16|0x0000000082800000, 0x0000000082800000, 0x0000000082900000|  0%| F|  |TS  0|AC  0|TAMS 0x0000000082800000, 0x0000000082800000|
|  17|0x0000000082900000, 0x0000000082900000, 0x0000000082a00000|  0%| F|  |TS  0|AC  0|TAMS 0x0000000082900000, 0x0000000082900000|
|  18|0x0000000082a00000, 0x0000000082a00000, 0x0000000082b00000|  0%| F|  |TS  0|AC  0|TAMS 0x0000000082a00000, 0x0000000082a00000|
|  19|0x0000000082b00000, 0x0000000082b00000, 0x0000000082c00000|  0%| F|  |TS  0|AC  0|TAMS 0x0000000082b00000, 0x0000000082b00000|
|  20|0x0000000082c00000, 0x0000000082c00000, 0x0000000082d00000|  0%| F|  |TS  0|AC  0|TAMS 0x0000000082c00000, 0x0000000082c00000|
|  21|0x0000000082d00000, 0x0000000082d00000, 0x0000000082e00000|  0%| F|  |TS  0|AC  0|TAMS 0x0000000082d00000, 0x0000000082d00000|
|  22|0x0000000082e00000, 0x0000000082e00000, 0x0000000082f00000|  0%| F|  |TS  0|AC  0|TAMS 0x0000000082e00000, 0x0000000082e00000|
|  23|0x0000000082f00000, 0x0000000082f00000, 0x0000000083000000|  0%| F|  |TS  0|AC  0|TAMS 0x0000000082f00000, 0x0000000082f00000|
|  24|0x0000000083000000, 0x0000000083000000, 0x0000000083100000|  0%| F|  |TS  0|AC  0|TAMS 0x0000000083000000, 0x0000000083000000|
|  25|0x0000000083100000, 0x0000000083100000, 0x0000000083200000|  0%| F|  |TS  0|AC  0|TAMS 0x0000000083100000, 0x0000000083100000|
|  26|0x0000000083200000, 0x0000000083200000, 0x0000000083300000|  0%| F|  |TS  0|AC  0|TAMS 0x0000000083200000, 0x0000000083200000|
|  27|0x0000000083300000, 0x0000000083300000, 0x0000000083400000|  0%| F|  |TS  0|AC  0|TAMS 0x0000000083300000, 0x0000000083300000|
|  28|0x0000000083400000, 0x0000000083400000, 0x0000000083500000|  0%| F|  |TS  0|AC  0|TAMS 0x0000000083400000, 0x0000000083400000|
|  29|0x0000000083500000, 0x0000000083500000, 0x0000000083600000|  0%| F|  |TS  0|AC  0|TAMS 0x0000000083500000, 0x0000000083500000|
|  30|0x0000000083600000, 0x0000000083600000, 0x0000000083700000|  0%| F|  |TS  0|AC  0|TAMS 0x0000000083600000, 0x0000000083600000|
|  31|0x0000000083700000, 0x0000000083700000, 0x0000000083800000|  0%| F|  |TS  0|AC  0|TAMS 0x0000000083700000, 0x0000000083700000|
|  32|0x0000000083800000, 0x0000000083800000, 0x0000000083900000|  0%| F|  |TS  0|AC  0|TAMS 0x0000000083800000, 0x0000000083800000|
|  33|0x0000000083900000, 0x0000000083900000, 0x0000000083a00000|  0%| F|  |TS  0|AC  0|TAMS 0x0000000083900000, 0x0000000083900000|
|  34|0x0000000083a00000, 0x0000000083a00000, 0x0000000083b00000|  0%| F|  |TS  0|AC  0|TAMS 0x0000000083a00000, 0x0000000083a00000|
|  35|0x0000000083b00000, 0x0000000083b00000, 0x0000000083c00000|  0%| F|  |TS  0|AC  0|TAMS 0x0000000083b00000, 0x0000000083b00000|
|  36|0x0000000083c00000, 0x0000000083c00000, 0x0000000083d00000|  0%| F|  |TS  0|AC  0|TAMS 0x0000000083c00000, 0x0000000083c00000|
|  37|0x0000000083d00000, 0x0000000083d00000, 0x0000000083e00000|  0%| F|  |TS  0|AC  0|TAMS 0x0000000083d00000, 0x0000000083d00000|
|  38|0x0000000083e00000, 0x0000000083e00000, 0x0000000083f00000|  0%| F|  |TS  0|AC  0|TAMS 0x0000000083e00000, 0x0000000083e00000|
|  39|0x0000000083f00000, 0x0000000083f00000, 0x0000000084000000|  0%| F|  |TS  0|AC  0|TAMS 0x0000000083f00000, 0x0000000083f00000|
|  40|0x0000000084000000, 0x0000000084000000, 0x0000000084100000|  0%| F|  |TS  0|AC  0|TAMS 0x0000000084000000, 0x0000000084000000|
|  41|0x0000000084100000, 0x0000000084100000, 0x0000000084200000|  0%| F|  |TS  0|AC  0|TAMS 0x0000000084100000, 0x0000000084100000|
|  42|0x0000000084200000, 0x0000000084200000, 0x0000000084300000|  0%| F|  |TS  0|AC  0|TAMS 0x0000000084200000, 0x0000000084200000|
|  43|0x0000000084300000, 0x0000000084300000, 0x0000000084400000|  0%| F|  |TS  0|AC  0|TAMS 0x0000000084300000, 0x0000000084300000|
|  44|0x0000000084400000, 0x0000000084400000, 0x0000000084500000|  0%| F|  |TS  0|AC  0|TAMS 0x0000000084400000, 0x0000000084400000|
|  45|0x0000000084500000, 0x0000000084500000, 0x0000000084600000|  0%| F|  |TS  0|AC  0|TAMS 0x0000000084500000, 0x0000000084500000|
|  46|0x0000000084600000, 0x0000000084600000, 0x0000000084700000|  0%| F|  |TS  0|AC  0|TAMS 0x0000000084600000, 0x0000000084600000|
|  47|0x0000000084700000, 0x0000000084700000, 0x0000000084800000|  0%| F|  |TS  0|AC  0|TAMS 0x0000000084700000, 0x0000000084700000|
|  48|0x0000000084800000, 0x0000000084800000, 0x0000000084900000|  0%| F|  |TS  0|AC  0|TAMS 0x0000000084800000, 0x0000000084800000|
|  49|0x0000000084900000, 0x0000000084900000, 0x0000000084a00000|  0%| F|  |TS  0|AC  0|TAMS 0x0000000084900000, 0x0000000084900000|
|  50|0x0000000084a00000, 0x0000000084a00000, 0x0000000084b00000|  0%| F|  |TS  0|AC  0|TAMS 0x0000000084a00000, 0x0000000084a00000|
|  51|0x0000000084b00000, 0x0000000084b00000, 0x0000000084c00000|  0%| F|  |TS  0|AC  0|TAMS 0x0000000084b00000, 0x0000000084b00000|
|  52|0x0000000084c00000, 0x0000000084c00000, 0x0000000084d00000|  0%| F|  |TS  0|AC  0|TAMS 0x0000000084c00000, 0x0000000084c00000|
|  53|0x0000000084d00000, 0x0000000084d00000, 0x0000000084e00000|  0%| F|  |TS  0|AC  0|TAMS 0x0000000084d00000, 0x0000000084d00000|
|  54|0x0000000084e00000, 0x0000000084e00000, 0x0000000084f00000|  0%| F|  |TS  0|AC  0|TAMS 0x0000000084e00000, 0x0000000084e00000|
|  55|0x0000000084f00000, 0x0000000084f00000, 0x0000000085000000|  0%| F|  |TS  0|AC  0|TAMS 0x0000000084f00000, 0x0000000084f00000|
|  56|0x0000000085000000, 0x0000000085000000, 0x0000000085100000|  0%| F|  |TS  0|AC  0|TAMS 0x0000000085000000, 0x0000000085000000|
|  57|0x0000000085100000, 0x0000000085100000, 0x0000000085200000|  0%| F|  |TS  0|AC  0|TAMS 0x0000000085100000, 0x0000000085100000|
|  58|0x0000000085200000, 0x0000000085200000, 0x0000000085300000|  0%| F|  |TS  0|AC  0|TAMS 0x0000000085200000, 0x0000000085200000|
|  59|0x0000000085300000, 0x0000000085300000, 0x0000000085400000|  0%| F|  |TS  0|AC  0|TAMS 0x0000000085300000, 0x0000000085300000|
|  60|0x0000000085400000, 0x0000000085400000, 0x0000000085500000|  0%| F|  |TS  0|AC  0|TAMS 0x0000000085400000, 0x0000000085400000|
|  61|0x0000000085500000, 0x0000000085500000, 0x0000000085600000|  0%| F|  |TS  0|AC  0|TAMS 0x0000000085500000, 0x0000000085500000|
|  62|0x0000000085600000, 0x0000000085600000, 0x0000000085700000|  0%| F|  |TS  0|AC  0|TAMS 0x0000000085600000, 0x0000000085600000|
|  63|0x0000000085700000, 0x0000000085700000, 0x0000000085800000|  0%| F|  |TS  0|AC  0|TAMS 0x0000000085700000, 0x0000000085700000|
|  64|0x0000000085800000, 0x0000000085800000, 0x0000000085900000|  0%| F|  |TS  0|AC  0|TAMS 0x0000000085800000, 0x0000000085800000|
|  65|0x0000000085900000, 0x0000000085900000, 0x0000000085a00000|  0%| F|  |TS  0|AC  0|TAMS 0x0000000085900000, 0x0000000085900000|
|  66|0x0000000085a00000, 0x0000000085a00000, 0x0000000085b00000|  0%| F|  |TS  0|AC  0|TAMS 0x0000000085a00000, 0x0000000085a00000|
|  67|0x0000000085b00000, 0x0000000085b00000, 0x0000000085c00000|  0%| F|  |TS  0|AC  0|TAMS 0x0000000085b00000, 0x0000000085b00000|
|  68|0x0000000085c00000, 0x0000000085c00000, 0x0000000085d00000|  0%| F|  |TS  0|AC  0|TAMS 0x0000000085c00000, 0x0000000085c00000|
|  69|0x0000000085d00000, 0x0000000085d00000, 0x0000000085e00000|  0%| F|  |TS  0|AC  0|TAMS 0x0000000085d00000, 0x0000000085d00000|
|  70|0x0000000085e00000, 0x0000000085e00000, 0x0000000085f00000|  0%| F|  |TS  0|AC  0|TAMS 0x0000000085e00000, 0x0000000085e00000|
|  71|0x0000000085f00000, 0x0000000085f00000, 0x0000000086000000|  0%| F|  |TS  0|AC  0|TAMS 0x0000000085f00000, 0x0000000085f00000|
|  72|0x0000000086000000, 0x0000000086000000, 0x0000000086100000|  0%| F|  |TS  0|AC  0|TAMS 0x0000000086000000, 0x0000000086000000|
|  73|0x0000000086100000, 0x0000000086100000, 0x0000000086200000|  0%| F|  |TS  0|AC  0|TAMS 0x0000000086100000, 0x0000000086100000|
|  74|0x0000000086200000, 0x0000000086200000, 0x0000000086300000|  0%| F|  |TS  0|AC  0|TAMS 0x0000000086200000, 0x0000000086200000|
|  75|0x0000000086300000, 0x0000000086300000, 0x0000000086400000|  0%| F|  |TS  0|AC  0|TAMS 0x0000000086300000, 0x0000000086300000|
|  76|0x0000000086400000, 0x0000000086400000, 0x0000000086500000|  0%| F|  |TS  0|AC  0|TAMS 0x0000000086400000, 0x0000000086400000|
|  77|0x0000000086500000, 0x0000000086500000, 0x0000000086600000|  0%| F|  |TS  0|AC  0|TAMS 0x0000000086500000, 0x0000000086500000|
|  78|0x0000000086600000, 0x0000000086600000, 0x0000000086700000|  0%| F|  |TS  0|AC  0|TAMS 0x0000000086600000, 0x0000000086600000|
|  79|0x0000000086700000, 0x0000000086700000, 0x0000000086800000|  0%| F|  |TS  0|AC  0|TAMS 0x0000000086700000, 0x0000000086700000|
|  80|0x0000000086800000, 0x0000000086800000, 0x0000000086900000|  0%| F|  |TS  0|AC  0|TAMS 0x0000000086800000, 0x0000000086800000|
|  81|0x0000000086900000, 0x0000000086900000, 0x0000000086a00000|  0%| F|  |TS  0|AC  0|TAMS 0x0000000086900000, 0x0000000086900000|
|  82|0x0000000086a00000, 0x0000000086a00000, 0x0000000086b00000|  0%| F|  |TS  0|AC  0|TAMS 0x0000000086a00000, 0x0000000086a00000|
|  83|0x0000000086b00000, 0x0000000086b00000, 0x0000000086c00000|  0%| F|  |TS  0|AC  0|TAMS 0x0000000086b00000, 0x0000000086b00000|
|  84|0x0000000086c00000, 0x0000000086c00000, 0x0000000086d00000|  0%| F|  |TS  0|AC  0|TAMS 0x0000000086c00000, 0x0000000086c00000|
|  85|0x0000000086d00000, 0x0000000086d00000, 0x0000000086e00000|  0%| F|  |TS  0|AC  0|TAMS 0x0000000086d00000, 0x0000000086d00000|
|  86|0x0000000086e00000, 0x0000000086e00000, 0x0000000086f00000|  0%| F|  |TS  0|AC  0|TAMS 0x0000000086e00000, 0x0000000086e00000|
|  87|0x0000000086f00000, 0x0000000086f00000, 0x0000000087000000|  0%| F|  |TS  0|AC  0|TAMS 0x0000000086f00000, 0x0000000086f00000|
|  88|0x0000000087000000, 0x0000000087000000, 0x0000000087100000|  0%| F|  |TS  0|AC  0|TAMS 0x0000000087000000, 0x0000000087000000|
|  89|0x0000000087100000, 0x0000000087100000, 0x0000000087200000|  0%| F|  |TS  0|AC  0|TAMS 0x0000000087100000, 0x0000000087100000|
|  90|0x0000000087200000, 0x0000000087200000, 0x0000000087300000|  0%| F|  |TS  0|AC  0|TAMS 0x0000000087200000, 0x0000000087200000|
|  91|0x0000000087300000, 0x0000000087300000, 0x0000000087400000|  0%| F|  |TS  0|AC  0|TAMS 0x0000000087300000, 0x0000000087300000|
|  92|0x0000000087400000, 0x0000000087400000, 0x0000000087500000|  0%| F|  |TS  0|AC  0|TAMS 0x0000000087400000, 0x0000000087400000|
|  93|0x0000000087500000, 0x0000000087500000, 0x0000000087600000|  0%| F|  |TS  0|AC  0|TAMS 0x0000000087500000, 0x0000000087500000|
|  94|0x0000000087600000, 0x0000000087600000, 0x0000000087700000|  0%| F|  |TS  0|AC  0|TAMS 0x0000000087600000, 0x0000000087600000|
|  95|0x0000000087700000, 0x0000000087700000, 0x0000000087800000|  0%| F|  |TS  0|AC  0|TAMS 0x0000000087700000, 0x0000000087700000|
|  96|0x0000000087800000, 0x0000000087800000, 0x0000000087900000|  0%| F|  |TS  0|AC  0|TAMS 0x0000000087800000, 0x0000000087800000|
|  97|0x0000000087900000, 0x0000000087900000, 0x0000000087a00000|  0%| F|  |TS  0|AC  0|TAMS 0x0000000087900000, 0x0000000087900000|
|  98|0x0000000087a00000, 0x0000000087a00000, 0x0000000087b00000|  0%| F|  |TS  0|AC  0|TAMS 0x0000000087a00000, 0x0000000087a00000|
|  99|0x0000000087b00000, 0x0000000087b00000, 0x0000000087c00000|  0%| F|  |TS  0|AC  0|TAMS 0x0000000087b00000, 0x0000000087b00000|
| 100|0x0000000087c00000, 0x0000000087c00000, 0x0000000087d00000|  0%| F|  |TS  0|AC  0|TAMS 0x0000000087c00000, 0x0000000087c00000|
| 101|0x0000000087d00000, 0x0000000087d00000, 0x0000000087e00000|  0%| F|  |TS  0|AC  0|TAMS 0x0000000087d00000, 0x0000000087d00000|
| 102|0x0000000087e00000, 0x0000000087e00000, 0x0000000087f00000|  0%| F|  |TS  0|AC  0|TAMS 0x0000000087e00000, 0x0000000087e00000|
| 103|0x0000000087f00000, 0x0000000087f00000, 0x0000000088000000|  0%| F|  |TS  0|AC  0|TAMS 0x0000000087f00000, 0x0000000087f00000|
| 104|0x0000000088000000, 0x0000000088000000, 0x0000000088100000|  0%| F|  |TS  0|AC  0|TAMS 0x0000000088000000, 0x0000000088000000|
| 105|0x0000000088100000, 0x0000000088100000, 0x0000000088200000|  0%| F|  |TS  0|AC  0|TAMS 0x0000000088100000, 0x0000000088100000|
| 106|0x0000000088200000, 0x0000000088200000, 0x0000000088300000|  0%| F|  |TS  0|AC  0|TAMS 0x0000000088200000, 0x0000000088200000|
| 107|0x0000000088300000, 0x0000000088300000, 0x0000000088400000|  0%| F|  |TS  0|AC  0|TAMS 0x0000000088300000, 0x0000000088300000|
| 108|0x0000000088400000, 0x0000000088400000, 0x0000000088500000|  0%| F|  |TS  0|AC  0|TAMS 0x0000000088400000, 0x0000000088400000|
| 109|0x0000000088500000, 0x0000000088500000, 0x0000000088600000|  0%| F|  |TS  0|AC  0|TAMS 0x0000000088500000, 0x0000000088500000|
| 110|0x0000000088600000, 0x0000000088600000, 0x0000000088700000|  0%| F|  |TS  0|AC  0|TAMS 0x0000000088600000, 0x0000000088600000|
| 111|0x0000000088700000, 0x0000000088700000, 0x0000000088800000|  0%| F|  |TS  0|AC  0|TAMS 0x0000000088700000, 0x0000000088700000|
| 112|0x0000000088800000, 0x0000000088800000, 0x0000000088900000|  0%| F|  |TS  0|AC  0|TAMS 0x0000000088800000, 0x0000000088800000|
| 113|0x0000000088900000, 0x0000000088900000, 0x0000000088a00000|  0%| F|  |TS  0|AC  0|TAMS 0x0000000088900000, 0x0000000088900000|
| 114|0x0000000088a00000, 0x0000000088a00000, 0x0000000088b00000|  0%| F|  |TS  0|AC  0|TAMS 0x0000000088a00000, 0x0000000088a00000|
| 115|0x0000000088b00000, 0x0000000088b00000, 0x0000000088c00000|  0%| F|  |TS  0|AC  0|TAMS 0x0000000088b00000, 0x0000000088b00000|
| 116|0x0000000088c00000, 0x0000000088c00000, 0x0000000088d00000|  0%| F|  |TS  0|AC  0|TAMS 0x0000000088c00000, 0x0000000088c00000|
| 117|0x0000000088d00000, 0x0000000088d00000, 0x0000000088e00000|  0%| F|  |TS  0|AC  0|TAMS 0x0000000088d00000, 0x0000000088d00000|
| 118|0x0000000088e00000, 0x0000000088e8fe18, 0x0000000088f00000| 56%| E|  |TS  0|AC  0|TAMS 0x0000000088e00000, 0x0000000088e00000|
| 119|0x0000000088f00000, 0x0000000089000000, 0x0000000089000000|100%| E|CS|TS  0|AC  0|TAMS 0x0000000088f00000, 0x0000000088f00000|
| 120|0x0000000089000000, 0x0000000089100000, 0x0000000089100000|100%| E|CS|TS  0|AC  0|TAMS 0x0000000089000000, 0x0000000089000000|
| 121|0x0000000089100000, 0x0000000089200000, 0x0000000089200000|100%| E|CS|TS  0|AC  0|TAMS 0x0000000089100000, 0x0000000089100000|
| 122|0x0000000089200000, 0x0000000089300000, 0x0000000089300000|100%| E|CS|TS  0|AC  0|TAMS 0x0000000089200000, 0x0000000089200000|
| 123|0x0000000089300000, 0x0000000089400000, 0x0000000089400000|100%| E|CS|TS  0|AC  0|TAMS 0x0000000089300000, 0x0000000089300000|
| 124|0x0000000089400000, 0x0000000089500000, 0x0000000089500000|100%| E|CS|TS  0|AC  0|TAMS 0x0000000089400000, 0x0000000089400000|
| 125|0x0000000089500000, 0x0000000089600000, 0x0000000089600000|100%| E|CS|TS  0|AC  0|TAMS 0x0000000089500000, 0x0000000089500000|
| 126|0x0000000089600000, 0x0000000089700000, 0x0000000089700000|100%| E|CS|TS  0|AC  0|TAMS 0x0000000089600000, 0x0000000089600000|
| 127|0x0000000089700000, 0x0000000089800000, 0x0000000089800000|100%| E|CS|TS  0|AC  0|TAMS 0x0000000089700000, 0x0000000089700000|

Card table byte_map: [0x000001596f0b0000,0x000001596f4b0000] byte_map_base: 0x000001596eca4000

Marking Bits (Prev, Next): (CMBitMap*) 0x0000015956e5de80, (CMBitMap*) 0x0000015956e5deb8
 Prev Bits: [0x000001596f8b0000, 0x0000015971850000)
 Next Bits: [0x0000015971850000, 0x00000159737f0000)

Polling page: 0x0000015956d70000

CodeHeap 'non-profiled nmethods': size=120064Kb used=279Kb max_used=279Kb free=119784Kb
 bounds [0x0000015966d30000, 0x0000015966fa0000, 0x000001596e270000]
CodeHeap 'profiled nmethods': size=120000Kb used=1507Kb max_used=1507Kb free=118493Kb
 bounds [0x000001595f800000, 0x000001595fa70000, 0x0000015966d30000]
CodeHeap 'non-nmethods': size=5696Kb used=1238Kb max_used=1259Kb free=4457Kb
 bounds [0x000001595f270000, 0x000001595f4e0000, 0x000001595f800000]
 total_blobs=1464 nmethods=873 adapters=322
 compilation: enabled

Compilation events (10 events):
Event: 1.199 Thread 0x0000015976716800  870       1       java.util.logging.LogManager$LoggerContext::getOwner (5 bytes)
Event: 1.199 Thread 0x0000015976716800 nmethod 870 0x0000015966d75b10 code [0x0000015966d75cc0, 0x0000015966d75dd8]
Event: 1.200 Thread 0x0000015976716800  872       3       java.lang.invoke.DirectMethodHandle$Holder::invokeStatic (15 bytes)
Event: 1.200 Thread 0x0000015976716800 nmethod 872 0x000001595f977090 code [0x000001595f977260, 0x000001595f977760]
Event: 1.200 Thread 0x0000015976716800  871       3       java.lang.String::valueOf (15 bytes)
Event: 1.200 Thread 0x0000015976716800 nmethod 871 0x000001595f977890 code [0x000001595f977a40, 0x000001595f977cb0]
Event: 1.202 Thread 0x0000015976716800  874       3       java.util.Vector::add (23 bytes)
Event: 1.203 Thread 0x0000015976716800 nmethod 874 0x000001595f977d90 code [0x000001595f977f80, 0x000001595f9785c0]
Event: 1.203 Thread 0x0000015976716800  873       3       java.util.Vector::elementData (7 bytes)
Event: 1.203 Thread 0x0000015976716800 nmethod 873 0x000001595f978810 code [0x000001595f9789c0, 0x000001595f978b38]

GC Heap History (0 events):
No events

Deoptimization events (9 events):
Event: 0.923 Thread 0x0000015956dca800 Uncommon trap: reason=unstable_if action=reinterpret pc=0x0000015966d4aa00 method=java.nio.Buffer.hasRemaining()Z @ 8 c2
Event: 0.975 Thread 0x0000015956dca800 Uncommon trap: reason=unstable_if action=reinterpret pc=0x0000015966d56c30 method=java.util.HashMap.putVal(ILjava/lang/Object;Ljava/lang/Object;ZZ)Ljava/lang/Object; @ 162 c2
Event: 1.012 Thread 0x0000015956dca800 Uncommon trap: reason=class_check action=maybe_recompile pc=0x0000015966d62d8c method=java.util.HashMap.putVal(ILjava/lang/Object;Ljava/lang/Object;ZZ)Ljava/lang/Object; @ 253 c2
Event: 1.012 Thread 0x0000015956dca800 Uncommon trap: reason=class_check action=maybe_recompile pc=0x0000015966d62d8c method=java.util.HashMap.putVal(ILjava/lang/Object;Ljava/lang/Object;ZZ)Ljava/lang/Object; @ 253 c2
Event: 1.012 Thread 0x0000015956dca800 Uncommon trap: reason=class_check action=maybe_recompile pc=0x0000015966d62d8c method=java.util.HashMap.putVal(ILjava/lang/Object;Ljava/lang/Object;ZZ)Ljava/lang/Object; @ 253 c2
Event: 1.012 Thread 0x0000015956dca800 Uncommon trap: reason=class_check action=maybe_recompile pc=0x0000015966d62d8c method=java.util.HashMap.putVal(ILjava/lang/Object;Ljava/lang/Object;ZZ)Ljava/lang/Object; @ 253 c2
Event: 1.143 Thread 0x0000015956dca800 Uncommon trap: reason=unstable_if action=reinterpret pc=0x0000015966d68944 method=java.lang.String.equalsIgnoreCase(Ljava/lang/String;)Z @ 10 c2
Event: 1.166 Thread 0x0000015956dca800 Uncommon trap: reason=unstable_if action=reinterpret pc=0x0000015966d69900 method=java.util.regex.Pattern$SliceI.match(Ljava/util/regex/Matcher;ILjava/lang/CharSequence;)Z @ 29 c2
Event: 1.174 Thread 0x0000015956dca800 Uncommon trap: reason=class_check action=maybe_recompile pc=0x0000015966d652e4 method=java.util.HashMap.putVal(ILjava/lang/Object;Ljava/lang/Object;ZZ)Ljava/lang/Object; @ 91 c2

Classes redefined (0 events):
No events

Internal exceptions (10 events):
Event: 1.004 Thread 0x0000015956dca800 Exception <a 'java/lang/NoSuchMethodError'{0x00000000891a1ba8}: java.lang.invoke.DirectMethodHandle$Holder.invokeStatic(Ljava/lang/Object;Ljava/lang/Object;)I> (0x00000000891a1ba8) thrown at [t:/workspace/hotspot/src/share/vm/interpreter/linkResolver.cpp,
Event: 1.005 Thread 0x0000015956dca800 Exception <a 'java/lang/NoSuchMethodError'{0x00000000891a4d58}: java.lang.invoke.DirectMethodHandle$Holder.invokeStaticInit(Ljava/lang/Object;Ljava/lang/Object;)I> (0x00000000891a4d58) thrown at [t:/workspace/hotspot/src/share/vm/interpreter/linkResolver.
Event: 1.014 Thread 0x0000015956dca800 Exception <a 'java/lang/NoSuchMethodError'{0x00000000891d8648}: method resolution failed> (0x00000000891d8648) thrown at [t:/workspace/hotspot/src/share/vm/prims/methodHandles.cpp, line 1256]
Event: 1.017 Thread 0x0000015956dca800 Exception <a 'java/lang/NoSuchMethodError'{0x00000000891dba28}: java.lang.invoke.DirectMethodHandle$Holder.invokeStaticInit(Ljava/lang/Object;IIII)Ljava/lang/Object;> (0x00000000891dba28) thrown at [t:/workspace/hotspot/src/share/vm/interpreter/linkResolv
Event: 1.019 Thread 0x0000015956dca800 Exception <a 'sun/nio/fs/WindowsException'{0x00000000891e1ad8}> (0x00000000891e1ad8) thrown at [t:/workspace/hotspot/src/share/vm/prims/jni.cpp, line 604]
Event: 1.022 Thread 0x0000015956dca800 Exception <a 'java/lang/NoSuchMethodError'{0x00000000891e9078}: java.lang.Object.lambda$negate$3(I)Z> (0x00000000891e9078) thrown at [t:/workspace/hotspot/src/share/vm/interpreter/linkResolver.cpp, line 731]
Event: 1.137 Thread 0x0000015956dca800 Exception <a 'java/lang/NoSuchMethodError'{0x0000000088f60198}: method resolution failed> (0x0000000088f60198) thrown at [t:/workspace/hotspot/src/share/vm/prims/methodHandles.cpp, line 1256]
Event: 1.138 Thread 0x0000015956dca800 Exception <a 'java/lang/NoSuchMethodError'{0x0000000088f63828}: java.lang.invoke.DirectMethodHandle$Holder.invokeStaticInit(Ljava/lang/Object;Ljava/lang/Object;IIII)Ljava/lang/Object;> (0x0000000088f63828) thrown at [t:/workspace/hotspot/src/share/vm/inte
Event: 1.143 Thread 0x0000015956dca800 Implicit null exception at 0x0000015966d68798 to 0x0000015966d68931
Event: 1.164 Thread 0x0000015956dca800 Exception <a 'java/lang/NoSuchMethodError'{0x0000000088ffe9f8}: java.lang.Object.lambda$union$2(Ljava/util/regex/Pattern$CharPredicate;I)Z> (0x0000000088ffe9f8) thrown at [t:/workspace/hotspot/src/share/vm/interpreter/linkResolver.cpp, line 731]

Events (10 events):
Event: 1.196 loading class javax/crypto/MacSpi
Event: 1.196 loading class javax/crypto/MacSpi done
Event: 1.196 loading class com/sun/crypto/provider/HmacCore done
Event: 1.196 loading class com/sun/crypto/provider/HmacSHA1 done
Event: 1.198 loading class java/lang/StrictMath
Event: 1.198 loading class java/lang/StrictMath done
Event: 1.200 loading class com/microsoft/sqlserver/jdbc/AuthenticationJNI
Event: 1.200 loading class com/microsoft/sqlserver/jdbc/AuthenticationJNI done
Event: 1.201 loading class java/lang/ClassLoaderHelper
Event: 1.201 loading class java/lang/ClassLoaderHelper done


Dynamic libraries:
0x00007ff727d80000 - 0x00007ff727dbe000 	C:\Program Files\Java\jre-9.0.4\bin\javaw.exe
0x00007fff55090000 - 0x00007fff5526b000 	C:\Windows\SYSTEM32\ntdll.dll
0x00007fff23c60000 - 0x00007fff23c94000 	C:\Program Files (x86)\AVG\Antivirus\x64\aswhooka.dll
0x00007fff54fe0000 - 0x00007fff5508e000 	C:\Windows\System32\KERNEL32.DLL
0x00007fff515b0000 - 0x00007fff517f9000 	C:\Windows\System32\KERNELBASE.dll
0x00007fff549e0000 - 0x00007fff54a81000 	C:\Windows\System32\ADVAPI32.dll
0x00007fff547d0000 - 0x00007fff5486d000 	C:\Windows\System32\msvcrt.dll
0x00007fff52820000 - 0x00007fff52879000 	C:\Windows\System32\sechost.dll
0x00007fff54aa0000 - 0x00007fff54bc5000 	C:\Windows\System32\RPCRT4.dll
0x00007fff52880000 - 0x00007fff529ca000 	C:\Windows\System32\USER32.dll
0x00007fff52420000 - 0x00007fff5243e000 	C:\Windows\System32\win32u.dll
0x00007fff54560000 - 0x00007fff54587000 	C:\Windows\System32\GDI32.dll
0x00007fff51920000 - 0x00007fff51aa9000 	C:\Windows\System32\gdi32full.dll
0x00007fff52380000 - 0x00007fff5241a000 	C:\Windows\System32\msvcp_win.dll
0x00007fff524a0000 - 0x00007fff52596000 	C:\Windows\System32\ucrtbase.dll
0x00007fff3fc90000 - 0x00007fff3fef7000 	C:\Windows\WinSxS\amd64_microsoft.windows.common-controls_6595b64144ccf1df_6.0.15063.0_none_108e4f62dfe5d999\COMCTL32.dll
0x00007fff52e20000 - 0x00007fff53119000 	C:\Windows\System32\combase.dll
0x00007fff51800000 - 0x00007fff5186a000 	C:\Windows\System32\bcryptPrimitives.dll
0x00007fff41e60000 - 0x00007fff41e6a000 	C:\Windows\SYSTEM32\VERSION.dll
0x00007fff54590000 - 0x00007fff545bd000 	C:\Windows\System32\IMM32.DLL
0x00007fff41230000 - 0x00007fff4131f000 	C:\Program Files\Java\jre-9.0.4\bin\msvcr120.dll
0x00007fff2a4b0000 - 0x00007fff2a556000 	C:\Program Files\Java\jre-9.0.4\bin\msvcp120.dll
0x000000006f950000 - 0x0000000070375000 	C:\Program Files\Java\jre-9.0.4\bin\server\jvm.dll
0x00007fff52810000 - 0x00007fff52818000 	C:\Windows\System32\PSAPI.DLL
0x00007fff42900000 - 0x00007fff42909000 	C:\Windows\SYSTEM32\WSOCK32.dll
0x00007fff527a0000 - 0x00007fff5280c000 	C:\Windows\System32\WS2_32.dll
0x00007fff4f730000 - 0x00007fff4f753000 	C:\Windows\SYSTEM32\WINMM.dll
0x00007fff4f650000 - 0x00007fff4f67b000 	C:\Windows\SYSTEM32\WINMMBASE.dll
0x00007fff525a0000 - 0x00007fff525e9000 	C:\Windows\System32\cfgmgr32.dll
0x00007fff4bbf0000 - 0x00007fff4bbff000 	C:\Program Files\Java\jre-9.0.4\bin\verify.dll
0x00007fff472f0000 - 0x00007fff47317000 	C:\Program Files\Java\jre-9.0.4\bin\java.dll
0x00007fff411f0000 - 0x00007fff41226000 	C:\Program Files\Java\jre-9.0.4\bin\jdwp.dll
0x00007fff411d0000 - 0x00007fff411e6000 	C:\Program Files\Java\jre-9.0.4\bin\zip.dll
0x00007fff40510000 - 0x00007fff4051a000 	C:\Program Files\Java\jre-9.0.4\bin\jimage.dll
0x00007fff53120000 - 0x00007fff54557000 	C:\Windows\System32\SHELL32.dll
0x00007fff526d0000 - 0x00007fff5277a000 	C:\Windows\System32\shcore.dll
0x00007fff51ab0000 - 0x00007fff521a2000 	C:\Windows\System32\windows.storage.dll
0x00007fff52670000 - 0x00007fff526c1000 	C:\Windows\System32\shlwapi.dll
0x00007fff51590000 - 0x00007fff515a1000 	C:\Windows\System32\kernel.appcore.dll
0x00007fff51520000 - 0x00007fff5156c000 	C:\Windows\System32\powrprof.dll
0x00007fff51500000 - 0x00007fff51515000 	C:\Windows\System32\profapi.dll
0x00007fff38330000 - 0x00007fff3834a000 	C:\Program Files\Java\jre-9.0.4\bin\net.dll
0x00007fff4c8d0000 - 0x00007fff4c9a7000 	C:\Windows\SYSTEM32\WINHTTP.dll
0x00007fff50db0000 - 0x00007fff50e0c000 	C:\Windows\system32\mswsock.dll
0x00007fff358a0000 - 0x00007fff358b1000 	C:\Program Files\Java\jre-9.0.4\bin\nio.dll
0x00007fff40460000 - 0x00007fff4046a000 	C:\Program Files\Java\jre-9.0.4\bin\dt_socket.dll
0x00007fff50ba0000 - 0x00007fff50c44000 	C:\Windows\SYSTEM32\DNSAPI.dll
0x00007fff52e10000 - 0x00007fff52e18000 	C:\Windows\System32\NSI.dll
0x00007fff50b50000 - 0x00007fff50b87000 	C:\Windows\SYSTEM32\IPHLPAPI.DLL
0x00007fff47f60000 - 0x00007fff47fcb000 	C:\Windows\System32\fwpuclnt.dll
0x00007fff513d0000 - 0x00007fff513f5000 	C:\Windows\SYSTEM32\bcrypt.dll
0x00007fff417b0000 - 0x00007fff417ba000 	C:\Windows\System32\rasadhlp.dll
0x00007fff38540000 - 0x00007fff3854b000 	C:\Program Files\Java\jre-9.0.4\bin\sunmscapi.dll
0x00007fff521b0000 - 0x00007fff52379000 	C:\Windows\System32\CRYPT32.dll
0x00007fff51570000 - 0x00007fff51581000 	C:\Windows\System32\MSASN1.dll
0x00007fff2ca80000 - 0x00007fff2caa3000 	C:\Program Files\Java\jre-9.0.4\bin\sunec.dll
0x00007fff50f50000 - 0x00007fff50f67000 	C:\Windows\SYSTEM32\CRYPTSP.dll
0x00007fff509d0000 - 0x00007fff50a04000 	C:\Windows\system32\rsaenh.dll
0x00007fff51430000 - 0x00007fff51459000 	C:\Windows\SYSTEM32\USERENV.dll
0x00007fff50f70000 - 0x00007fff50f7b000 	C:\Windows\SYSTEM32\CRYPTBASE.dll
0x00007fff49bf0000 - 0x00007fff49c06000 	C:\Windows\SYSTEM32\dhcpcsvc6.DLL
0x00007fff4a0c0000 - 0x00007fff4a0da000 	C:\Windows\SYSTEM32\dhcpcsvc.DLL
0x00007fff2ca30000 - 0x00007fff2ca7b000 	C:\Windows\System32\sqljdbc_auth.dll
0x00007fff54cf0000 - 0x00007fff54e33000 	C:\Windows\System32\ole32.dll
0x00007fff41f70000 - 0x00007fff41f7c000 	C:\Windows\system32\secur32.dll
0x00007fff51400000 - 0x00007fff51430000 	C:\Windows\SYSTEM32\SSPICLI.DLL
0x00007fff50e60000 - 0x00007fff50f4d000 	C:\Windows\system32\kerberos.DLL
0x00007fff50d40000 - 0x00007fff50daa000 	C:\Windows\system32\msv1_0.DLL
0x00007fff50d30000 - 0x00007fff50d3c000 	C:\Windows\SYSTEM32\NtlmShared.dll
0x00007fff50e10000 - 0x00007fff50e24000 	C:\Windows\SYSTEM32\cryptdll.dll
0x00007fff3c780000 - 0x00007fff3c7a8000 	C:\Windows\system32\ntdsapi.dll
0x00007fff4c740000 - 0x00007fff4c756000 	C:\Windows\system32\napinsp.dll
0x00007fff4c720000 - 0x00007fff4c73a000 	C:\Windows\system32\pnrpnsp.dll
0x00007fff4f6a0000 - 0x00007fff4f6b8000 	C:\Windows\system32\NLAapi.dll
0x00007fff4cb80000 - 0x00007fff4cb8e000 	C:\Windows\System32\winrnr.dll
0x00007fff4c180000 - 0x00007fff4c195000 	C:\Windows\System32\wshbth.dll
0x00007fff41c70000 - 0x00007fff41e19000 	C:\Windows\SYSTEM32\dbghelp.dll

VM Arguments:
jvm_args: -agentlib:jdwp=transport=dt_socket,suspend=y,address=localhost:51465 -Dfile.encoding=UTF-8 
java_command: cmc.data.view.Program
java_class_path (initial): D:\IMIC\IMIC-WORKSPACE\MVC3Layer\CMC_JAVA_JDBC\bin;D:\IMIC\IMIC-WORKSPACE\MVC3Layer\CMC_JAVA_JDBC\libs\sqljdbc4-2.0.jar
Launcher Type: SUN_STANDARD

Logging:
Log output configuration:
#0: stdout all=warning uptime,level,tags
#1: stderr all=off uptime,level,tags

Environment Variables:
PATH=C:/Program Files/Java/jdk1.8.0_161/bin/../jre/bin/server;C:/Program Files/Java/jdk1.8.0_161/bin/../jre/bin;C:/Program Files/Java/jdk1.8.0_161/bin/../jre/lib/amd64;C:\Windows\system32;C:\Windows;C:\Windows\System32\Wbem;C:\Windows\System32\WindowsPowerShell\v1.0\;C:\Program Files (x86)\Microsoft SQL Server\100\Tools\Binn\;C:\Program Files\Microsoft SQL Server\100\Tools\Binn\;C:\Program Files\Microsoft SQL Server\100\DTS\Binn\;C:\Program Files\MySQL\MySQL Utilities 1.6\;C:\Program Files\nodejs\;C:\Program Files (x86)\Yarn\bin;C:\Program Files\Git\cmd;C:\Program Files\Microsoft SQL Server\Client SDK\ODBC\130\Tools\Binn\;C:\Program Files (x86)\Microsoft SQL Server\140\Tools\Binn\;C:\Program Files\Microsoft SQL Server\140\Tools\Binn\;C:\Program Files\Microsoft SQL Server\140\DTS\Binn\;C:\Program Files (x86)\Microsoft SQL Server\Client SDK\ODBC\130\Tools\Binn\;C:\Program Files (x86)\Microsoft SQL Server\140\DTS\Binn\;C:\Program Files (x86)\Microsoft SQL Server\140\Tools\Binn\ManagementStudio\;C:\Users\Admin\AppData\Local\Microsoft\WindowsApps;C:\Users\Admin\AppData\Roaming\npm;C:\Program Files\Microsoft VS Code\bin;C:\Program Files\MongoDB\Server\3.6\bin;C:\Users\Admin\AppData\Local\Yarn\bin;C:\Program Files\Java\jdk1.8.0_161\bin;;D:\Setup\JavaSE\eclipse;
USERNAME=Admin
OS=Windows_NT
PROCESSOR_IDENTIFIER=Intel64 Family 6 Model 142 Stepping 9, GenuineIntel



---------------  S Y S T E M  ---------------

OS: Windows 10 , 64 bit Build 15063 (10.0.15063.0)

CPU:total 4 (initial active 4) (2 cores per cpu, 2 threads per core) family 6 model 142 stepping 9, cmov, cx8, fxsr, mmx, sse, sse2, sse3, ssse3, sse4.1, sse4.2, popcnt, avx, avx2, aes, clmul, erms, 3dnowpref, lzcnt, ht, tsc, tscinvbit, bmi1, bmi2, adx, fma

Memory: 4k page, physical 8286436k(3794148k free), swap 9597156k(4711392k free)

vm_info: Java HotSpot(TM) 64-Bit Server VM (9.0.4+11) for windows-amd64 JRE (9.0.4+11), built on Dec 20 2017 02:18:54 by "mach5one" with MS VC++ 12.0 (VS2013)

END.
