#
# A fatal error has been detected by the Java Runtime Environment:
#
#  EXCEPTION_ACCESS_VIOLATION (0xc0000005) at pc=0x00000000619afb2e, pid=7260, tid=5000
#
# JRE version: Java(TM) SE Runtime Environment (9.0+11) (build 9.0.4+11)
# Java VM: Java HotSpot(TM) 64-Bit Server VM (9.0.4+11, mixed mode, tiered, compressed oops, g1 gc, windows-amd64)
# Problematic frame:
# V  [jvm.dll+0x38fb2e]
#
# No core dump will be written. Minidumps are not enabled by default on client versions of Windows
#
# If you would like to submit a bug report, please visit:
#   http://bugreport.java.com/bugreport/crash.jsp
#

---------------  S U M M A R Y ------------

Command Line: -Dfile.encoding=UTF-8 cmc.data.view.Program

Host: Intel(R) Core(TM) i5-7200U CPU @ 2.50GHz, 4 cores, 7G,  Windows 10 , 64 bit Build 15063 (10.0.15063.0)
Time: Wed Mar 07 11:22:11 2018 SE Asia Standard Time elapsed time: 0 seconds (0d 0h 0m 0s)

---------------  T H R E A D  ---------------

Current thread (0x000001db5528a000):  JavaThread "main" [_thread_in_vm, id=5000, stack(0x00000051e1000000,0x00000051e1100000)]

Stack: [0x00000051e1000000,0x00000051e1100000],  sp=0x00000051e10fe310,  free space=1016k
Native frames: (J=compiled Java code, j=interpreted, Vv=VM code, C=native code)
V  [jvm.dll+0x38fb2e]
C  [sqljdbc_auth.dll+0x6777]
C  0x000001db5d6d921c

Java frames: (J=compiled Java code, j=interpreted, Vv=VM code)
j  com.microsoft.sqlserver.jdbc.AuthenticationJNI.SNISecGenClientContext([B[I[BI[B[I[ZLjava/lang/String;Ljava/lang/String;Ljava/lang/String;Ljava/util/logging/Logger;)I+0
j  com.microsoft.sqlserver.jdbc.AuthenticationJNI.GenerateClientContext([BI[B[I[Z)I+24
j  com.microsoft.sqlserver.jdbc.SQLServerConnection.SSPIData([B[B[I[ZLcom/microsoft/sqlserver/jdbc/AuthenticationJNI;)V+13
j  com.microsoft.sqlserver.jdbc.SQLServerConnection.sendLogon(Lcom/microsoft/sqlserver/jdbc/SQLServerConnection$LogonCommand;Lcom/microsoft/sqlserver/jdbc/AuthenticationJNI;)V+155
j  com.microsoft.sqlserver.jdbc.SQLServerConnection.logon(Lcom/microsoft/sqlserver/jdbc/SQLServerConnection$LogonCommand;)V+20
j  com.microsoft.sqlserver.jdbc.SQLServerConnection.access$000(Lcom/microsoft/sqlserver/jdbc/SQLServerConnection;Lcom/microsoft/sqlserver/jdbc/SQLServerConnection$LogonCommand;)V+2
j  com.microsoft.sqlserver.jdbc.SQLServerConnection$LogonCommand.doExecute()Z+5
j  com.microsoft.sqlserver.jdbc.TDSCommand.execute(Lcom/microsoft/sqlserver/jdbc/TDSWriter;Lcom/microsoft/sqlserver/jdbc/TDSReader;)Z+30
j  com.microsoft.sqlserver.jdbc.SQLServerConnection.executeCommand(Lcom/microsoft/sqlserver/jdbc/TDSCommand;)Z+45
j  com.microsoft.sqlserver.jdbc.SQLServerConnection.connectHelper(Lcom/microsoft/sqlserver/jdbc/ServerPortPlaceHolder;II)V+284
j  com.microsoft.sqlserver.jdbc.SQLServerConnection.login(Ljava/lang/String;Ljava/lang/String;ILjava/lang/String;Lcom/microsoft/sqlserver/jdbc/FailoverInfo;IJ)V+399
j  com.microsoft.sqlserver.jdbc.SQLServerConnection.connect(Ljava/util/Properties;Lcom/microsoft/sqlserver/jdbc/SQLServerPooledConnection;)Ljava/sql/Connection;+1929
j  com.microsoft.sqlserver.jdbc.SQLServerDriver.connect(Ljava/lang/String;Ljava/util/Properties;)Ljava/sql/Connection;+45
j  java.sql.DriverManager.getConnection(Ljava/lang/String;Ljava/util/Properties;Ljava/lang/Class;)Ljava/sql/Connection;+124 java.sql@9.0.4
j  java.sql.DriverManager.getConnection(Ljava/lang/String;Ljava/lang/String;Ljava/lang/String;)Ljava/sql/Connection;+37 java.sql@9.0.4
j  cmc.data.sqlserver.ConnectDB.Connect()Ljava/sql/Connection;+12
j  cmc.data.dao.StudentDAO.getList(Ljava/lang/String;)Ljava/util/List;+0
j  cmc.data.business.StudentBUS.getAllStudent()Ljava/util/List;+19
j  cmc.data.view.Program.main([Ljava/lang/String;)V+25
v  ~StubRoutines::call_stub

siginfo: EXCEPTION_ACCESS_VIOLATION (0xc0000005), reading address 0x00000000000166a8


Register to memory mapping:

RIP=0x00000000619afb2e jvm.dll
RAX=0x0000000000000000 is an unknown value
RBX=0x000001db5528a000 is a thread
RCX=0x0000000000000a00 is an unknown value
RDX=0x00000000000166a8 is an unknown value
RSP=0x00000051e10fe310 is pointing into the stack for thread: 0x000001db5528a000
RBP=0x00000051e10fe460 is pointing into the stack for thread: 0x000001db5528a000
RSI=0x000001db5528a218 is an unknown value
RDI=0x00000000000166a8 is an unknown value
R8 =0x0000000000000001 is an unknown value
R9 =0x8101010101010100 is an unknown value
R10=0x78f0fef8fcfefef8 is an unknown value
R11=0x0000000088e21c30 is pointing into object: 0x0000000088e21c20
[B 
{0x0000000088e21c20} - klass: {type array byte}
 - length: 47
R12=0x00000051e10fe6a0 is pointing into the stack for thread: 0x000001db5528a000
R13=0x0000000000000000 is an unknown value
R14=0x00000051e10fe698 is pointing into the stack for thread: 0x000001db5528a000
R15=0x0000000000000000 is an unknown value


Registers:
RAX=0x0000000000000000, RBX=0x000001db5528a000, RCX=0x0000000000000a00, RDX=0x00000000000166a8
RSP=0x00000051e10fe310, RBP=0x00000051e10fe460, RSI=0x000001db5528a218, RDI=0x00000000000166a8
R8 =0x0000000000000001, R9 =0x8101010101010100, R10=0x78f0fef8fcfefef8, R11=0x0000000088e21c30
R12=0x00000051e10fe6a0, R13=0x0000000000000000, R14=0x00000051e10fe698, R15=0x0000000000000000
RIP=0x00000000619afb2e, EFLAGS=0x0000000000010246

Top of Stack: (sp=0x00000051e10fe310)
0x00000051e10fe310:   0000000000000000 000001db5528a000
0x00000051e10fe320:   00007ff823c8d110 0000000000000000
0x00000051e10fe330:   000001db5528a000 0000000000000000
0x00000051e10fe340:   0000000000000000 0000000000000000
0x00000051e10fe350:   000001db74acbe40 00007ff823c66777
0x00000051e10fe360:   000001db5528a218 00000051e10fe460
0x00000051e10fe370:   00000000000166a8 000001db5d7375f7
0x00000051e10fe380:   000001db5d737900 0000000000000000
0x00000051e10fe390:   0000000000000000 0000000000000000
0x00000051e10fe3a0:   000001db5d737500 000001db01000000
0x00000051e10fe3b0:   00000051e10fe310 0000000000000000
0x00000051e10fe3c0:   0000000000000000 0000000000000000
0x00000051e10fe3d0:   0000000000000000 0000000000000000
0x00000051e10fe3e0:   0000000000000000 0000000000000000
0x00000051e10fe3f0:   00000051e10fe668 0000000000000000
0x00000051e10fe400:   00000051e10fe680 00000051e10fe678 

Instructions: (pc=0x00000000619afb2e)
0x00000000619afb0e:   00 00 00 00 74 0a 48 8d 4c 24 20 e8 e2 91 22 00
0x00000000619afb1e:   40 f6 c7 01 74 0a 48 8b cf e8 b4 33 02 00 eb 03
0x00000000619afb2e:   48 8b 07 80 3d dd 7e 5c 00 00 74 15 8b 50 08 8b
0x00000000619afb3e:   0d 85 b6 57 00 48 d3 e2 48 03 15 73 b6 57 00 eb 



---------------  P R O C E S S  ---------------

Java Threads: ( => current thread )
  0x000001db74dd2800 JavaThread "Service Thread" daemon [_thread_blocked, id=3528, stack(0x00000051e2700000,0x00000051e2800000)]
  0x000001db74bbe800 JavaThread "Common-Cleaner" daemon [_thread_blocked, id=1088, stack(0x00000051e2600000,0x00000051e2700000)]
  0x000001db74b78000 JavaThread "Sweeper thread" daemon [_thread_blocked, id=3216, stack(0x00000051e2500000,0x00000051e2600000)]
  0x000001db74b53000 JavaThread "C1 CompilerThread2" daemon [_thread_blocked, id=9736, stack(0x00000051e2400000,0x00000051e2500000)]
  0x000001db74b46800 JavaThread "C2 CompilerThread1" daemon [_thread_blocked, id=9996, stack(0x00000051e2300000,0x00000051e2400000)]
  0x000001db74aeb000 JavaThread "C2 CompilerThread0" daemon [_thread_blocked, id=5032, stack(0x00000051e2200000,0x00000051e2300000)]
  0x000001db74aea000 JavaThread "Attach Listener" daemon [_thread_blocked, id=8892, stack(0x00000051e2100000,0x00000051e2200000)]
  0x000001db74ae9000 JavaThread "Signal Dispatcher" daemon [_thread_blocked, id=424, stack(0x00000051e2000000,0x00000051e2100000)]
  0x000001db74add800 JavaThread "Finalizer" daemon [_thread_blocked, id=4596, stack(0x00000051e1e00000,0x00000051e1f00000)]
  0x000001db74acf800 JavaThread "Reference Handler" daemon [_thread_blocked, id=4612, stack(0x00000051e1d00000,0x00000051e1e00000)]
=>0x000001db5528a000 JavaThread "main" [_thread_in_vm, id=5000, stack(0x00000051e1000000,0x00000051e1100000)]

Other Threads:
  0x000001db74aa3000 VMThread "VM Thread" [stack: 0x00000051e1c00000,0x00000051e1d00000] [id=2624]
  0x000001db74dd9800 WatcherThread [stack: 0x00000051e2800000,0x00000051e2900000] [id=4700]
  0x000001db552a2000 GCTaskThread "GC Thread#0" [stack: 0x00000051e1100000,0x00000051e1200000] [id=9184]
  0x000001db552a3800 GCTaskThread "GC Thread#1" [stack: 0x00000051e1200000,0x00000051e1300000] [id=5872]
  0x000001db552a5000 GCTaskThread "GC Thread#2" [stack: 0x00000051e1300000,0x00000051e1400000] [id=3668]
  0x000001db552a8800 GCTaskThread "GC Thread#3" [stack: 0x00000051e1400000,0x00000051e1500000] [id=3764]
  0x000001db5531f000 ConcurrentGCThread "G1 Main Marker" [stack: 0x00000051e1a00000,0x00000051e1b00000] [id=6436]
  0x000001db55321800 ConcurrentGCThread "G1 Marker#0" [stack: 0x00000051e1b00000,0x00000051e1c00000] [id=8384]
  0x000001db552b3000 ConcurrentGCThread "G1 Refine#0" [stack: 0x00000051e1800000,0x00000051e1900000] [id=7712]
  0x000001db552b1000 ConcurrentGCThread "G1 Refine#1" [stack: 0x00000051e1700000,0x00000051e1800000] [id=5008]
  0x000001db552ae800 ConcurrentGCThread "G1 Refine#2" [stack: 0x00000051e1600000,0x00000051e1700000] [id=4732]
  0x000001db552aa800 ConcurrentGCThread "G1 Refine#3" [stack: 0x00000051e1500000,0x00000051e1600000] [id=7328]
  0x000001db552b5000 ConcurrentGCThread "G1 Young RemSet Sampling" [stack: 0x00000051e1900000,0x00000051e1a00000] [id=10108]

Threads with active compile tasks:

VM state:not at safepoint (normal execution)

VM Mutex/Monitor currently owned by a thread: None

Heap address: 0x0000000081800000, size: 2024 MB, Compressed Oops mode: 32-bit
Narrow klass base: 0x0000000000000000, Narrow klass shift: 3
Compressed class space size: 1073741824 Address: 0x0000000100000000

Heap:
 garbage-first heap   total 131072K, used 9216K [0x0000000081800000, 0x0000000081900400, 0x0000000100000000)
  region size 1024K, 10 young (10240K), 0 survivors (0K)
 Metaspace       used 10958K, capacity 11254K, committed 11264K, reserved 1058816K
  class space    used 1170K, capacity 1273K, committed 1280K, reserved 1048576K
Heap Regions: E=young(eden), S=young(survivor), O=old, HS=humongous(starts), HC=humongous(continues), CS=collection set, F=free, A=archive, TS=gc time stamp, AC=allocation context, TAMS=top-at-mark-start (previous, next)
|   0|0x0000000081800000, 0x0000000081800000, 0x0000000081900000|  0%| F|  |TS  0|AC  0|TAMS 0x0000000081800000, 0x0000000081800000|
|   1|0x0000000081900000, 0x0000000081900000, 0x0000000081a00000|  0%| F|  |TS  0|AC  0|TAMS 0x0000000081900000, 0x0000000081900000|
|   2|0x0000000081a00000, 0x0000000081a00000, 0x0000000081b00000|  0%| F|  |TS  0|AC  0|TAMS 0x0000000081a00000, 0x0000000081a00000|
|   3|0x0000000081b00000, 0x0000000081b00000, 0x0000000081c00000|  0%| F|  |TS  0|AC  0|TAMS 0x0000000081b00000, 0x0000000081b00000|
|   4|0x0000000081c00000, 0x0000000081c00000, 0x0000000081d00000|  0%| F|  |TS  0|AC  0|TAMS 0x0000000081c00000, 0x0000000081c00000|
|   5|0x0000000081d00000, 0x0000000081d00000, 0x0000000081e00000|  0%| F|  |TS  0|AC  0|TAMS 0x0000000081d00000, 0x0000000081d00000|
|   6|0x0000000081e00000, 0x0000000081e00000, 0x0000000081f00000|  0%| F|  |TS  0|AC  0|TAMS 0x0000000081e00000, 0x0000000081e00000|
|   7|0x0000000081f00000, 0x0000000081f00000, 0x0000000082000000|  0%| F|  |TS  0|AC  0|TAMS 0x0000000081f00000, 0x0000000081f00000|
|   8|0x0000000082000000, 0x0000000082000000, 0x0000000082100000|  0%| F|  |TS  0|AC  0|TAMS 0x0000000082000000, 0x0000000082000000|
|   9|0x0000000082100000, 0x0000000082100000, 0x0000000082200000|  0%| F|  |TS  0|AC  0|TAMS 0x0000000082100000, 0x0000000082100000|
|  10|0x0000000082200000, 0x0000000082200000, 0x0000000082300000|  0%| F|  |TS  0|AC  0|TAMS 0x0000000082200000, 0x0000000082200000|
|  11|0x0000000082300000, 0x0000000082300000, 0x0000000082400000|  0%| F|  |TS  0|AC  0|TAMS 0x0000000082300000, 0x0000000082300000|
|  12|0x0000000082400000, 0x0000000082400000, 0x0000000082500000|  0%| F|  |TS  0|AC  0|TAMS 0x0000000082400000, 0x0000000082400000|
|  13|0x0000000082500000, 0x0000000082500000, 0x0000000082600000|  0%| F|  |TS  0|AC  0|TAMS 0x0000000082500000, 0x0000000082500000|
|  14|0x0000000082600000, 0x0000000082600000, 0x0000000082700000|  0%| F|  |TS  0|AC  0|TAMS 0x0000000082600000, 0x0000000082600000|
|  15|0x0000000082700000, 0x0000000082700000, 0x0000000082800000|  0%| F|  |TS  0|AC  0|TAMS 0x0000000082700000, 0x0000000082700000|
|  16|0x0000000082800000, 0x0000000082800000, 0x0000000082900000|  0%| F|  |TS  0|AC  0|TAMS 0x0000000082800000, 0x0000000082800000|
|  17|0x0000000082900000, 0x0000000082900000, 0x0000000082a00000|  0%| F|  |TS  0|AC  0|TAMS 0x0000000082900000, 0x0000000082900000|
|  18|0x0000000082a00000, 0x0000000082a00000, 0x0000000082b00000|  0%| F|  |TS  0|AC  0|TAMS 0x0000000082a00000, 0x0000000082a00000|
|  19|0x0000000082b00000, 0x0000000082b00000, 0x0000000082c00000|  0%| F|  |TS  0|AC  0|TAMS 0x0000000082b00000, 0x0000000082b00000|
|  20|0x0000000082c00000, 0x0000000082c00000, 0x0000000082d00000|  0%| F|  |TS  0|AC  0|TAMS 0x0000000082c00000, 0x0000000082c00000|
|  21|0x0000000082d00000, 0x0000000082d00000, 0x0000000082e00000|  0%| F|  |TS  0|AC  0|TAMS 0x0000000082d00000, 0x0000000082d00000|
|  22|0x0000000082e00000, 0x0000000082e00000, 0x0000000082f00000|  0%| F|  |TS  0|AC  0|TAMS 0x0000000082e00000, 0x0000000082e00000|
|  23|0x0000000082f00000, 0x0000000082f00000, 0x0000000083000000|  0%| F|  |TS  0|AC  0|TAMS 0x0000000082f00000, 0x0000000082f00000|
|  24|0x0000000083000000, 0x0000000083000000, 0x0000000083100000|  0%| F|  |TS  0|AC  0|TAMS 0x0000000083000000, 0x0000000083000000|
|  25|0x0000000083100000, 0x0000000083100000, 0x0000000083200000|  0%| F|  |TS  0|AC  0|TAMS 0x0000000083100000, 0x0000000083100000|
|  26|0x0000000083200000, 0x0000000083200000, 0x0000000083300000|  0%| F|  |TS  0|AC  0|TAMS 0x0000000083200000, 0x0000000083200000|
|  27|0x0000000083300000, 0x0000000083300000, 0x0000000083400000|  0%| F|  |TS  0|AC  0|TAMS 0x0000000083300000, 0x0000000083300000|
|  28|0x0000000083400000, 0x0000000083400000, 0x0000000083500000|  0%| F|  |TS  0|AC  0|TAMS 0x0000000083400000, 0x0000000083400000|
|  29|0x0000000083500000, 0x0000000083500000, 0x0000000083600000|  0%| F|  |TS  0|AC  0|TAMS 0x0000000083500000, 0x0000000083500000|
|  30|0x0000000083600000, 0x0000000083600000, 0x0000000083700000|  0%| F|  |TS  0|AC  0|TAMS 0x0000000083600000, 0x0000000083600000|
|  31|0x0000000083700000, 0x0000000083700000, 0x0000000083800000|  0%| F|  |TS  0|AC  0|TAMS 0x0000000083700000, 0x0000000083700000|
|  32|0x0000000083800000, 0x0000000083800000, 0x0000000083900000|  0%| F|  |TS  0|AC  0|TAMS 0x0000000083800000, 0x0000000083800000|
|  33|0x0000000083900000, 0x0000000083900000, 0x0000000083a00000|  0%| F|  |TS  0|AC  0|TAMS 0x0000000083900000, 0x0000000083900000|
|  34|0x0000000083a00000, 0x0000000083a00000, 0x0000000083b00000|  0%| F|  |TS  0|AC  0|TAMS 0x0000000083a00000, 0x0000000083a00000|
|  35|0x0000000083b00000, 0x0000000083b00000, 0x0000000083c00000|  0%| F|  |TS  0|AC  0|TAMS 0x0000000083b00000, 0x0000000083b00000|
|  36|0x0000000083c00000, 0x0000000083c00000, 0x0000000083d00000|  0%| F|  |TS  0|AC  0|TAMS 0x0000000083c00000, 0x0000000083c00000|
|  37|0x0000000083d00000, 0x0000000083d00000, 0x0000000083e00000|  0%| F|  |TS  0|AC  0|TAMS 0x0000000083d00000, 0x0000000083d00000|
|  38|0x0000000083e00000, 0x0000000083e00000, 0x0000000083f00000|  0%| F|  |TS  0|AC  0|TAMS 0x0000000083e00000, 0x0000000083e00000|
|  39|0x0000000083f00000, 0x0000000083f00000, 0x0000000084000000|  0%| F|  |TS  0|AC  0|TAMS 0x0000000083f00000, 0x0000000083f00000|
|  40|0x0000000084000000, 0x0000000084000000, 0x0000000084100000|  0%| F|  |TS  0|AC  0|TAMS 0x0000000084000000, 0x0000000084000000|
|  41|0x0000000084100000, 0x0000000084100000, 0x0000000084200000|  0%| F|  |TS  0|AC  0|TAMS 0x0000000084100000, 0x0000000084100000|
|  42|0x0000000084200000, 0x0000000084200000, 0x0000000084300000|  0%| F|  |TS  0|AC  0|TAMS 0x0000000084200000, 0x0000000084200000|
|  43|0x0000000084300000, 0x0000000084300000, 0x0000000084400000|  0%| F|  |TS  0|AC  0|TAMS 0x0000000084300000, 0x0000000084300000|
|  44|0x0000000084400000, 0x0000000084400000, 0x0000000084500000|  0%| F|  |TS  0|AC  0|TAMS 0x0000000084400000, 0x0000000084400000|
|  45|0x0000000084500000, 0x0000000084500000, 0x0000000084600000|  0%| F|  |TS  0|AC  0|TAMS 0x0000000084500000, 0x0000000084500000|
|  46|0x0000000084600000, 0x0000000084600000, 0x0000000084700000|  0%| F|  |TS  0|AC  0|TAMS 0x0000000084600000, 0x0000000084600000|
|  47|0x0000000084700000, 0x0000000084700000, 0x0000000084800000|  0%| F|  |TS  0|AC  0|TAMS 0x0000000084700000, 0x0000000084700000|
|  48|0x0000000084800000, 0x0000000084800000, 0x0000000084900000|  0%| F|  |TS  0|AC  0|TAMS 0x0000000084800000, 0x0000000084800000|
|  49|0x0000000084900000, 0x0000000084900000, 0x0000000084a00000|  0%| F|  |TS  0|AC  0|TAMS 0x0000000084900000, 0x0000000084900000|
|  50|0x0000000084a00000, 0x0000000084a00000, 0x0000000084b00000|  0%| F|  |TS  0|AC  0|TAMS 0x0000000084a00000, 0x0000000084a00000|
|  51|0x0000000084b00000, 0x0000000084b00000, 0x0000000084c00000|  0%| F|  |TS  0|AC  0|TAMS 0x0000000084b00000, 0x0000000084b00000|
|  52|0x0000000084c00000, 0x0000000084c00000, 0x0000000084d00000|  0%| F|  |TS  0|AC  0|TAMS 0x0000000084c00000, 0x0000000084c00000|
|  53|0x0000000084d00000, 0x0000000084d00000, 0x0000000084e00000|  0%| F|  |TS  0|AC  0|TAMS 0x0000000084d00000, 0x0000000084d00000|
|  54|0x0000000084e00000, 0x0000000084e00000, 0x0000000084f00000|  0%| F|  |TS  0|AC  0|TAMS 0x0000000084e00000, 0x0000000084e00000|
|  55|0x0000000084f00000, 0x0000000084f00000, 0x0000000085000000|  0%| F|  |TS  0|AC  0|TAMS 0x0000000084f00000, 0x0000000084f00000|
|  56|0x0000000085000000, 0x0000000085000000, 0x0000000085100000|  0%| F|  |TS  0|AC  0|TAMS 0x0000000085000000, 0x0000000085000000|
|  57|0x0000000085100000, 0x0000000085100000, 0x0000000085200000|  0%| F|  |TS  0|AC  0|TAMS 0x0000000085100000, 0x0000000085100000|
|  58|0x0000000085200000, 0x0000000085200000, 0x0000000085300000|  0%| F|  |TS  0|AC  0|TAMS 0x0000000085200000, 0x0000000085200000|
|  59|0x0000000085300000, 0x0000000085300000, 0x0000000085400000|  0%| F|  |TS  0|AC  0|TAMS 0x0000000085300000, 0x0000000085300000|
|  60|0x0000000085400000, 0x0000000085400000, 0x0000000085500000|  0%| F|  |TS  0|AC  0|TAMS 0x0000000085400000, 0x0000000085400000|
|  61|0x0000000085500000, 0x0000000085500000, 0x0000000085600000|  0%| F|  |TS  0|AC  0|TAMS 0x0000000085500000, 0x0000000085500000|
|  62|0x0000000085600000, 0x0000000085600000, 0x0000000085700000|  0%| F|  |TS  0|AC  0|TAMS 0x0000000085600000, 0x0000000085600000|
|  63|0x0000000085700000, 0x0000000085700000, 0x0000000085800000|  0%| F|  |TS  0|AC  0|TAMS 0x0000000085700000, 0x0000000085700000|
|  64|0x0000000085800000, 0x0000000085800000, 0x0000000085900000|  0%| F|  |TS  0|AC  0|TAMS 0x0000000085800000, 0x0000000085800000|
|  65|0x0000000085900000, 0x0000000085900000, 0x0000000085a00000|  0%| F|  |TS  0|AC  0|TAMS 0x0000000085900000, 0x0000000085900000|
|  66|0x0000000085a00000, 0x0000000085a00000, 0x0000000085b00000|  0%| F|  |TS  0|AC  0|TAMS 0x0000000085a00000, 0x0000000085a00000|
|  67|0x0000000085b00000, 0x0000000085b00000, 0x0000000085c00000|  0%| F|  |TS  0|AC  0|TAMS 0x0000000085b00000, 0x0000000085b00000|
|  68|0x0000000085c00000, 0x0000000085c00000, 0x0000000085d00000|  0%| F|  |TS  0|AC  0|TAMS 0x0000000085c00000, 0x0000000085c00000|
|  69|0x0000000085d00000, 0x0000000085d00000, 0x0000000085e00000|  0%| F|  |TS  0|AC  0|TAMS 0x0000000085d00000, 0x0000000085d00000|
|  70|0x0000000085e00000, 0x0000000085e00000, 0x0000000085f00000|  0%| F|  |TS  0|AC  0|TAMS 0x0000000085e00000, 0x0000000085e00000|
|  71|0x0000000085f00000, 0x0000000085f00000, 0x0000000086000000|  0%| F|  |TS  0|AC  0|TAMS 0x0000000085f00000, 0x0000000085f00000|
|  72|0x0000000086000000, 0x0000000086000000, 0x0000000086100000|  0%| F|  |TS  0|AC  0|TAMS 0x0000000086000000, 0x0000000086000000|
|  73|0x0000000086100000, 0x0000000086100000, 0x0000000086200000|  0%| F|  |TS  0|AC  0|TAMS 0x0000000086100000, 0x0000000086100000|
|  74|0x0000000086200000, 0x0000000086200000, 0x0000000086300000|  0%| F|  |TS  0|AC  0|TAMS 0x0000000086200000, 0x0000000086200000|
|  75|0x0000000086300000, 0x0000000086300000, 0x0000000086400000|  0%| F|  |TS  0|AC  0|TAMS 0x0000000086300000, 0x0000000086300000|
|  76|0x0000000086400000, 0x0000000086400000, 0x0000000086500000|  0%| F|  |TS  0|AC  0|TAMS 0x0000000086400000, 0x0000000086400000|
|  77|0x0000000086500000, 0x0000000086500000, 0x0000000086600000|  0%| F|  |TS  0|AC  0|TAMS 0x0000000086500000, 0x0000000086500000|
|  78|0x0000000086600000, 0x0000000086600000, 0x0000000086700000|  0%| F|  |TS  0|AC  0|TAMS 0x0000000086600000, 0x0000000086600000|
|  79|0x0000000086700000, 0x0000000086700000, 0x0000000086800000|  0%| F|  |TS  0|AC  0|TAMS 0x0000000086700000, 0x0000000086700000|
|  80|0x0000000086800000, 0x0000000086800000, 0x0000000086900000|  0%| F|  |TS  0|AC  0|TAMS 0x0000000086800000, 0x0000000086800000|
|  81|0x0000000086900000, 0x0000000086900000, 0x0000000086a00000|  0%| F|  |TS  0|AC  0|TAMS 0x0000000086900000, 0x0000000086900000|
|  82|0x0000000086a00000, 0x0000000086a00000, 0x0000000086b00000|  0%| F|  |TS  0|AC  0|TAMS 0x0000000086a00000, 0x0000000086a00000|
|  83|0x0000000086b00000, 0x0000000086b00000, 0x0000000086c00000|  0%| F|  |TS  0|AC  0|TAMS 0x0000000086b00000, 0x0000000086b00000|
|  84|0x0000000086c00000, 0x0000000086c00000, 0x0000000086d00000|  0%| F|  |TS  0|AC  0|TAMS 0x0000000086c00000, 0x0000000086c00000|
|  85|0x0000000086d00000, 0x0000000086d00000, 0x0000000086e00000|  0%| F|  |TS  0|AC  0|TAMS 0x0000000086d00000, 0x0000000086d00000|
|  86|0x0000000086e00000, 0x0000000086e00000, 0x0000000086f00000|  0%| F|  |TS  0|AC  0|TAMS 0x0000000086e00000, 0x0000000086e00000|
|  87|0x0000000086f00000, 0x0000000086f00000, 0x0000000087000000|  0%| F|  |TS  0|AC  0|TAMS 0x0000000086f00000, 0x0000000086f00000|
|  88|0x0000000087000000, 0x0000000087000000, 0x0000000087100000|  0%| F|  |TS  0|AC  0|TAMS 0x0000000087000000, 0x0000000087000000|
|  89|0x0000000087100000, 0x0000000087100000, 0x0000000087200000|  0%| F|  |TS  0|AC  0|TAMS 0x0000000087100000, 0x0000000087100000|
|  90|0x0000000087200000, 0x0000000087200000, 0x0000000087300000|  0%| F|  |TS  0|AC  0|TAMS 0x0000000087200000, 0x0000000087200000|
|  91|0x0000000087300000, 0x0000000087300000, 0x0000000087400000|  0%| F|  |TS  0|AC  0|TAMS 0x0000000087300000, 0x0000000087300000|
|  92|0x0000000087400000, 0x0000000087400000, 0x0000000087500000|  0%| F|  |TS  0|AC  0|TAMS 0x0000000087400000, 0x0000000087400000|
|  93|0x0000000087500000, 0x0000000087500000, 0x0000000087600000|  0%| F|  |TS  0|AC  0|TAMS 0x0000000087500000, 0x0000000087500000|
|  94|0x0000000087600000, 0x0000000087600000, 0x0000000087700000|  0%| F|  |TS  0|AC  0|TAMS 0x0000000087600000, 0x0000000087600000|
|  95|0x0000000087700000, 0x0000000087700000, 0x0000000087800000|  0%| F|  |TS  0|AC  0|TAMS 0x0000000087700000, 0x0000000087700000|
|  96|0x0000000087800000, 0x0000000087800000, 0x0000000087900000|  0%| F|  |TS  0|AC  0|TAMS 0x0000000087800000, 0x0000000087800000|
|  97|0x0000000087900000, 0x0000000087900000, 0x0000000087a00000|  0%| F|  |TS  0|AC  0|TAMS 0x0000000087900000, 0x0000000087900000|
|  98|0x0000000087a00000, 0x0000000087a00000, 0x0000000087b00000|  0%| F|  |TS  0|AC  0|TAMS 0x0000000087a00000, 0x0000000087a00000|
|  99|0x0000000087b00000, 0x0000000087b00000, 0x0000000087c00000|  0%| F|  |TS  0|AC  0|TAMS 0x0000000087b00000, 0x0000000087b00000|
| 100|0x0000000087c00000, 0x0000000087c00000, 0x0000000087d00000|  0%| F|  |TS  0|AC  0|TAMS 0x0000000087c00000, 0x0000000087c00000|
| 101|0x0000000087d00000, 0x0000000087d00000, 0x0000000087e00000|  0%| F|  |TS  0|AC  0|TAMS 0x0000000087d00000, 0x0000000087d00000|
| 102|0x0000000087e00000, 0x0000000087e00000, 0x0000000087f00000|  0%| F|  |TS  0|AC  0|TAMS 0x0000000087e00000, 0x0000000087e00000|
| 103|0x0000000087f00000, 0x0000000087f00000, 0x0000000088000000|  0%| F|  |TS  0|AC  0|TAMS 0x0000000087f00000, 0x0000000087f00000|
| 104|0x0000000088000000, 0x0000000088000000, 0x0000000088100000|  0%| F|  |TS  0|AC  0|TAMS 0x0000000088000000, 0x0000000088000000|
| 105|0x0000000088100000, 0x0000000088100000, 0x0000000088200000|  0%| F|  |TS  0|AC  0|TAMS 0x0000000088100000, 0x0000000088100000|
| 106|0x0000000088200000, 0x0000000088200000, 0x0000000088300000|  0%| F|  |TS  0|AC  0|TAMS 0x0000000088200000, 0x0000000088200000|
| 107|0x0000000088300000, 0x0000000088300000, 0x0000000088400000|  0%| F|  |TS  0|AC  0|TAMS 0x0000000088300000, 0x0000000088300000|
| 108|0x0000000088400000, 0x0000000088400000, 0x0000000088500000|  0%| F|  |TS  0|AC  0|TAMS 0x0000000088400000, 0x0000000088400000|
| 109|0x0000000088500000, 0x0000000088500000, 0x0000000088600000|  0%| F|  |TS  0|AC  0|TAMS 0x0000000088500000, 0x0000000088500000|
| 110|0x0000000088600000, 0x0000000088600000, 0x0000000088700000|  0%| F|  |TS  0|AC  0|TAMS 0x0000000088600000, 0x0000000088600000|
| 111|0x0000000088700000, 0x0000000088700000, 0x0000000088800000|  0%| F|  |TS  0|AC  0|TAMS 0x0000000088700000, 0x0000000088700000|
| 112|0x0000000088800000, 0x0000000088800000, 0x0000000088900000|  0%| F|  |TS  0|AC  0|TAMS 0x0000000088800000, 0x0000000088800000|
| 113|0x0000000088900000, 0x0000000088900000, 0x0000000088a00000|  0%| F|  |TS  0|AC  0|TAMS 0x0000000088900000, 0x0000000088900000|
| 114|0x0000000088a00000, 0x0000000088a00000, 0x0000000088b00000|  0%| F|  |TS  0|AC  0|TAMS 0x0000000088a00000, 0x0000000088a00000|
| 115|0x0000000088b00000, 0x0000000088b00000, 0x0000000088c00000|  0%| F|  |TS  0|AC  0|TAMS 0x0000000088b00000, 0x0000000088b00000|
| 116|0x0000000088c00000, 0x0000000088c00000, 0x0000000088d00000|  0%| F|  |TS  0|AC  0|TAMS 0x0000000088c00000, 0x0000000088c00000|
| 117|0x0000000088d00000, 0x0000000088d00000, 0x0000000088e00000|  0%| F|  |TS  0|AC  0|TAMS 0x0000000088d00000, 0x0000000088d00000|
| 118|0x0000000088e00000, 0x0000000088e482f8, 0x0000000088f00000| 28%| E|  |TS  0|AC  0|TAMS 0x0000000088e00000, 0x0000000088e00000|
| 119|0x0000000088f00000, 0x0000000089000000, 0x0000000089000000|100%| E|CS|TS  0|AC  0|TAMS 0x0000000088f00000, 0x0000000088f00000|
| 120|0x0000000089000000, 0x0000000089100000, 0x0000000089100000|100%| E|CS|TS  0|AC  0|TAMS 0x0000000089000000, 0x0000000089000000|
| 121|0x0000000089100000, 0x0000000089200000, 0x0000000089200000|100%| E|CS|TS  0|AC  0|TAMS 0x0000000089100000, 0x0000000089100000|
| 122|0x0000000089200000, 0x0000000089300000, 0x0000000089300000|100%| E|CS|TS  0|AC  0|TAMS 0x0000000089200000, 0x0000000089200000|
| 123|0x0000000089300000, 0x0000000089400000, 0x0000000089400000|100%| E|CS|TS  0|AC  0|TAMS 0x0000000089300000, 0x0000000089300000|
| 124|0x0000000089400000, 0x0000000089500000, 0x0000000089500000|100%| E|CS|TS  0|AC  0|TAMS 0x0000000089400000, 0x0000000089400000|
| 125|0x0000000089500000, 0x0000000089600000, 0x0000000089600000|100%| E|CS|TS  0|AC  0|TAMS 0x0000000089500000, 0x0000000089500000|
| 126|0x0000000089600000, 0x0000000089700000, 0x0000000089700000|100%| E|CS|TS  0|AC  0|TAMS 0x0000000089600000, 0x0000000089600000|
| 127|0x0000000089700000, 0x0000000089800000, 0x0000000089800000|100%| E|CS|TS  0|AC  0|TAMS 0x0000000089700000, 0x0000000089700000|

Card table byte_map: [0x000001db6d4f0000,0x000001db6d8f0000] byte_map_base: 0x000001db6d0e4000

Marking Bits (Prev, Next): (CMBitMap*) 0x000001db5531e3a0, (CMBitMap*) 0x000001db5531e3d8
 Prev Bits: [0x000001db6dcf0000, 0x000001db6fc90000)
 Next Bits: [0x000001db6fc90000, 0x000001db71c30000)

Polling page: 0x000001db55390000

CodeHeap 'non-profiled nmethods': size=120064Kb used=266Kb max_used=266Kb free=119797Kb
 bounds [0x000001db65180000, 0x000001db653f0000, 0x000001db6c6c0000]
CodeHeap 'profiled nmethods': size=120000Kb used=1513Kb max_used=1513Kb free=118486Kb
 bounds [0x000001db5dc50000, 0x000001db5dec0000, 0x000001db65180000]
CodeHeap 'non-nmethods': size=5696Kb used=1241Kb max_used=1262Kb free=4454Kb
 bounds [0x000001db5d6c0000, 0x000001db5d930000, 0x000001db5dc50000]
 total_blobs=1480 nmethods=883 adapters=322
 compilation: enabled

Compilation events (10 events):
Event: 0.758 Thread 0x000001db74b53000  881       3       java.lang.invoke.DirectMethodHandle$Holder::invokeStatic (15 bytes)
Event: 0.759 Thread 0x000001db74b53000 nmethod 881 0x000001db5ddc8a10 code [0x000001db5ddc8be0, 0x000001db5ddc90e0]
Event: 0.759 Thread 0x000001db74b53000  880       3       java.lang.String::valueOf (15 bytes)
Event: 0.759 Thread 0x000001db74b53000 nmethod 880 0x000001db5ddc9210 code [0x000001db5ddc93c0, 0x000001db5ddc9630]
Event: 0.759 Thread 0x000001db74b46800  882       4       java.util.concurrent.ConcurrentHashMap::setTabAt (20 bytes)
Event: 0.760 Thread 0x000001db74b46800 nmethod 882 0x000001db651c2710 code [0x000001db651c28a0, 0x000001db651c29d8]
Event: 0.761 Thread 0x000001db74b53000  884       3       java.util.Vector::add (23 bytes)
Event: 0.761 Thread 0x000001db74b53000 nmethod 884 0x000001db5ddc9710 code [0x000001db5ddc9900, 0x000001db5ddc9f20]
Event: 0.761 Thread 0x000001db74b53000  883       3       java.util.Vector::elementData (7 bytes)
Event: 0.761 Thread 0x000001db74b53000 nmethod 883 0x000001db5ddca190 code [0x000001db5ddca340, 0x000001db5ddca4b8]

GC Heap History (0 events):
No events

Deoptimization events (5 events):
Event: 0.478 Thread 0x000001db5528a000 Uncommon trap: reason=unstable_if action=reinterpret pc=0x000001db65199c7c method=java.nio.Buffer.hasRemaining()Z @ 8 c2
Event: 0.542 Thread 0x000001db5528a000 Uncommon trap: reason=unstable_if action=reinterpret pc=0x000001db651a4f90 method=java.util.HashMap.putVal(ILjava/lang/Object;Ljava/lang/Object;ZZ)Ljava/lang/Object; @ 162 c2
Event: 0.703 Thread 0x000001db5528a000 Uncommon trap: reason=unstable_if action=reinterpret pc=0x000001db651b455c method=java.lang.String.equalsIgnoreCase(Ljava/lang/String;)Z @ 10 c2
Event: 0.727 Thread 0x000001db5528a000 Uncommon trap: reason=unstable_if action=reinterpret pc=0x000001db651b55cc method=java.util.regex.Pattern$SliceI.match(Ljava/util/regex/Matcher;ILjava/lang/CharSequence;)Z @ 29 c2
Event: 0.734 Thread 0x000001db5528a000 Uncommon trap: reason=class_check action=maybe_recompile pc=0x000001db651b1f80 method=java.util.HashMap.putVal(ILjava/lang/Object;Ljava/lang/Object;ZZ)Ljava/lang/Object; @ 91 c2

Classes redefined (0 events):
No events

Internal exceptions (10 events):
Event: 0.569 Thread 0x000001db5528a000 Exception <a 'java/lang/NoSuchMethodError'{0x0000000089158070}: java.lang.invoke.DirectMethodHandle$Holder.invokeStatic(Ljava/lang/Object;Ljava/lang/Object;)I> (0x0000000089158070) thrown at [t:/workspace/hotspot/src/share/vm/interpreter/linkResolver.cpp,
Event: 0.569 Thread 0x000001db5528a000 Exception <a 'java/lang/NoSuchMethodError'{0x000000008915b220}: java.lang.invoke.DirectMethodHandle$Holder.invokeStaticInit(Ljava/lang/Object;Ljava/lang/Object;)I> (0x000000008915b220) thrown at [t:/workspace/hotspot/src/share/vm/interpreter/linkResolver.
Event: 0.577 Thread 0x000001db5528a000 Exception <a 'java/lang/NoSuchMethodError'{0x000000008918eb50}: method resolution failed> (0x000000008918eb50) thrown at [t:/workspace/hotspot/src/share/vm/prims/methodHandles.cpp, line 1256]
Event: 0.577 Thread 0x000001db5528a000 Exception <a 'java/lang/NoSuchMethodError'{0x0000000089192180}: java.lang.invoke.DirectMethodHandle$Holder.invokeStaticInit(Ljava/lang/Object;IIII)Ljava/lang/Object;> (0x0000000089192180) thrown at [t:/workspace/hotspot/src/share/vm/interpreter/linkResolv
Event: 0.579 Thread 0x000001db5528a000 Exception <a 'sun/nio/fs/WindowsException'{0x0000000089198230}> (0x0000000089198230) thrown at [t:/workspace/hotspot/src/share/vm/prims/jni.cpp, line 604]
Event: 0.581 Thread 0x000001db5528a000 Exception <a 'java/lang/NoSuchMethodError'{0x000000008919f7d0}: java.lang.Object.lambda$negate$3(I)Z> (0x000000008919f7d0) thrown at [t:/workspace/hotspot/src/share/vm/interpreter/linkResolver.cpp, line 731]
Event: 0.699 Thread 0x000001db5528a000 Exception <a 'java/lang/NoSuchMethodError'{0x0000000088f1a310}: method resolution failed> (0x0000000088f1a310) thrown at [t:/workspace/hotspot/src/share/vm/prims/methodHandles.cpp, line 1256]
Event: 0.699 Thread 0x000001db5528a000 Exception <a 'java/lang/NoSuchMethodError'{0x0000000088f1d9a0}: java.lang.invoke.DirectMethodHandle$Holder.invokeStaticInit(Ljava/lang/Object;Ljava/lang/Object;IIII)Ljava/lang/Object;> (0x0000000088f1d9a0) thrown at [t:/workspace/hotspot/src/share/vm/inte
Event: 0.703 Thread 0x000001db5528a000 Implicit null exception at 0x000001db651b4495 to 0x000001db651b4549
Event: 0.725 Thread 0x000001db5528a000 Exception <a 'java/lang/NoSuchMethodError'{0x0000000088fb7670}: java.lang.Object.lambda$union$2(Ljava/util/regex/Pattern$CharPredicate;I)Z> (0x0000000088fb7670) thrown at [t:/workspace/hotspot/src/share/vm/interpreter/linkResolver.cpp, line 731]

Events (10 events):
Event: 0.756 loading class javax/crypto/MacSpi
Event: 0.756 loading class javax/crypto/MacSpi done
Event: 0.756 loading class com/sun/crypto/provider/HmacCore done
Event: 0.756 loading class com/sun/crypto/provider/HmacSHA1 done
Event: 0.757 loading class java/lang/StrictMath
Event: 0.758 loading class java/lang/StrictMath done
Event: 0.758 loading class com/microsoft/sqlserver/jdbc/AuthenticationJNI
Event: 0.758 loading class com/microsoft/sqlserver/jdbc/AuthenticationJNI done
Event: 0.759 loading class java/lang/ClassLoaderHelper
Event: 0.759 loading class java/lang/ClassLoaderHelper done


Dynamic libraries:
0x00007ff729980000 - 0x00007ff7299be000 	C:\Program Files\Java\jre-9.0.4\bin\javaw.exe
0x00007ff84b180000 - 0x00007ff84b35b000 	C:\Windows\SYSTEM32\ntdll.dll
0x00007ff819930000 - 0x00007ff819964000 	C:\Program Files (x86)\AVG\Antivirus\x64\aswhooka.dll
0x00007ff848c40000 - 0x00007ff848cee000 	C:\Windows\System32\KERNEL32.DLL
0x00007ff847910000 - 0x00007ff847b59000 	C:\Windows\System32\KERNELBASE.dll
0x00007ff8497e0000 - 0x00007ff849881000 	C:\Windows\System32\ADVAPI32.dll
0x00007ff848900000 - 0x00007ff84899d000 	C:\Windows\System32\msvcrt.dll
0x00007ff848ff0000 - 0x00007ff849049000 	C:\Windows\System32\sechost.dll
0x00007ff8486e0000 - 0x00007ff848805000 	C:\Windows\System32\RPCRT4.dll
0x00007ff849bf0000 - 0x00007ff849d3a000 	C:\Windows\System32\USER32.dll
0x00007ff8476a0000 - 0x00007ff8476be000 	C:\Windows\System32\win32u.dll
0x00007ff848810000 - 0x00007ff848837000 	C:\Windows\System32\GDI32.dll
0x00007ff847bd0000 - 0x00007ff847d59000 	C:\Windows\System32\gdi32full.dll
0x00007ff847810000 - 0x00007ff8478aa000 	C:\Windows\System32\msvcp_win.dll
0x00007ff847710000 - 0x00007ff847806000 	C:\Windows\System32\ucrtbase.dll
0x00007ff838560000 - 0x00007ff8387c7000 	C:\Windows\WinSxS\amd64_microsoft.windows.common-controls_6595b64144ccf1df_6.0.15063.0_none_108e4f62dfe5d999\COMCTL32.dll
0x00007ff848cf0000 - 0x00007ff848fe9000 	C:\Windows\System32\combase.dll
0x00007ff847b60000 - 0x00007ff847bca000 	C:\Windows\System32\bcryptPrimitives.dll
0x00007ff837670000 - 0x00007ff83767a000 	C:\Windows\SYSTEM32\VERSION.dll
0x00007ff849a80000 - 0x00007ff849aad000 	C:\Windows\System32\IMM32.DLL
0x00007ff818530000 - 0x00007ff81861f000 	C:\Program Files\Java\jre-9.0.4\bin\msvcr120.dll
0x00007ff81d8f0000 - 0x00007ff81d996000 	C:\Program Files\Java\jre-9.0.4\bin\msvcp120.dll
0x0000000061620000 - 0x0000000062045000 	C:\Program Files\Java\jre-9.0.4\bin\server\jvm.dll
0x00007ff8489a0000 - 0x00007ff8489a8000 	C:\Windows\System32\PSAPI.DLL
0x00007ff835f00000 - 0x00007ff835f09000 	C:\Windows\SYSTEM32\WSOCK32.dll
0x00007ff849ab0000 - 0x00007ff849b1c000 	C:\Windows\System32\WS2_32.dll
0x00007ff83deb0000 - 0x00007ff83ded3000 	C:\Windows\SYSTEM32\WINMM.dll
0x00007ff83de50000 - 0x00007ff83de7b000 	C:\Windows\SYSTEM32\WINMMBASE.dll
0x00007ff8476c0000 - 0x00007ff847709000 	C:\Windows\System32\cfgmgr32.dll
0x00007ff82f810000 - 0x00007ff82f81f000 	C:\Program Files\Java\jre-9.0.4\bin\verify.dll
0x00007ff81d020000 - 0x00007ff81d047000 	C:\Program Files\Java\jre-9.0.4\bin\java.dll
0x00007ff81d000000 - 0x00007ff81d016000 	C:\Program Files\Java\jre-9.0.4\bin\zip.dll
0x00007ff823ab0000 - 0x00007ff823aba000 	C:\Program Files\Java\jre-9.0.4\bin\jimage.dll
0x00007ff849d40000 - 0x00007ff84b177000 	C:\Windows\System32\SHELL32.dll
0x00007ff848840000 - 0x00007ff8488ea000 	C:\Windows\System32\shcore.dll
0x00007ff847d60000 - 0x00007ff848452000 	C:\Windows\System32\windows.storage.dll
0x00007ff8489b0000 - 0x00007ff848a01000 	C:\Windows\System32\shlwapi.dll
0x00007ff847680000 - 0x00007ff847691000 	C:\Windows\System32\kernel.appcore.dll
0x00007ff847630000 - 0x00007ff84767c000 	C:\Windows\System32\powrprof.dll
0x00007ff8475f0000 - 0x00007ff847605000 	C:\Windows\System32\profapi.dll
0x00007ff81c650000 - 0x00007ff81c66a000 	C:\Program Files\Java\jre-9.0.4\bin\net.dll
0x00007ff843320000 - 0x00007ff8433f7000 	C:\Windows\SYSTEM32\WINHTTP.dll
0x00007ff846ea0000 - 0x00007ff846efc000 	C:\Windows\system32\mswsock.dll
0x00007ff81bee0000 - 0x00007ff81bef1000 	C:\Program Files\Java\jre-9.0.4\bin\nio.dll
0x00007ff846c90000 - 0x00007ff846d34000 	C:\Windows\SYSTEM32\DNSAPI.dll
0x00007ff849be0000 - 0x00007ff849be8000 	C:\Windows\System32\NSI.dll
0x00007ff846c40000 - 0x00007ff846c77000 	C:\Windows\SYSTEM32\IPHLPAPI.DLL
0x00007ff8373e0000 - 0x00007ff8373ea000 	C:\Windows\System32\rasadhlp.dll
0x00007ff83f980000 - 0x00007ff83f9eb000 	C:\Windows\System32\fwpuclnt.dll
0x00007ff8474f0000 - 0x00007ff847515000 	C:\Windows\SYSTEM32\bcrypt.dll
0x00007ff845a90000 - 0x00007ff845a9b000 	C:\Program Files\Java\jre-9.0.4\bin\sunmscapi.dll
0x00007ff848510000 - 0x00007ff8486d9000 	C:\Windows\System32\CRYPT32.dll
0x00007ff847610000 - 0x00007ff847621000 	C:\Windows\System32\MSASN1.dll
0x00007ff81f690000 - 0x00007ff81f6b3000 	C:\Program Files\Java\jre-9.0.4\bin\sunec.dll
0x00007ff847040000 - 0x00007ff847057000 	C:\Windows\SYSTEM32\CRYPTSP.dll
0x00007ff846ac0000 - 0x00007ff846af4000 	C:\Windows\system32\rsaenh.dll
0x00007ff8474c0000 - 0x00007ff8474e9000 	C:\Windows\SYSTEM32\USERENV.dll
0x00007ff847060000 - 0x00007ff84706b000 	C:\Windows\SYSTEM32\CRYPTBASE.dll
0x00007ff842690000 - 0x00007ff8426a6000 	C:\Windows\SYSTEM32\dhcpcsvc6.DLL
0x00007ff842860000 - 0x00007ff84287a000 	C:\Windows\SYSTEM32\dhcpcsvc.DLL
0x00007ff823c60000 - 0x00007ff823cab000 	C:\Windows\System32\sqljdbc_auth.dll
0x00007ff849890000 - 0x00007ff8499d3000 	C:\Windows\System32\ole32.dll
0x00007ff837710000 - 0x00007ff83771c000 	C:\Windows\system32\secur32.dll
0x00007ff847520000 - 0x00007ff847550000 	C:\Windows\SYSTEM32\SSPICLI.DLL
0x00007ff846f50000 - 0x00007ff84703d000 	C:\Windows\system32\kerberos.DLL
0x00007ff846e30000 - 0x00007ff846e9a000 	C:\Windows\system32\msv1_0.DLL
0x00007ff846e20000 - 0x00007ff846e2c000 	C:\Windows\SYSTEM32\NtlmShared.dll
0x00007ff846f00000 - 0x00007ff846f14000 	C:\Windows\SYSTEM32\cryptdll.dll
0x00007ff826640000 - 0x00007ff826668000 	C:\Windows\system32\ntdsapi.dll
0x00007ff842650000 - 0x00007ff842666000 	C:\Windows\system32\napinsp.dll
0x00007ff842310000 - 0x00007ff84232a000 	C:\Windows\system32\pnrpnsp.dll
0x00007ff845960000 - 0x00007ff845978000 	C:\Windows\system32\NLAapi.dll
0x00007ff844ec0000 - 0x00007ff844ece000 	C:\Windows\System32\winrnr.dll
0x00007ff841e90000 - 0x00007ff841ea5000 	C:\Windows\System32\wshbth.dll
0x00007ff837230000 - 0x00007ff8373d9000 	C:\Windows\SYSTEM32\dbghelp.dll

VM Arguments:
jvm_args: -Dfile.encoding=UTF-8 
java_command: cmc.data.view.Program
java_class_path (initial): D:\IMIC\IMIC-WORKSPACE\MVC3Layer\CMC_JAVA_JDBC\bin;D:\IMIC\IMIC-WORKSPACE\MVC3Layer\CMC_JAVA_JDBC\libs\sqljdbc4-2.0.jar
Launcher Type: SUN_STANDARD

Logging:
Log output configuration:
#0: stdout all=warning uptime,level,tags
#1: stderr all=off uptime,level,tags

Environment Variables:
PATH=C:\ProgramData\Oracle\Java\javapath;C:\Windows\system32;C:\Windows;C:\Windows\System32\Wbem;C:\Windows\System32\WindowsPowerShell\v1.0\;C:\Program Files (x86)\Microsoft SQL Server\100\Tools\Binn\;C:\Program Files\Microsoft SQL Server\100\Tools\Binn\;C:\Program Files\Microsoft SQL Server\100\DTS\Binn\;C:\Program Files\MySQL\MySQL Utilities 1.6\;C:\Program Files\nodejs\;C:\Program Files (x86)\Yarn\bin;C:\Program Files\Git\cmd;C:\Program Files\Microsoft SQL Server\Client SDK\ODBC\130\Tools\Binn\;C:\Program Files (x86)\Microsoft SQL Server\140\Tools\Binn\;C:\Program Files\Microsoft SQL Server\140\Tools\Binn\;C:\Program Files\Microsoft SQL Server\140\DTS\Binn\;C:\Program Files (x86)\Microsoft SQL Server\Client SDK\ODBC\130\Tools\Binn\;C:\Program Files (x86)\Microsoft SQL Server\140\DTS\Binn\;C:\Program Files (x86)\Microsoft SQL Server\140\Tools\Binn\ManagementStudio\;C:\Users\Admin\AppData\Local\Microsoft\WindowsApps;C:\Users\Admin\AppData\Roaming\npm;C:\Program Files\Microsoft VS Code\bin;C:\Program Files\MongoDB\Server\3.6\bin;C:\Users\Admin\AppData\Local\Yarn\bin;C:\Program Files\Java\jdk-9.0.4\bin;
USERNAME=Admin
OS=Windows_NT
PROCESSOR_IDENTIFIER=Intel64 Family 6 Model 142 Stepping 9, GenuineIntel



---------------  S Y S T E M  ---------------

OS: Windows 10 , 64 bit Build 15063 (10.0.15063.0)

CPU:total 4 (initial active 4) (2 cores per cpu, 2 threads per core) family 6 model 142 stepping 9, cmov, cx8, fxsr, mmx, sse, sse2, sse3, ssse3, sse4.1, sse4.2, popcnt, avx, avx2, aes, clmul, erms, 3dnowpref, lzcnt, ht, tsc, tscinvbit, bmi1, bmi2, adx, fma

Memory: 4k page, physical 8286436k(3574980k free), swap 9597156k(4740284k free)

vm_info: Java HotSpot(TM) 64-Bit Server VM (9.0.4+11) for windows-amd64 JRE (9.0.4+11), built on Dec 20 2017 02:18:54 by "mach5one" with MS VC++ 12.0 (VS2013)

END.
