#
# A fatal error has been detected by the Java Runtime Environment:
#
#  EXCEPTION_ACCESS_VIOLATION (0xc0000005) at pc=0x00000000619afb2e, pid=5676, tid=10108
#
# JRE version: Java(TM) SE Runtime Environment (9.0+11) (build 9.0.4+11)
# Java VM: Java HotSpot(TM) 64-Bit Server VM (9.0.4+11, mixed mode, tiered, compressed oops, g1 gc, windows-amd64)
# Problematic frame:
# V  [jvm.dll+0x38fb2e]
#
# No core dump will be written. Minidumps are not enabled by default on client versions of Windows
#
# If you would like to submit a bug report, please visit:
#   http://bugreport.java.com/bugreport/crash.jsp
#

---------------  S U M M A R Y ------------

Command Line: -Dfile.encoding=UTF-8 cmc.data.view.Program

Host: Intel(R) Core(TM) i5-7200U CPU @ 2.50GHz, 4 cores, 7G,  Windows 10 , 64 bit Build 15063 (10.0.15063.0)
Time: Wed Mar 07 09:27:29 2018 SE Asia Standard Time elapsed time: 0 seconds (0d 0h 0m 0s)

---------------  T H R E A D  ---------------

Current thread (0x0000011228a3a000):  JavaThread "main" [_thread_in_vm, id=10108, stack(0x0000000491900000,0x0000000491a00000)]

Stack: [0x0000000491900000,0x0000000491a00000],  sp=0x00000004919fe790,  free space=1017k
Native frames: (J=compiled Java code, j=interpreted, Vv=VM code, C=native code)
V  [jvm.dll+0x38fb2e]
C  [sqljdbc_auth.dll+0x6777]
C  0x0000011230ef921c

Java frames: (J=compiled Java code, j=interpreted, Vv=VM code)
j  com.microsoft.sqlserver.jdbc.AuthenticationJNI.SNISecGenClientContext([B[I[BI[B[I[ZLjava/lang/String;Ljava/lang/String;Ljava/lang/String;Ljava/util/logging/Logger;)I+0
j  com.microsoft.sqlserver.jdbc.AuthenticationJNI.GenerateClientContext([BI[B[I[Z)I+24
j  com.microsoft.sqlserver.jdbc.SQLServerConnection.SSPIData([B[B[I[ZLcom/microsoft/sqlserver/jdbc/AuthenticationJNI;)V+13
j  com.microsoft.sqlserver.jdbc.SQLServerConnection.sendLogon(Lcom/microsoft/sqlserver/jdbc/SQLServerConnection$LogonCommand;Lcom/microsoft/sqlserver/jdbc/AuthenticationJNI;)V+155
j  com.microsoft.sqlserver.jdbc.SQLServerConnection.logon(Lcom/microsoft/sqlserver/jdbc/SQLServerConnection$LogonCommand;)V+20
j  com.microsoft.sqlserver.jdbc.SQLServerConnection.access$000(Lcom/microsoft/sqlserver/jdbc/SQLServerConnection;Lcom/microsoft/sqlserver/jdbc/SQLServerConnection$LogonCommand;)V+2
j  com.microsoft.sqlserver.jdbc.SQLServerConnection$LogonCommand.doExecute()Z+5
j  com.microsoft.sqlserver.jdbc.TDSCommand.execute(Lcom/microsoft/sqlserver/jdbc/TDSWriter;Lcom/microsoft/sqlserver/jdbc/TDSReader;)Z+30
j  com.microsoft.sqlserver.jdbc.SQLServerConnection.executeCommand(Lcom/microsoft/sqlserver/jdbc/TDSCommand;)Z+45
j  com.microsoft.sqlserver.jdbc.SQLServerConnection.connectHelper(Lcom/microsoft/sqlserver/jdbc/ServerPortPlaceHolder;II)V+284
j  com.microsoft.sqlserver.jdbc.SQLServerConnection.login(Ljava/lang/String;Ljava/lang/String;ILjava/lang/String;Lcom/microsoft/sqlserver/jdbc/FailoverInfo;IJ)V+399
j  com.microsoft.sqlserver.jdbc.SQLServerConnection.connect(Ljava/util/Properties;Lcom/microsoft/sqlserver/jdbc/SQLServerPooledConnection;)Ljava/sql/Connection;+1929
j  com.microsoft.sqlserver.jdbc.SQLServerDriver.connect(Ljava/lang/String;Ljava/util/Properties;)Ljava/sql/Connection;+45
j  java.sql.DriverManager.getConnection(Ljava/lang/String;Ljava/util/Properties;Ljava/lang/Class;)Ljava/sql/Connection;+124 java.sql@9.0.4
j  java.sql.DriverManager.getConnection(Ljava/lang/String;Ljava/lang/String;Ljava/lang/String;)Ljava/sql/Connection;+37 java.sql@9.0.4
j  cmc.data.sqlserver.ConnectDB.Connect()Ljava/sql/Connection;+12
j  cmc.data.dao.StudentDAO.getList(Ljava/lang/String;)Ljava/util/List;+0
j  cmc.data.business.StudentBUS.getAllStudent()Ljava/util/List;+19
j  cmc.data.view.Program.main([Ljava/lang/String;)V+25
v  ~StubRoutines::call_stub

siginfo: EXCEPTION_ACCESS_VIOLATION (0xc0000005), reading address 0x0000000000015a58


Register to memory mapping:

RIP=0x00000000619afb2e jvm.dll
RAX=0x0000000000000000 is an unknown value
RBX=0x0000011228a3a000 is a thread
RCX=0x0000000000000a00 is an unknown value
RDX=0x0000000000015a58 is an unknown value
RSP=0x00000004919fe790 is pointing into the stack for thread: 0x0000011228a3a000
RBP=0x00000004919fe8e0 is pointing into the stack for thread: 0x0000011228a3a000
RSI=0x0000011228a3a218 is an unknown value
RDI=0x0000000000015a58 is an unknown value
R8 =0x0000000000000001 is an unknown value
R9 =0x8101010101010100 is an unknown value
R10=0x78f0fef8fcfefef8 is an unknown value
R11=0x0000000088e22380 is pointing into object: 0x0000000088e22370
[B 
{0x0000000088e22370} - klass: {type array byte}
 - length: 47
R12=0x00000004919feb20 is pointing into the stack for thread: 0x0000011228a3a000
R13=0x0000000000000000 is an unknown value
R14=0x00000004919feb18 is pointing into the stack for thread: 0x0000011228a3a000
R15=0x0000000000000000 is an unknown value


Registers:
RAX=0x0000000000000000, RBX=0x0000011228a3a000, RCX=0x0000000000000a00, RDX=0x0000000000015a58
RSP=0x00000004919fe790, RBP=0x00000004919fe8e0, RSI=0x0000011228a3a218, RDI=0x0000000000015a58
R8 =0x0000000000000001, R9 =0x8101010101010100, R10=0x78f0fef8fcfefef8, R11=0x0000000088e22380
R12=0x00000004919feb20, R13=0x0000000000000000, R14=0x00000004919feb18, R15=0x0000000000000000
RIP=0x00000000619afb2e, EFLAGS=0x0000000000010246

Top of Stack: (sp=0x00000004919fe790)
0x00000004919fe790:   0000000000000000 0000011228a3a000
0x00000004919fe7a0:   00007ff83ee4d110 0000000000000000
0x00000004919fe7b0:   0000011228a3a000 0000000000000000
0x00000004919fe7c0:   0000000000000000 0000000000000000
0x00000004919fe7d0:   0000011228a83120 00007ff83ee26777
0x00000004919fe7e0:   0000011228a3a218 00000004919fe8e0
0x00000004919fe7f0:   0000000000015a58 0000011230f575f7
0x00000004919fe800:   0000011230f57900 0000000000000000
0x00000004919fe810:   0000000000000000 0000000000000000
0x00000004919fe820:   0000011230f57500 0000011201000000
0x00000004919fe830:   00000004919fe790 0000000000000000
0x00000004919fe840:   0000000000000000 0000000000000000
0x00000004919fe850:   0000000000000000 0000000000000000
0x00000004919fe860:   0000000000000000 0000000000000000
0x00000004919fe870:   00000004919feae8 0000000000000000
0x00000004919fe880:   00000004919feb00 00000004919feaf8 

Instructions: (pc=0x00000000619afb2e)
0x00000000619afb0e:   00 00 00 00 74 0a 48 8d 4c 24 20 e8 e2 91 22 00
0x00000000619afb1e:   40 f6 c7 01 74 0a 48 8b cf e8 b4 33 02 00 eb 03
0x00000000619afb2e:   48 8b 07 80 3d dd 7e 5c 00 00 74 15 8b 50 08 8b
0x00000000619afb3e:   0d 85 b6 57 00 48 d3 e2 48 03 15 73 b6 57 00 eb 



---------------  P R O C E S S  ---------------

Java Threads: ( => current thread )
  0x0000011248649000 JavaThread "Service Thread" daemon [_thread_blocked, id=7604, stack(0x0000000493000000,0x0000000493100000)]
  0x000001124841b800 JavaThread "Common-Cleaner" daemon [_thread_blocked, id=6236, stack(0x0000000492f00000,0x0000000493000000)]
  0x000001124838d800 JavaThread "Sweeper thread" daemon [_thread_blocked, id=7584, stack(0x0000000492e00000,0x0000000492f00000)]
  0x0000011248346000 JavaThread "C1 CompilerThread2" daemon [_thread_blocked, id=8188, stack(0x0000000492d00000,0x0000000492e00000)]
  0x0000011248325800 JavaThread "C2 CompilerThread1" daemon [_thread_blocked, id=2036, stack(0x0000000492c00000,0x0000000492d00000)]
  0x000001124831c800 JavaThread "C2 CompilerThread0" daemon [_thread_blocked, id=9056, stack(0x0000000492b00000,0x0000000492c00000)]
  0x000001124830f800 JavaThread "Attach Listener" daemon [_thread_blocked, id=1280, stack(0x0000000492a00000,0x0000000492b00000)]
  0x000001124830e800 JavaThread "Signal Dispatcher" daemon [_thread_blocked, id=4496, stack(0x0000000492900000,0x0000000492a00000)]
  0x0000011248304800 JavaThread "Finalizer" daemon [_thread_blocked, id=812, stack(0x0000000492700000,0x0000000492800000)]
  0x00000112482ed800 JavaThread "Reference Handler" daemon [_thread_blocked, id=7680, stack(0x0000000492600000,0x0000000492700000)]
=>0x0000011228a3a000 JavaThread "main" [_thread_in_vm, id=10108, stack(0x0000000491900000,0x0000000491a00000)]

Other Threads:
  0x00000112482c1800 VMThread "VM Thread" [stack: 0x0000000492500000,0x0000000492600000] [id=1256]
  0x000001124864c000 WatcherThread [stack: 0x0000000493100000,0x0000000493200000] [id=1748]
  0x0000011228a52000 GCTaskThread "GC Thread#0" [stack: 0x0000000491a00000,0x0000000491b00000] [id=5264]
  0x0000011228a53800 GCTaskThread "GC Thread#1" [stack: 0x0000000491b00000,0x0000000491c00000] [id=5772]
  0x0000011228a55000 GCTaskThread "GC Thread#2" [stack: 0x0000000491c00000,0x0000000491d00000] [id=608]
  0x0000011228a58800 GCTaskThread "GC Thread#3" [stack: 0x0000000491d00000,0x0000000491e00000] [id=6780]
  0x0000011228adb000 ConcurrentGCThread "G1 Main Marker" [stack: 0x0000000492300000,0x0000000492400000] [id=9312]
  0x0000011228adc800 ConcurrentGCThread "G1 Marker#0" [stack: 0x0000000492400000,0x0000000492500000] [id=6536]
  0x0000011228a62000 ConcurrentGCThread "G1 Refine#0" [stack: 0x0000000492100000,0x0000000492200000] [id=9176]
  0x0000011228a61000 ConcurrentGCThread "G1 Refine#1" [stack: 0x0000000492000000,0x0000000492100000] [id=7676]
  0x0000011228a5e800 ConcurrentGCThread "G1 Refine#2" [stack: 0x0000000491f00000,0x0000000492000000] [id=5812]
  0x0000011228a5a800 ConcurrentGCThread "G1 Refine#3" [stack: 0x0000000491e00000,0x0000000491f00000] [id=6916]
  0x0000011228a64800 ConcurrentGCThread "G1 Young RemSet Sampling" [stack: 0x0000000492200000,0x0000000492300000] [id=7708]

Threads with active compile tasks:

VM state:not at safepoint (normal execution)

VM Mutex/Monitor currently owned by a thread: None

Heap address: 0x0000000081800000, size: 2024 MB, Compressed Oops mode: 32-bit
Narrow klass base: 0x0000000000000000, Narrow klass shift: 3
Compressed class space size: 1073741824 Address: 0x0000000100000000

Heap:
 garbage-first heap   total 131072K, used 9216K [0x0000000081800000, 0x0000000081900400, 0x0000000100000000)
  region size 1024K, 10 young (10240K), 0 survivors (0K)
 Metaspace       used 10949K, capacity 11254K, committed 11264K, reserved 1058816K
  class space    used 1170K, capacity 1273K, committed 1280K, reserved 1048576K
Heap Regions: E=young(eden), S=young(survivor), O=old, HS=humongous(starts), HC=humongous(continues), CS=collection set, F=free, A=archive, TS=gc time stamp, AC=allocation context, TAMS=top-at-mark-start (previous, next)
|   0|0x0000000081800000, 0x0000000081800000, 0x0000000081900000|  0%| F|  |TS  0|AC  0|TAMS 0x0000000081800000, 0x0000000081800000|
|   1|0x0000000081900000, 0x0000000081900000, 0x0000000081a00000|  0%| F|  |TS  0|AC  0|TAMS 0x0000000081900000, 0x0000000081900000|
|   2|0x0000000081a00000, 0x0000000081a00000, 0x0000000081b00000|  0%| F|  |TS  0|AC  0|TAMS 0x0000000081a00000, 0x0000000081a00000|
|   3|0x0000000081b00000, 0x0000000081b00000, 0x0000000081c00000|  0%| F|  |TS  0|AC  0|TAMS 0x0000000081b00000, 0x0000000081b00000|
|   4|0x0000000081c00000, 0x0000000081c00000, 0x0000000081d00000|  0%| F|  |TS  0|AC  0|TAMS 0x0000000081c00000, 0x0000000081c00000|
|   5|0x0000000081d00000, 0x0000000081d00000, 0x0000000081e00000|  0%| F|  |TS  0|AC  0|TAMS 0x0000000081d00000, 0x0000000081d00000|
|   6|0x0000000081e00000, 0x0000000081e00000, 0x0000000081f00000|  0%| F|  |TS  0|AC  0|TAMS 0x0000000081e00000, 0x0000000081e00000|
|   7|0x0000000081f00000, 0x0000000081f00000, 0x0000000082000000|  0%| F|  |TS  0|AC  0|TAMS 0x0000000081f00000, 0x0000000081f00000|
|   8|0x0000000082000000, 0x0000000082000000, 0x0000000082100000|  0%| F|  |TS  0|AC  0|TAMS 0x0000000082000000, 0x0000000082000000|
|   9|0x0000000082100000, 0x0000000082100000, 0x0000000082200000|  0%| F|  |TS  0|AC  0|TAMS 0x0000000082100000, 0x0000000082100000|
|  10|0x0000000082200000, 0x0000000082200000, 0x0000000082300000|  0%| F|  |TS  0|AC  0|TAMS 0x0000000082200000, 0x0000000082200000|
|  11|0x0000000082300000, 0x0000000082300000, 0x0000000082400000|  0%| F|  |TS  0|AC  0|TAMS 0x0000000082300000, 0x0000000082300000|
|  12|0x0000000082400000, 0x0000000082400000, 0x0000000082500000|  0%| F|  |TS  0|AC  0|TAMS 0x0000000082400000, 0x0000000082400000|
|  13|0x0000000082500000, 0x0000000082500000, 0x0000000082600000|  0%| F|  |TS  0|AC  0|TAMS 0x0000000082500000, 0x0000000082500000|
|  14|0x0000000082600000, 0x0000000082600000, 0x0000000082700000|  0%| F|  |TS  0|AC  0|TAMS 0x0000000082600000, 0x0000000082600000|
|  15|0x0000000082700000, 0x0000000082700000, 0x0000000082800000|  0%| F|  |TS  0|AC  0|TAMS 0x0000000082700000, 0x0000000082700000|
|  16|0x0000000082800000, 0x0000000082800000, 0x0000000082900000|  0%| F|  |TS  0|AC  0|TAMS 0x0000000082800000, 0x0000000082800000|
|  17|0x0000000082900000, 0x0000000082900000, 0x0000000082a00000|  0%| F|  |TS  0|AC  0|TAMS 0x0000000082900000, 0x0000000082900000|
|  18|0x0000000082a00000, 0x0000000082a00000, 0x0000000082b00000|  0%| F|  |TS  0|AC  0|TAMS 0x0000000082a00000, 0x0000000082a00000|
|  19|0x0000000082b00000, 0x0000000082b00000, 0x0000000082c00000|  0%| F|  |TS  0|AC  0|TAMS 0x0000000082b00000, 0x0000000082b00000|
|  20|0x0000000082c00000, 0x0000000082c00000, 0x0000000082d00000|  0%| F|  |TS  0|AC  0|TAMS 0x0000000082c00000, 0x0000000082c00000|
|  21|0x0000000082d00000, 0x0000000082d00000, 0x0000000082e00000|  0%| F|  |TS  0|AC  0|TAMS 0x0000000082d00000, 0x0000000082d00000|
|  22|0x0000000082e00000, 0x0000000082e00000, 0x0000000082f00000|  0%| F|  |TS  0|AC  0|TAMS 0x0000000082e00000, 0x0000000082e00000|
|  23|0x0000000082f00000, 0x0000000082f00000, 0x0000000083000000|  0%| F|  |TS  0|AC  0|TAMS 0x0000000082f00000, 0x0000000082f00000|
|  24|0x0000000083000000, 0x0000000083000000, 0x0000000083100000|  0%| F|  |TS  0|AC  0|TAMS 0x0000000083000000, 0x0000000083000000|
|  25|0x0000000083100000, 0x0000000083100000, 0x0000000083200000|  0%| F|  |TS  0|AC  0|TAMS 0x0000000083100000, 0x0000000083100000|
|  26|0x0000000083200000, 0x0000000083200000, 0x0000000083300000|  0%| F|  |TS  0|AC  0|TAMS 0x0000000083200000, 0x0000000083200000|
|  27|0x0000000083300000, 0x0000000083300000, 0x0000000083400000|  0%| F|  |TS  0|AC  0|TAMS 0x0000000083300000, 0x0000000083300000|
|  28|0x0000000083400000, 0x0000000083400000, 0x0000000083500000|  0%| F|  |TS  0|AC  0|TAMS 0x0000000083400000, 0x0000000083400000|
|  29|0x0000000083500000, 0x0000000083500000, 0x0000000083600000|  0%| F|  |TS  0|AC  0|TAMS 0x0000000083500000, 0x0000000083500000|
|  30|0x0000000083600000, 0x0000000083600000, 0x0000000083700000|  0%| F|  |TS  0|AC  0|TAMS 0x0000000083600000, 0x0000000083600000|
|  31|0x0000000083700000, 0x0000000083700000, 0x0000000083800000|  0%| F|  |TS  0|AC  0|TAMS 0x0000000083700000, 0x0000000083700000|
|  32|0x0000000083800000, 0x0000000083800000, 0x0000000083900000|  0%| F|  |TS  0|AC  0|TAMS 0x0000000083800000, 0x0000000083800000|
|  33|0x0000000083900000, 0x0000000083900000, 0x0000000083a00000|  0%| F|  |TS  0|AC  0|TAMS 0x0000000083900000, 0x0000000083900000|
|  34|0x0000000083a00000, 0x0000000083a00000, 0x0000000083b00000|  0%| F|  |TS  0|AC  0|TAMS 0x0000000083a00000, 0x0000000083a00000|
|  35|0x0000000083b00000, 0x0000000083b00000, 0x0000000083c00000|  0%| F|  |TS  0|AC  0|TAMS 0x0000000083b00000, 0x0000000083b00000|
|  36|0x0000000083c00000, 0x0000000083c00000, 0x0000000083d00000|  0%| F|  |TS  0|AC  0|TAMS 0x0000000083c00000, 0x0000000083c00000|
|  37|0x0000000083d00000, 0x0000000083d00000, 0x0000000083e00000|  0%| F|  |TS  0|AC  0|TAMS 0x0000000083d00000, 0x0000000083d00000|
|  38|0x0000000083e00000, 0x0000000083e00000, 0x0000000083f00000|  0%| F|  |TS  0|AC  0|TAMS 0x0000000083e00000, 0x0000000083e00000|
|  39|0x0000000083f00000, 0x0000000083f00000, 0x0000000084000000|  0%| F|  |TS  0|AC  0|TAMS 0x0000000083f00000, 0x0000000083f00000|
|  40|0x0000000084000000, 0x0000000084000000, 0x0000000084100000|  0%| F|  |TS  0|AC  0|TAMS 0x0000000084000000, 0x0000000084000000|
|  41|0x0000000084100000, 0x0000000084100000, 0x0000000084200000|  0%| F|  |TS  0|AC  0|TAMS 0x0000000084100000, 0x0000000084100000|
|  42|0x0000000084200000, 0x0000000084200000, 0x0000000084300000|  0%| F|  |TS  0|AC  0|TAMS 0x0000000084200000, 0x0000000084200000|
|  43|0x0000000084300000, 0x0000000084300000, 0x0000000084400000|  0%| F|  |TS  0|AC  0|TAMS 0x0000000084300000, 0x0000000084300000|
|  44|0x0000000084400000, 0x0000000084400000, 0x0000000084500000|  0%| F|  |TS  0|AC  0|TAMS 0x0000000084400000, 0x0000000084400000|
|  45|0x0000000084500000, 0x0000000084500000, 0x0000000084600000|  0%| F|  |TS  0|AC  0|TAMS 0x0000000084500000, 0x0000000084500000|
|  46|0x0000000084600000, 0x0000000084600000, 0x0000000084700000|  0%| F|  |TS  0|AC  0|TAMS 0x0000000084600000, 0x0000000084600000|
|  47|0x0000000084700000, 0x0000000084700000, 0x0000000084800000|  0%| F|  |TS  0|AC  0|TAMS 0x0000000084700000, 0x0000000084700000|
|  48|0x0000000084800000, 0x0000000084800000, 0x0000000084900000|  0%| F|  |TS  0|AC  0|TAMS 0x0000000084800000, 0x0000000084800000|
|  49|0x0000000084900000, 0x0000000084900000, 0x0000000084a00000|  0%| F|  |TS  0|AC  0|TAMS 0x0000000084900000, 0x0000000084900000|
|  50|0x0000000084a00000, 0x0000000084a00000, 0x0000000084b00000|  0%| F|  |TS  0|AC  0|TAMS 0x0000000084a00000, 0x0000000084a00000|
|  51|0x0000000084b00000, 0x0000000084b00000, 0x0000000084c00000|  0%| F|  |TS  0|AC  0|TAMS 0x0000000084b00000, 0x0000000084b00000|
|  52|0x0000000084c00000, 0x0000000084c00000, 0x0000000084d00000|  0%| F|  |TS  0|AC  0|TAMS 0x0000000084c00000, 0x0000000084c00000|
|  53|0x0000000084d00000, 0x0000000084d00000, 0x0000000084e00000|  0%| F|  |TS  0|AC  0|TAMS 0x0000000084d00000, 0x0000000084d00000|
|  54|0x0000000084e00000, 0x0000000084e00000, 0x0000000084f00000|  0%| F|  |TS  0|AC  0|TAMS 0x0000000084e00000, 0x0000000084e00000|
|  55|0x0000000084f00000, 0x0000000084f00000, 0x0000000085000000|  0%| F|  |TS  0|AC  0|TAMS 0x0000000084f00000, 0x0000000084f00000|
|  56|0x0000000085000000, 0x0000000085000000, 0x0000000085100000|  0%| F|  |TS  0|AC  0|TAMS 0x0000000085000000, 0x0000000085000000|
|  57|0x0000000085100000, 0x0000000085100000, 0x0000000085200000|  0%| F|  |TS  0|AC  0|TAMS 0x0000000085100000, 0x0000000085100000|
|  58|0x0000000085200000, 0x0000000085200000, 0x0000000085300000|  0%| F|  |TS  0|AC  0|TAMS 0x0000000085200000, 0x0000000085200000|
|  59|0x0000000085300000, 0x0000000085300000, 0x0000000085400000|  0%| F|  |TS  0|AC  0|TAMS 0x0000000085300000, 0x0000000085300000|
|  60|0x0000000085400000, 0x0000000085400000, 0x0000000085500000|  0%| F|  |TS  0|AC  0|TAMS 0x0000000085400000, 0x0000000085400000|
|  61|0x0000000085500000, 0x0000000085500000, 0x0000000085600000|  0%| F|  |TS  0|AC  0|TAMS 0x0000000085500000, 0x0000000085500000|
|  62|0x0000000085600000, 0x0000000085600000, 0x0000000085700000|  0%| F|  |TS  0|AC  0|TAMS 0x0000000085600000, 0x0000000085600000|
|  63|0x0000000085700000, 0x0000000085700000, 0x0000000085800000|  0%| F|  |TS  0|AC  0|TAMS 0x0000000085700000, 0x0000000085700000|
|  64|0x0000000085800000, 0x0000000085800000, 0x0000000085900000|  0%| F|  |TS  0|AC  0|TAMS 0x0000000085800000, 0x0000000085800000|
|  65|0x0000000085900000, 0x0000000085900000, 0x0000000085a00000|  0%| F|  |TS  0|AC  0|TAMS 0x0000000085900000, 0x0000000085900000|
|  66|0x0000000085a00000, 0x0000000085a00000, 0x0000000085b00000|  0%| F|  |TS  0|AC  0|TAMS 0x0000000085a00000, 0x0000000085a00000|
|  67|0x0000000085b00000, 0x0000000085b00000, 0x0000000085c00000|  0%| F|  |TS  0|AC  0|TAMS 0x0000000085b00000, 0x0000000085b00000|
|  68|0x0000000085c00000, 0x0000000085c00000, 0x0000000085d00000|  0%| F|  |TS  0|AC  0|TAMS 0x0000000085c00000, 0x0000000085c00000|
|  69|0x0000000085d00000, 0x0000000085d00000, 0x0000000085e00000|  0%| F|  |TS  0|AC  0|TAMS 0x0000000085d00000, 0x0000000085d00000|
|  70|0x0000000085e00000, 0x0000000085e00000, 0x0000000085f00000|  0%| F|  |TS  0|AC  0|TAMS 0x0000000085e00000, 0x0000000085e00000|
|  71|0x0000000085f00000, 0x0000000085f00000, 0x0000000086000000|  0%| F|  |TS  0|AC  0|TAMS 0x0000000085f00000, 0x0000000085f00000|
|  72|0x0000000086000000, 0x0000000086000000, 0x0000000086100000|  0%| F|  |TS  0|AC  0|TAMS 0x0000000086000000, 0x0000000086000000|
|  73|0x0000000086100000, 0x0000000086100000, 0x0000000086200000|  0%| F|  |TS  0|AC  0|TAMS 0x0000000086100000, 0x0000000086100000|
|  74|0x0000000086200000, 0x0000000086200000, 0x0000000086300000|  0%| F|  |TS  0|AC  0|TAMS 0x0000000086200000, 0x0000000086200000|
|  75|0x0000000086300000, 0x0000000086300000, 0x0000000086400000|  0%| F|  |TS  0|AC  0|TAMS 0x0000000086300000, 0x0000000086300000|
|  76|0x0000000086400000, 0x0000000086400000, 0x0000000086500000|  0%| F|  |TS  0|AC  0|TAMS 0x0000000086400000, 0x0000000086400000|
|  77|0x0000000086500000, 0x0000000086500000, 0x0000000086600000|  0%| F|  |TS  0|AC  0|TAMS 0x0000000086500000, 0x0000000086500000|
|  78|0x0000000086600000, 0x0000000086600000, 0x0000000086700000|  0%| F|  |TS  0|AC  0|TAMS 0x0000000086600000, 0x0000000086600000|
|  79|0x0000000086700000, 0x0000000086700000, 0x0000000086800000|  0%| F|  |TS  0|AC  0|TAMS 0x0000000086700000, 0x0000000086700000|
|  80|0x0000000086800000, 0x0000000086800000, 0x0000000086900000|  0%| F|  |TS  0|AC  0|TAMS 0x0000000086800000, 0x0000000086800000|
|  81|0x0000000086900000, 0x0000000086900000, 0x0000000086a00000|  0%| F|  |TS  0|AC  0|TAMS 0x0000000086900000, 0x0000000086900000|
|  82|0x0000000086a00000, 0x0000000086a00000, 0x0000000086b00000|  0%| F|  |TS  0|AC  0|TAMS 0x0000000086a00000, 0x0000000086a00000|
|  83|0x0000000086b00000, 0x0000000086b00000, 0x0000000086c00000|  0%| F|  |TS  0|AC  0|TAMS 0x0000000086b00000, 0x0000000086b00000|
|  84|0x0000000086c00000, 0x0000000086c00000, 0x0000000086d00000|  0%| F|  |TS  0|AC  0|TAMS 0x0000000086c00000, 0x0000000086c00000|
|  85|0x0000000086d00000, 0x0000000086d00000, 0x0000000086e00000|  0%| F|  |TS  0|AC  0|TAMS 0x0000000086d00000, 0x0000000086d00000|
|  86|0x0000000086e00000, 0x0000000086e00000, 0x0000000086f00000|  0%| F|  |TS  0|AC  0|TAMS 0x0000000086e00000, 0x0000000086e00000|
|  87|0x0000000086f00000, 0x0000000086f00000, 0x0000000087000000|  0%| F|  |TS  0|AC  0|TAMS 0x0000000086f00000, 0x0000000086f00000|
|  88|0x0000000087000000, 0x0000000087000000, 0x0000000087100000|  0%| F|  |TS  0|AC  0|TAMS 0x0000000087000000, 0x0000000087000000|
|  89|0x0000000087100000, 0x0000000087100000, 0x0000000087200000|  0%| F|  |TS  0|AC  0|TAMS 0x0000000087100000, 0x0000000087100000|
|  90|0x0000000087200000, 0x0000000087200000, 0x0000000087300000|  0%| F|  |TS  0|AC  0|TAMS 0x0000000087200000, 0x0000000087200000|
|  91|0x0000000087300000, 0x0000000087300000, 0x0000000087400000|  0%| F|  |TS  0|AC  0|TAMS 0x0000000087300000, 0x0000000087300000|
|  92|0x0000000087400000, 0x0000000087400000, 0x0000000087500000|  0%| F|  |TS  0|AC  0|TAMS 0x0000000087400000, 0x0000000087400000|
|  93|0x0000000087500000, 0x0000000087500000, 0x0000000087600000|  0%| F|  |TS  0|AC  0|TAMS 0x0000000087500000, 0x0000000087500000|
|  94|0x0000000087600000, 0x0000000087600000, 0x0000000087700000|  0%| F|  |TS  0|AC  0|TAMS 0x0000000087600000, 0x0000000087600000|
|  95|0x0000000087700000, 0x0000000087700000, 0x0000000087800000|  0%| F|  |TS  0|AC  0|TAMS 0x0000000087700000, 0x0000000087700000|
|  96|0x0000000087800000, 0x0000000087800000, 0x0000000087900000|  0%| F|  |TS  0|AC  0|TAMS 0x0000000087800000, 0x0000000087800000|
|  97|0x0000000087900000, 0x0000000087900000, 0x0000000087a00000|  0%| F|  |TS  0|AC  0|TAMS 0x0000000087900000, 0x0000000087900000|
|  98|0x0000000087a00000, 0x0000000087a00000, 0x0000000087b00000|  0%| F|  |TS  0|AC  0|TAMS 0x0000000087a00000, 0x0000000087a00000|
|  99|0x0000000087b00000, 0x0000000087b00000, 0x0000000087c00000|  0%| F|  |TS  0|AC  0|TAMS 0x0000000087b00000, 0x0000000087b00000|
| 100|0x0000000087c00000, 0x0000000087c00000, 0x0000000087d00000|  0%| F|  |TS  0|AC  0|TAMS 0x0000000087c00000, 0x0000000087c00000|
| 101|0x0000000087d00000, 0x0000000087d00000, 0x0000000087e00000|  0%| F|  |TS  0|AC  0|TAMS 0x0000000087d00000, 0x0000000087d00000|
| 102|0x0000000087e00000, 0x0000000087e00000, 0x0000000087f00000|  0%| F|  |TS  0|AC  0|TAMS 0x0000000087e00000, 0x0000000087e00000|
| 103|0x0000000087f00000, 0x0000000087f00000, 0x0000000088000000|  0%| F|  |TS  0|AC  0|TAMS 0x0000000087f00000, 0x0000000087f00000|
| 104|0x0000000088000000, 0x0000000088000000, 0x0000000088100000|  0%| F|  |TS  0|AC  0|TAMS 0x0000000088000000, 0x0000000088000000|
| 105|0x0000000088100000, 0x0000000088100000, 0x0000000088200000|  0%| F|  |TS  0|AC  0|TAMS 0x0000000088100000, 0x0000000088100000|
| 106|0x0000000088200000, 0x0000000088200000, 0x0000000088300000|  0%| F|  |TS  0|AC  0|TAMS 0x0000000088200000, 0x0000000088200000|
| 107|0x0000000088300000, 0x0000000088300000, 0x0000000088400000|  0%| F|  |TS  0|AC  0|TAMS 0x0000000088300000, 0x0000000088300000|
| 108|0x0000000088400000, 0x0000000088400000, 0x0000000088500000|  0%| F|  |TS  0|AC  0|TAMS 0x0000000088400000, 0x0000000088400000|
| 109|0x0000000088500000, 0x0000000088500000, 0x0000000088600000|  0%| F|  |TS  0|AC  0|TAMS 0x0000000088500000, 0x0000000088500000|
| 110|0x0000000088600000, 0x0000000088600000, 0x0000000088700000|  0%| F|  |TS  0|AC  0|TAMS 0x0000000088600000, 0x0000000088600000|
| 111|0x0000000088700000, 0x0000000088700000, 0x0000000088800000|  0%| F|  |TS  0|AC  0|TAMS 0x0000000088700000, 0x0000000088700000|
| 112|0x0000000088800000, 0x0000000088800000, 0x0000000088900000|  0%| F|  |TS  0|AC  0|TAMS 0x0000000088800000, 0x0000000088800000|
| 113|0x0000000088900000, 0x0000000088900000, 0x0000000088a00000|  0%| F|  |TS  0|AC  0|TAMS 0x0000000088900000, 0x0000000088900000|
| 114|0x0000000088a00000, 0x0000000088a00000, 0x0000000088b00000|  0%| F|  |TS  0|AC  0|TAMS 0x0000000088a00000, 0x0000000088a00000|
| 115|0x0000000088b00000, 0x0000000088b00000, 0x0000000088c00000|  0%| F|  |TS  0|AC  0|TAMS 0x0000000088b00000, 0x0000000088b00000|
| 116|0x0000000088c00000, 0x0000000088c00000, 0x0000000088d00000|  0%| F|  |TS  0|AC  0|TAMS 0x0000000088c00000, 0x0000000088c00000|
| 117|0x0000000088d00000, 0x0000000088d00000, 0x0000000088e00000|  0%| F|  |TS  0|AC  0|TAMS 0x0000000088d00000, 0x0000000088d00000|
| 118|0x0000000088e00000, 0x0000000088e482f8, 0x0000000088f00000| 28%| E|  |TS  0|AC  0|TAMS 0x0000000088e00000, 0x0000000088e00000|
| 119|0x0000000088f00000, 0x0000000089000000, 0x0000000089000000|100%| E|CS|TS  0|AC  0|TAMS 0x0000000088f00000, 0x0000000088f00000|
| 120|0x0000000089000000, 0x0000000089100000, 0x0000000089100000|100%| E|CS|TS  0|AC  0|TAMS 0x0000000089000000, 0x0000000089000000|
| 121|0x0000000089100000, 0x0000000089200000, 0x0000000089200000|100%| E|CS|TS  0|AC  0|TAMS 0x0000000089100000, 0x0000000089100000|
| 122|0x0000000089200000, 0x0000000089300000, 0x0000000089300000|100%| E|CS|TS  0|AC  0|TAMS 0x0000000089200000, 0x0000000089200000|
| 123|0x0000000089300000, 0x0000000089400000, 0x0000000089400000|100%| E|CS|TS  0|AC  0|TAMS 0x0000000089300000, 0x0000000089300000|
| 124|0x0000000089400000, 0x0000000089500000, 0x0000000089500000|100%| E|CS|TS  0|AC  0|TAMS 0x0000000089400000, 0x0000000089400000|
| 125|0x0000000089500000, 0x0000000089600000, 0x0000000089600000|100%| E|CS|TS  0|AC  0|TAMS 0x0000000089500000, 0x0000000089500000|
| 126|0x0000000089600000, 0x0000000089700000, 0x0000000089700000|100%| E|CS|TS  0|AC  0|TAMS 0x0000000089600000, 0x0000000089600000|
| 127|0x0000000089700000, 0x0000000089800000, 0x0000000089800000|100%| E|CS|TS  0|AC  0|TAMS 0x0000000089700000, 0x0000000089700000|

Card table byte_map: [0x0000011240d10000,0x0000011241110000] byte_map_base: 0x0000011240904000

Marking Bits (Prev, Next): (CMBitMap*) 0x0000011228ada4d0, (CMBitMap*) 0x0000011228ada508
 Prev Bits: [0x0000011241510000, 0x00000112434b0000)
 Next Bits: [0x00000112434b0000, 0x0000011245450000)

Polling page: 0x00000112289e0000

CodeHeap 'non-profiled nmethods': size=120064Kb used=266Kb max_used=266Kb free=119797Kb
 bounds [0x00000112389a0000, 0x0000011238c10000, 0x000001123fee0000]
CodeHeap 'profiled nmethods': size=120000Kb used=1477Kb max_used=1477Kb free=118523Kb
 bounds [0x0000011231470000, 0x00000112316e0000, 0x00000112389a0000]
CodeHeap 'non-nmethods': size=5696Kb used=1242Kb max_used=1263Kb free=4453Kb
 bounds [0x0000011230ee0000, 0x0000011231150000, 0x0000011231470000]
 total_blobs=1460 nmethods=867 adapters=322
 compilation: enabled

Compilation events (10 events):
Event: 0.600 Thread 0x0000011248346000  864       1       java.util.logging.LogManager$LoggerContext::getOwner (5 bytes)
Event: 0.601 Thread 0x0000011248346000 nmethod 864 0x00000112389e2510 code [0x00000112389e26c0, 0x00000112389e27d8]
Event: 0.601 Thread 0x0000011248346000  865       3       java.lang.invoke.DirectMethodHandle$Holder::invokeStatic (15 bytes)
Event: 0.601 Thread 0x0000011248346000 nmethod 865 0x00000112315df510 code [0x00000112315df6e0, 0x00000112315dfbe0]
Event: 0.601 Thread 0x0000011248346000  866       3       java.lang.invoke.DirectMethodHandle$Holder::invokeStatic (20 bytes)
Event: 0.601 Thread 0x0000011248346000 nmethod 866 0x00000112315dfd10 code [0x00000112315dfee0, 0x00000112315e0420]
Event: 0.603 Thread 0x0000011248346000  868       3       java.util.Vector::add (23 bytes)
Event: 0.604 Thread 0x0000011248346000 nmethod 868 0x00000112315e0590 code [0x00000112315e0780, 0x00000112315e0da0]
Event: 0.604 Thread 0x0000011248346000  867       3       java.util.Vector::elementData (7 bytes)
Event: 0.604 Thread 0x0000011248346000 nmethod 867 0x00000112315e1010 code [0x00000112315e11c0, 0x00000112315e1338]

GC Heap History (0 events):
No events

Deoptimization events (8 events):
Event: 0.339 Thread 0x0000011228a3a000 Uncommon trap: reason=unstable_if action=reinterpret pc=0x00000112389ba5fc method=java.nio.Buffer.hasRemaining()Z @ 8 c2
Event: 0.387 Thread 0x0000011228a3a000 Uncommon trap: reason=unstable_if action=reinterpret pc=0x00000112389c5c10 method=java.util.HashMap.putVal(ILjava/lang/Object;Ljava/lang/Object;ZZ)Ljava/lang/Object; @ 162 c2
Event: 0.541 Thread 0x0000011228a3a000 Uncommon trap: reason=unstable_if action=reinterpret pc=0x00000112389d6ba4 method=java.lang.String.equalsIgnoreCase(Ljava/lang/String;)Z @ 10 c2
Event: 0.571 Thread 0x0000011228a3a000 Uncommon trap: reason=class_check action=maybe_recompile pc=0x00000112389e024c method=java.util.regex.Pattern$SliceI.match(Ljava/util/regex/Matcher;ILjava/lang/CharSequence;)Z @ 92 c2
Event: 0.571 Thread 0x0000011228a3a000 Uncommon trap: reason=class_check action=maybe_recompile pc=0x00000112389e024c method=java.util.regex.Pattern$SliceI.match(Ljava/util/regex/Matcher;ILjava/lang/CharSequence;)Z @ 92 c2
Event: 0.571 Thread 0x0000011228a3a000 Uncommon trap: reason=class_check action=maybe_recompile pc=0x00000112389e024c method=java.util.regex.Pattern$SliceI.match(Ljava/util/regex/Matcher;ILjava/lang/CharSequence;)Z @ 92 c2
Event: 0.571 Thread 0x0000011228a3a000 Uncommon trap: reason=class_check action=maybe_recompile pc=0x00000112389e024c method=java.util.regex.Pattern$SliceI.match(Ljava/util/regex/Matcher;ILjava/lang/CharSequence;)Z @ 92 c2
Event: 0.574 Thread 0x0000011228a3a000 Uncommon trap: reason=class_check action=maybe_recompile pc=0x00000112389d1c00 method=java.util.HashMap.putVal(ILjava/lang/Object;Ljava/lang/Object;ZZ)Ljava/lang/Object; @ 91 c2

Classes redefined (0 events):
No events

Internal exceptions (10 events):
Event: 0.412 Thread 0x0000011228a3a000 Exception <a 'java/lang/NoSuchMethodError'{0x000000008913d0b0}: java.lang.invoke.DirectMethodHandle$Holder.invokeStatic(Ljava/lang/Object;Ljava/lang/Object;)I> (0x000000008913d0b0) thrown at [t:/workspace/hotspot/src/share/vm/interpreter/linkResolver.cpp,
Event: 0.412 Thread 0x0000011228a3a000 Exception <a 'java/lang/NoSuchMethodError'{0x0000000089140260}: java.lang.invoke.DirectMethodHandle$Holder.invokeStaticInit(Ljava/lang/Object;Ljava/lang/Object;)I> (0x0000000089140260) thrown at [t:/workspace/hotspot/src/share/vm/interpreter/linkResolver.
Event: 0.420 Thread 0x0000011228a3a000 Exception <a 'java/lang/NoSuchMethodError'{0x0000000089173ca8}: method resolution failed> (0x0000000089173ca8) thrown at [t:/workspace/hotspot/src/share/vm/prims/methodHandles.cpp, line 1256]
Event: 0.420 Thread 0x0000011228a3a000 Exception <a 'java/lang/NoSuchMethodError'{0x0000000089177088}: java.lang.invoke.DirectMethodHandle$Holder.invokeStaticInit(Ljava/lang/Object;IIII)Ljava/lang/Object;> (0x0000000089177088) thrown at [t:/workspace/hotspot/src/share/vm/interpreter/linkResolv
Event: 0.421 Thread 0x0000011228a3a000 Exception <a 'sun/nio/fs/WindowsException'{0x000000008917d138}> (0x000000008917d138) thrown at [t:/workspace/hotspot/src/share/vm/prims/jni.cpp, line 604]
Event: 0.423 Thread 0x0000011228a3a000 Exception <a 'java/lang/NoSuchMethodError'{0x00000000891846d8}: java.lang.Object.lambda$negate$3(I)Z> (0x00000000891846d8) thrown at [t:/workspace/hotspot/src/share/vm/interpreter/linkResolver.cpp, line 731]
Event: 0.537 Thread 0x0000011228a3a000 Exception <a 'java/lang/NoSuchMethodError'{0x0000000088f28ac8}: method resolution failed> (0x0000000088f28ac8) thrown at [t:/workspace/hotspot/src/share/vm/prims/methodHandles.cpp, line 1256]
Event: 0.537 Thread 0x0000011228a3a000 Exception <a 'java/lang/NoSuchMethodError'{0x0000000088f2c158}: java.lang.invoke.DirectMethodHandle$Holder.invokeStaticInit(Ljava/lang/Object;Ljava/lang/Object;IIII)Ljava/lang/Object;> (0x0000000088f2c158) thrown at [t:/workspace/hotspot/src/share/vm/inte
Event: 0.541 Thread 0x0000011228a3a000 Implicit null exception at 0x00000112389d667b to 0x00000112389d6b91
Event: 0.562 Thread 0x0000011228a3a000 Exception <a 'java/lang/NoSuchMethodError'{0x0000000088fb7d60}: java.lang.Object.lambda$union$2(Ljava/util/regex/Pattern$CharPredicate;I)Z> (0x0000000088fb7d60) thrown at [t:/workspace/hotspot/src/share/vm/interpreter/linkResolver.cpp, line 731]

Events (10 events):
Event: 0.598 loading class javax/crypto/MacSpi
Event: 0.598 loading class javax/crypto/MacSpi done
Event: 0.598 loading class com/sun/crypto/provider/HmacCore done
Event: 0.598 loading class com/sun/crypto/provider/HmacSHA1 done
Event: 0.599 loading class java/lang/StrictMath
Event: 0.600 loading class java/lang/StrictMath done
Event: 0.601 loading class com/microsoft/sqlserver/jdbc/AuthenticationJNI
Event: 0.601 loading class com/microsoft/sqlserver/jdbc/AuthenticationJNI done
Event: 0.602 loading class java/lang/ClassLoaderHelper
Event: 0.602 loading class java/lang/ClassLoaderHelper done


Dynamic libraries:
0x00007ff729980000 - 0x00007ff7299be000 	C:\Program Files\Java\jre-9.0.4\bin\javaw.exe
0x00007ff84b180000 - 0x00007ff84b35b000 	C:\Windows\SYSTEM32\ntdll.dll
0x00007ff819930000 - 0x00007ff819964000 	C:\Program Files (x86)\AVG\Antivirus\x64\aswhooka.dll
0x00007ff848c40000 - 0x00007ff848cee000 	C:\Windows\System32\KERNEL32.DLL
0x00007ff847910000 - 0x00007ff847b59000 	C:\Windows\System32\KERNELBASE.dll
0x00007ff8497e0000 - 0x00007ff849881000 	C:\Windows\System32\ADVAPI32.dll
0x00007ff848900000 - 0x00007ff84899d000 	C:\Windows\System32\msvcrt.dll
0x00007ff848ff0000 - 0x00007ff849049000 	C:\Windows\System32\sechost.dll
0x00007ff8486e0000 - 0x00007ff848805000 	C:\Windows\System32\RPCRT4.dll
0x00007ff849bf0000 - 0x00007ff849d3a000 	C:\Windows\System32\USER32.dll
0x00007ff8476a0000 - 0x00007ff8476be000 	C:\Windows\System32\win32u.dll
0x00007ff848810000 - 0x00007ff848837000 	C:\Windows\System32\GDI32.dll
0x00007ff847bd0000 - 0x00007ff847d59000 	C:\Windows\System32\gdi32full.dll
0x00007ff847810000 - 0x00007ff8478aa000 	C:\Windows\System32\msvcp_win.dll
0x00007ff847710000 - 0x00007ff847806000 	C:\Windows\System32\ucrtbase.dll
0x00007ff838560000 - 0x00007ff8387c7000 	C:\Windows\WinSxS\amd64_microsoft.windows.common-controls_6595b64144ccf1df_6.0.15063.0_none_108e4f62dfe5d999\COMCTL32.dll
0x00007ff848cf0000 - 0x00007ff848fe9000 	C:\Windows\System32\combase.dll
0x00007ff847b60000 - 0x00007ff847bca000 	C:\Windows\System32\bcryptPrimitives.dll
0x00007ff837670000 - 0x00007ff83767a000 	C:\Windows\SYSTEM32\VERSION.dll
0x00007ff849a80000 - 0x00007ff849aad000 	C:\Windows\System32\IMM32.DLL
0x00007ff818530000 - 0x00007ff81861f000 	C:\Program Files\Java\jre-9.0.4\bin\msvcr120.dll
0x00007ff81d8f0000 - 0x00007ff81d996000 	C:\Program Files\Java\jre-9.0.4\bin\msvcp120.dll
0x0000000061620000 - 0x0000000062045000 	C:\Program Files\Java\jre-9.0.4\bin\server\jvm.dll
0x00007ff8489a0000 - 0x00007ff8489a8000 	C:\Windows\System32\PSAPI.DLL
0x00007ff835f00000 - 0x00007ff835f09000 	C:\Windows\SYSTEM32\WSOCK32.dll
0x00007ff849ab0000 - 0x00007ff849b1c000 	C:\Windows\System32\WS2_32.dll
0x00007ff83deb0000 - 0x00007ff83ded3000 	C:\Windows\SYSTEM32\WINMM.dll
0x00007ff83de50000 - 0x00007ff83de7b000 	C:\Windows\SYSTEM32\WINMMBASE.dll
0x00007ff8476c0000 - 0x00007ff847709000 	C:\Windows\System32\cfgmgr32.dll
0x00007ff82f810000 - 0x00007ff82f81f000 	C:\Program Files\Java\jre-9.0.4\bin\verify.dll
0x00007ff81d020000 - 0x00007ff81d047000 	C:\Program Files\Java\jre-9.0.4\bin\java.dll
0x00007ff81d000000 - 0x00007ff81d016000 	C:\Program Files\Java\jre-9.0.4\bin\zip.dll
0x00007ff823ab0000 - 0x00007ff823aba000 	C:\Program Files\Java\jre-9.0.4\bin\jimage.dll
0x00007ff849d40000 - 0x00007ff84b177000 	C:\Windows\System32\SHELL32.dll
0x00007ff848840000 - 0x00007ff8488ea000 	C:\Windows\System32\shcore.dll
0x00007ff847d60000 - 0x00007ff848452000 	C:\Windows\System32\windows.storage.dll
0x00007ff8489b0000 - 0x00007ff848a01000 	C:\Windows\System32\shlwapi.dll
0x00007ff847680000 - 0x00007ff847691000 	C:\Windows\System32\kernel.appcore.dll
0x00007ff847630000 - 0x00007ff84767c000 	C:\Windows\System32\powrprof.dll
0x00007ff8475f0000 - 0x00007ff847605000 	C:\Windows\System32\profapi.dll
0x00007ff81c650000 - 0x00007ff81c66a000 	C:\Program Files\Java\jre-9.0.4\bin\net.dll
0x00007ff843320000 - 0x00007ff8433f7000 	C:\Windows\SYSTEM32\WINHTTP.dll
0x00007ff846ea0000 - 0x00007ff846efc000 	C:\Windows\system32\mswsock.dll
0x00007ff81bee0000 - 0x00007ff81bef1000 	C:\Program Files\Java\jre-9.0.4\bin\nio.dll
0x00007ff846c90000 - 0x00007ff846d34000 	C:\Windows\SYSTEM32\DNSAPI.dll
0x00007ff849be0000 - 0x00007ff849be8000 	C:\Windows\System32\NSI.dll
0x00007ff846c40000 - 0x00007ff846c77000 	C:\Windows\SYSTEM32\IPHLPAPI.DLL
0x00007ff8373e0000 - 0x00007ff8373ea000 	C:\Windows\System32\rasadhlp.dll
0x00007ff83f980000 - 0x00007ff83f9eb000 	C:\Windows\System32\fwpuclnt.dll
0x00007ff8474f0000 - 0x00007ff847515000 	C:\Windows\SYSTEM32\bcrypt.dll
0x00007ff845a90000 - 0x00007ff845a9b000 	C:\Program Files\Java\jre-9.0.4\bin\sunmscapi.dll
0x00007ff848510000 - 0x00007ff8486d9000 	C:\Windows\System32\CRYPT32.dll
0x00007ff847610000 - 0x00007ff847621000 	C:\Windows\System32\MSASN1.dll
0x00007ff81f690000 - 0x00007ff81f6b3000 	C:\Program Files\Java\jre-9.0.4\bin\sunec.dll
0x00007ff847040000 - 0x00007ff847057000 	C:\Windows\SYSTEM32\CRYPTSP.dll
0x00007ff846ac0000 - 0x00007ff846af4000 	C:\Windows\system32\rsaenh.dll
0x00007ff8474c0000 - 0x00007ff8474e9000 	C:\Windows\SYSTEM32\USERENV.dll
0x00007ff847060000 - 0x00007ff84706b000 	C:\Windows\SYSTEM32\CRYPTBASE.dll
0x00007ff842690000 - 0x00007ff8426a6000 	C:\Windows\SYSTEM32\dhcpcsvc6.DLL
0x00007ff842860000 - 0x00007ff84287a000 	C:\Windows\SYSTEM32\dhcpcsvc.DLL
0x00007ff83ee20000 - 0x00007ff83ee6b000 	C:\Windows\System32\sqljdbc_auth.dll
0x00007ff849890000 - 0x00007ff8499d3000 	C:\Windows\System32\ole32.dll
0x00007ff837710000 - 0x00007ff83771c000 	C:\Windows\system32\secur32.dll
0x00007ff847520000 - 0x00007ff847550000 	C:\Windows\SYSTEM32\SSPICLI.DLL
0x00007ff846f50000 - 0x00007ff84703d000 	C:\Windows\system32\kerberos.DLL
0x00007ff846e30000 - 0x00007ff846e9a000 	C:\Windows\system32\msv1_0.DLL
0x00007ff846e20000 - 0x00007ff846e2c000 	C:\Windows\SYSTEM32\NtlmShared.dll
0x00007ff846f00000 - 0x00007ff846f14000 	C:\Windows\SYSTEM32\cryptdll.dll
0x00007ff826640000 - 0x00007ff826668000 	C:\Windows\system32\ntdsapi.dll
0x00007ff842650000 - 0x00007ff842666000 	C:\Windows\system32\napinsp.dll
0x00007ff842310000 - 0x00007ff84232a000 	C:\Windows\system32\pnrpnsp.dll
0x00007ff845960000 - 0x00007ff845978000 	C:\Windows\system32\NLAapi.dll
0x00007ff844ec0000 - 0x00007ff844ece000 	C:\Windows\System32\winrnr.dll
0x00007ff841e90000 - 0x00007ff841ea5000 	C:\Windows\System32\wshbth.dll
0x00007ff837230000 - 0x00007ff8373d9000 	C:\Windows\SYSTEM32\dbghelp.dll

VM Arguments:
jvm_args: -Dfile.encoding=UTF-8 
java_command: cmc.data.view.Program
java_class_path (initial): D:\IMIC\IMIC-WORKSPACE\MVC3Layer\CMC_JAVA_JDBC\bin;D:\IMIC\IMIC-WORKSPACE\MVC3Layer\CMC_JAVA_JDBC\libs\sqljdbc4-2.0.jar
Launcher Type: SUN_STANDARD

Logging:
Log output configuration:
#0: stdout all=warning uptime,level,tags
#1: stderr all=off uptime,level,tags

Environment Variables:
PATH=C:\ProgramData\Oracle\Java\javapath;C:\Windows\system32;C:\Windows;C:\Windows\System32\Wbem;C:\Windows\System32\WindowsPowerShell\v1.0\;C:\Program Files (x86)\Microsoft SQL Server\100\Tools\Binn\;C:\Program Files\Microsoft SQL Server\100\Tools\Binn\;C:\Program Files\Microsoft SQL Server\100\DTS\Binn\;C:\Program Files\MySQL\MySQL Utilities 1.6\;C:\Program Files\nodejs\;C:\Program Files (x86)\Yarn\bin;C:\Program Files\Git\cmd;C:\Program Files\Microsoft SQL Server\Client SDK\ODBC\130\Tools\Binn\;C:\Program Files (x86)\Microsoft SQL Server\140\Tools\Binn\;C:\Program Files\Microsoft SQL Server\140\Tools\Binn\;C:\Program Files\Microsoft SQL Server\140\DTS\Binn\;C:\Program Files (x86)\Microsoft SQL Server\Client SDK\ODBC\130\Tools\Binn\;C:\Program Files (x86)\Microsoft SQL Server\140\DTS\Binn\;C:\Program Files (x86)\Microsoft SQL Server\140\Tools\Binn\ManagementStudio\;C:\Users\Admin\AppData\Local\Microsoft\WindowsApps;C:\Users\Admin\AppData\Roaming\npm;C:\Program Files\Microsoft VS Code\bin;C:\Program Files\MongoDB\Server\3.6\bin;C:\Users\Admin\AppData\Local\Yarn\bin;C:\Program Files\Java\jdk-9.0.4\bin;
USERNAME=Admin
OS=Windows_NT
PROCESSOR_IDENTIFIER=Intel64 Family 6 Model 142 Stepping 9, GenuineIntel



---------------  S Y S T E M  ---------------

OS: Windows 10 , 64 bit Build 15063 (10.0.15063.0)

CPU:total 4 (initial active 4) (2 cores per cpu, 2 threads per core) family 6 model 142 stepping 9, cmov, cx8, fxsr, mmx, sse, sse2, sse3, ssse3, sse4.1, sse4.2, popcnt, avx, avx2, aes, clmul, erms, 3dnowpref, lzcnt, ht, tsc, tscinvbit, bmi1, bmi2, adx, fma

Memory: 4k page, physical 8286436k(3846180k free), swap 9597156k(5094716k free)

vm_info: Java HotSpot(TM) 64-Bit Server VM (9.0.4+11) for windows-amd64 JRE (9.0.4+11), built on Dec 20 2017 02:18:54 by "mach5one" with MS VC++ 12.0 (VS2013)

END.
